START-OF-LOG: 3.0
LOCATION: GA
CALLSIGN: AA5JF
CLUB:  
CONTEST: NAQP-CW
CATEGORY-OPERATOR: SINGLE-OP
CATEGORY-ASSISTED: ASSISTED
CATEGORY-BAND: ALL
CATEGORY-MODE: CW
CATEGORY-POWER: LOW
CATEGORY-STATION: FIXED
CATEGORY-TRANSMITTER: ONE
CLAIMED-SCORE: 214620
OPERATORS: AA5JF
NAME: Andrew Goss
ADDRESS: 1437 Heath St
ADDRESS-CITY: Augusta
ADDRESS-STATE-PROVINCE: GA
ADDRESS-POSTALCODE: 30904
ADDRESS-COUNTRY: UNITED STATES
GRID-LOCATOR: EM83XL
EMAIL:  
CREATED-BY: N1MM Logger+ 1.0.10579.0
QSO:   21036 CW 2025-01-11 1801 AA5JF           ANDY       GA  N5UM            AL         OK  
QSO:   14045 CW 2025-01-11 1802 AA5JF           ANDY       GA  NO8C            MIKE       OH  
QSO:   21035 CW 2025-01-11 1803 AA5JF           ANDY       GA  ZF5T            STAN       ZF  
QSO:   14045 CW 2025-01-11 1804 AA5JF           ANDY       GA  VE3GFN          MIKE       ON  
QSO:   21034 CW 2025-01-11 1804 AA5JF           ANDY       GA  NS0R            MO         KS  
QSO:   14045 CW 2025-01-11 1805 AA5JF           ANDY       GA  NR3Z            MARTY      PA  
QSO:   21034 CW 2025-01-11 1806 AA5JF           ANDY       GA  WP3Z            JOE        KP4 
QSO:   21033 CW 2025-01-11 1807 AA5JF           ANDY       GA  W7RN            TOM        NV  
QSO:   21033 CW 2025-01-11 1807 AA5JF           ANDY       GA  N7NM            DOUG       WA  
QSO:   14045 CW 2025-01-11 1808 AA5JF           ANDY       GA  K3AJ            TOM        MD  
QSO:   14045 CW 2025-01-11 1808 AA5JF           ANDY       GA  AI9T            STEVE      IL  
QSO:   14045 CW 2025-01-11 1809 AA5JF           ANDY       GA  K0TQ            MIKE       IN  
QSO:   14045 CW 2025-01-11 1809 AA5JF           ANDY       GA  KA5M            MARSH      LA  
QSO:   14045 CW 2025-01-11 1811 AA5JF           ANDY       GA  N0DA            JIM        CO  
QSO:   14045 CW 2025-01-11 1812 AA5JF           ANDY       GA  N0BK            BRUCE      AZ  
QSO:   14045 CW 2025-01-11 1813 AA5JF           ANDY       GA  N8TCP           ROGER      OH  
QSO:   14045 CW 2025-01-11 1813 AA5JF           ANDY       GA  W9QL            DAVE       IL  
QSO:   14045 CW 2025-01-11 1813 AA5JF           ANDY       GA  W8KNO           JOE        OH  
QSO:   21031 CW 2025-01-11 1814 AA5JF           ANDY       GA  K1VUT           DAVE       MA  
QSO:   21030 CW 2025-01-11 1815 AA5JF           ANDY       GA  VE9XDX          GERRY      NB  
QSO:   21029 CW 2025-01-11 1816 AA5JF           ANDY       GA  N7DX            TONY       WA  
QSO:   14045 CW 2025-01-11 1816 AA5JF           ANDY       GA  WA6KHK          FRANK      CA  
QSO:   14045 CW 2025-01-11 1817 AA5JF           ANDY       GA  K7SHR           PAUL       WY  
QSO:   14045 CW 2025-01-11 1817 AA5JF           ANDY       GA  KC9K            DAVE       IL  
QSO:   21029 CW 2025-01-11 1818 AA5JF           ANDY       GA  W0AAE           BOB        IA  
QSO:   14045 CW 2025-01-11 1819 AA5JF           ANDY       GA  KT4O            BEN        TN  
QSO:   14045 CW 2025-01-11 1819 AA5JF           ANDY       GA  N4DJ            DON        VA  
QSO:   14045 CW 2025-01-11 1819 AA5JF           ANDY       GA  N2EY            JIM        PA  
QSO:   14045 CW 2025-01-11 1820 AA5JF           ANDY       GA  W9CYA           BRYON      KY  
QSO:   14045 CW 2025-01-11 1820 AA5JF           ANDY       GA  KG4BIG          KEN        KY  
QSO:   21028 CW 2025-01-11 1821 AA5JF           ANDY       GA  N0KK            KIRK       MN  
QSO:   14045 CW 2025-01-11 1821 AA5JF           ANDY       GA  N5EP            STEVE      IL  
QSO:   21028 CW 2025-01-11 1822 AA5JF           ANDY       GA  K5TR            RALPH      TX  
QSO:   14045 CW 2025-01-11 1823 AA5JF           ANDY       GA  N0KQ            BILL       CO  
QSO:   21025 CW 2025-01-11 1824 AA5JF           ANDY       GA  N2IC            STEVE      NM  
QSO:   21026 CW 2025-01-11 1824 AA5JF           ANDY       GA  K1TR            ED         NH  
QSO:   14045 CW 2025-01-11 1825 AA5JF           ANDY       GA  WA8OJR          BRUCE      SC  
QSO:   21031 CW 2025-01-11 1825 AA5JF           ANDY       GA  N6TV            BOB        CA  
QSO:   21032 CW 2025-01-11 1826 AA5JF           ANDY       GA  NX6T            PAT        CA  
QSO:   14043 CW 2025-01-11 1827 AA5JF           ANDY       GA  W4PF            STEVE      KY  
QSO:   21032 CW 2025-01-11 1828 AA5JF           ANDY       GA  VA3IK           BRIAN      ON  
QSO:   14043 CW 2025-01-11 1829 AA5JF           ANDY       GA  W3KB            KEITH      PA  
QSO:   14043 CW 2025-01-11 1829 AA5JF           ANDY       GA  K7UT            DARRYL     UT  
QSO:   14043 CW 2025-01-11 1830 AA5JF           ANDY       GA  W4PJW           JEFF       VA  
QSO:   14043 CW 2025-01-11 1830 AA5JF           ANDY       GA  K1TH            TOM        MA  
QSO:   14043 CW 2025-01-11 1831 AA5JF           ANDY       GA  K5QQ            JIM        MO  
QSO:   21035 CW 2025-01-11 1831 AA5JF           ANDY       GA  W1SJ            MITCH      VT  
QSO:   21036 CW 2025-01-11 1831 AA5JF           ANDY       GA  K5GN            DAVE       TX  
QSO:   21036 CW 2025-01-11 1832 AA5JF           ANDY       GA  KF7UFF          BEN        WY  
QSO:   14043 CW 2025-01-11 1833 AA5JF           ANDY       GA  N0VT            RICK       MO  
QSO:   14043 CW 2025-01-11 1834 AA5JF           ANDY       GA  K9ABR           ANDY       IL  
QSO:   14043 CW 2025-01-11 1834 AA5JF           ANDY       GA  N8AA            JOHN       OH  
QSO:   14043 CW 2025-01-11 1835 AA5JF           ANDY       GA  NT0C            RON        MO  
QSO:   14043 CW 2025-01-11 1836 AA5JF           ANDY       GA  K4HR            DAVY       SC  
QSO:   14043 CW 2025-01-11 1836 AA5JF           ANDY       GA  KK9T            TIM        MI  
QSO:   21040 CW 2025-01-11 1836 AA5JF           ANDY       GA  VE5GC           GRAY       SK  
QSO:   21043 CW 2025-01-11 1838 AA5JF           ANDY       GA  K5MR            STEVE      TX  
QSO:   14043 CW 2025-01-11 1838 AA5JF           ANDY       GA  N7WY            BOB        MO  
QSO:   21045 CW 2025-01-11 1839 AA5JF           ANDY       GA  K0EU            KEN        CO  
QSO:   14043 CW 2025-01-11 1839 AA5JF           ANDY       GA  W8NIC           TONY       MI  
QSO:   21045 CW 2025-01-11 1840 AA5JF           ANDY       GA  VE3JM           VLAD       ON  
QSO:   21047 CW 2025-01-11 1841 AA5JF           ANDY       GA  NP3Y            PAUL       KP4 
QSO:   14043 CW 2025-01-11 1843 AA5JF           ANDY       GA  N4CF            MIKE       VA  
QSO:   14043 CW 2025-01-11 1843 AA5JF           ANDY       GA  W1KM            GREG       MA  
QSO:   14043 CW 2025-01-11 1843 AA5JF           ANDY       GA  W4NF            JACK       VA  
QSO:   14043 CW 2025-01-11 1844 AA5JF           ANDY       GA  AK1MD           ALEX       MA  
QSO:   21051 CW 2025-01-11 1846 AA5JF           ANDY       GA  K1VMT           JOE        VT  
QSO:   14043 CW 2025-01-11 1846 AA5JF           ANDY       GA  KB3Z            MARK       PA  
QSO:   21054 CW 2025-01-11 1848 AA5JF           ANDY       GA  KP4NZ           ERIC       KP4 
QSO:   14043 CW 2025-01-11 1849 AA5JF           ANDY       GA  KB9S            MARK       WI  
QSO:   14043 CW 2025-01-11 1849 AA5JF           ANDY       GA  AF8A            GARY       OH  
QSO:   21051 CW 2025-01-11 1850 AA5JF           ANDY       GA  W2FU            JEFF       NY  
QSO:   14043 CW 2025-01-11 1850 AA5JF           ANDY       GA  KF9D            ROGER      IL  
QSO:   14043 CW 2025-01-11 1851 AA5JF           ANDY       GA  K3MD            JOHN       PA  
QSO:   14043 CW 2025-01-11 1852 AA5JF           ANDY       GA  K4WY            RPAT       VA  
QSO:   14043 CW 2025-01-11 1852 AA5JF           ANDY       GA  W0OR            BILL       MN  
QSO:   14043 CW 2025-01-11 1852 AA5JF           ANDY       GA  KR8L            BILL       IL  
QSO:   14043 CW 2025-01-11 1853 AA5JF           ANDY       GA  WA8YZB          JOHN       MI  
QSO:   14043 CW 2025-01-11 1853 AA5JF           ANDY       GA  AI6O            ED         MO  
QSO:   14043 CW 2025-01-11 1853 AA5JF           ANDY       GA  N7FUL           STEVE      AZ  
QSO:   14043 CW 2025-01-11 1855 AA5JF           ANDY       GA  VE3MV           DOUG       ON  
QSO:   14043 CW 2025-01-11 1856 AA5JF           ANDY       GA  WD5DBV          ROY        LA  
QSO:   14043 CW 2025-01-11 1856 AA5JF           ANDY       GA  KE8E            KEN        OH  
QSO:   14043 CW 2025-01-11 1856 AA5JF           ANDY       GA  K4GM            GEORGE     VA  
QSO:   14043 CW 2025-01-11 1857 AA5JF           ANDY       GA  W3FIZ           PAT        PA  
QSO:   14043 CW 2025-01-11 1857 AA5JF           ANDY       GA  NS0R            MO         KS  
QSO:   14043 CW 2025-01-11 1858 AA5JF           ANDY       GA  K9BGL           KARL       IL  
QSO:   14043 CW 2025-01-11 1858 AA5JF           ANDY       GA  N3AM            JOHN       MD  
QSO:   14043 CW 2025-01-11 1858 AA5JF           ANDY       GA  KE4KY           TOM        KY  
QSO:   14043 CW 2025-01-11 1859 AA5JF           ANDY       GA  W8EWH           MARK       MI  
QSO:   14043 CW 2025-01-11 1859 AA5JF           ANDY       GA  N4XFF           STEVE      KY  
QSO:   14043 CW 2025-01-11 1900 AA5JF           ANDY       GA  N0IQM           JEFF       MO  
QSO:   14043 CW 2025-01-11 1900 AA5JF           ANDY       GA  N8PE            JOHN       OH  
QSO:   14043 CW 2025-01-11 1901 AA5JF           ANDY       GA  K8VA            MIKE       MI  
QSO:   14043 CW 2025-01-11 1901 AA5JF           ANDY       GA  NW0M            MITCH      MO  
QSO:   21044 CW 2025-01-11 1902 AA5JF           ANDY       GA  K0WA            LEE        KS  
QSO:   14043 CW 2025-01-11 1902 AA5JF           ANDY       GA  KO4HXC          LEO        VA  
QSO:   14043 CW 2025-01-11 1903 AA5JF           ANDY       GA  K0HB            BOY        MN  
QSO:   21043 CW 2025-01-11 1903 AA5JF           ANDY       GA  K0VBU           BILL       KS  
QSO:   14043 CW 2025-01-11 1904 AA5JF           ANDY       GA  W8CAG           BOB        MI  
QSO:   14043 CW 2025-01-11 1904 AA5JF           ANDY       GA  W8LVN           BILL       IL  
QSO:   14043 CW 2025-01-11 1905 AA5JF           ANDY       GA  KC9YL           ANNE       WI  
QSO:   14043 CW 2025-01-11 1905 AA5JF           ANDY       GA  W2YC            DAVE       NJ  
QSO:   14043 CW 2025-01-11 1906 AA5JF           ANDY       GA  W0BF            GARY       AZ  
QSO:   14043 CW 2025-01-11 1906 AA5JF           ANDY       GA  K1RF            STEVE      CT  
QSO:   14043 CW 2025-01-11 1906 AA5JF           ANDY       GA  K0FUZ           JOHN       KS  
QSO:   14043 CW 2025-01-11 1907 AA5JF           ANDY       GA  KR2Q            DOUG       NJ  
QSO:   14043 CW 2025-01-11 1907 AA5JF           ANDY       GA  AC3RA           RICH       PA  
QSO:   21041 CW 2025-01-11 1908 AA5JF           ANDY       GA  W1KM            GREG       MA  
QSO:   14043 CW 2025-01-11 1909 AA5JF           ANDY       GA  N2EIM           BOB        NJ  
QSO:   14043 CW 2025-01-11 1909 AA5JF           ANDY       GA  N4IJ            DOUG       NC  
QSO:   21039 CW 2025-01-11 1909 AA5JF           ANDY       GA  K6RIM           AL         CA  
QSO:   14043 CW 2025-01-11 1910 AA5JF           ANDY       GA  VE3MA           ALEX       ON  
QSO:   14043 CW 2025-01-11 1911 AA5JF           ANDY       GA  K3QC            TAD        FL  
QSO:   14043 CW 2025-01-11 1911 AA5JF           ANDY       GA  AE2TT           EVAN       NY  
QSO:   14043 CW 2025-01-11 1911 AA5JF           ANDY       GA  N3AD            ALAN       PA  
QSO:   21038 CW 2025-01-11 1912 AA5JF           ANDY       GA  N6NT            BRUCE      NC  
QSO:   21037 CW 2025-01-11 1913 AA5JF           ANDY       GA  W7ZRC           ROD        ID  
QSO:   21037 CW 2025-01-11 1914 AA5JF           ANDY       GA  K0PC            PAT        MN  
QSO:   21036 CW 2025-01-11 1915 AA5JF           ANDY       GA  K0SN            TOM        MT  
QSO:   21036 CW 2025-01-11 1916 AA5JF           ANDY       GA  W5AL            ROGER      TX  
QSO:   28065 CW 2025-01-11 1919 AA5JF           ANDY       GA  WA7YAZ          STEVE      UT  
QSO:   21048 CW 2025-01-11 1921 AA5JF           ANDY       GA  KH6AQ           DAVE       HI  
QSO:   28058 CW 2025-01-11 1923 AA5JF           ANDY       GA  VE5MX           TODD       SK  
QSO:   21053 CW 2025-01-11 1924 AA5JF           ANDY       GA  N7IP            BOB        OR  
QSO:   21053 CW 2025-01-11 1924 AA5JF           ANDY       GA  W9AV            CLINT      WI  
QSO:   28057 CW 2025-01-11 1925 AA5JF           ANDY       GA  N7CW            BUD        AZ  
QSO:   21053 CW 2025-01-11 1927 AA5JF           ANDY       GA  K0KX            MARK       SD  
QSO:   28054 CW 2025-01-11 1928 AA5JF           ANDY       GA  K0XF            MAX        CO  
QSO:   21053 CW 2025-01-11 1928 AA5JF           ANDY       GA  K1MK            MIKE       MA  
QSO:   28050 CW 2025-01-11 1931 AA5JF           ANDY       GA  W7RN            TOM        NV  
QSO:   28050 CW 2025-01-11 1933 AA5JF           ANDY       GA  N6RK            RICK       CA  
QSO:   28048 CW 2025-01-11 1934 AA5JF           ANDY       GA  KT3M            ROB        CO  
QSO:   28047 CW 2025-01-11 1934 AA5JF           ANDY       GA  KF0UR           SHEL       CO  
QSO:   21054 CW 2025-01-11 1935 AA5JF           ANDY       GA  KI1G            RICK       RI  
QSO:   21054 CW 2025-01-11 1936 AA5JF           ANDY       GA  KI1U            MIKE       RI  
QSO:   28042 CW 2025-01-11 1936 AA5JF           ANDY       GA  XE1CT           SERG       XE  
QSO:   28042 CW 2025-01-11 1937 AA5JF           ANDY       GA  KC7V            MIKE       AZ  
QSO:   21059 CW 2025-01-11 1938 AA5JF           ANDY       GA  WA5SOG          ED         AR  
QSO:   28041 CW 2025-01-11 1938 AA5JF           ANDY       GA  WJ9B            WILL       ID  
QSO:   28040 CW 2025-01-11 1939 AA5JF           ANDY       GA  VE2FK           DUB        QC  
QSO:   28038 CW 2025-01-11 1940 AA5JF           ANDY       GA  N7IR            GARY       AZ  
QSO:   28035 CW 2025-01-11 1941 AA5JF           ANDY       GA  AH6KO           STAN       HI  
QSO:   28032 CW 2025-01-11 1942 AA5JF           ANDY       GA  N9RV            PAT        MT  
QSO:   28029 CW 2025-01-11 1942 AA5JF           ANDY       GA  KJ9C            MEL        MT  
QSO:   28028 CW 2025-01-11 1943 AA5JF           ANDY       GA  ND7K            DAN        AZ  
QSO:   28027 CW 2025-01-11 1943 AA5JF           ANDY       GA  VE4EA           CARY       MB  
QSO:   28024 CW 2025-01-11 1944 AA5JF           ANDY       GA  K6MM            JOHN       CA  
QSO:   28023 CW 2025-01-11 1944 AA5JF           ANDY       GA  N2IC            STEVE      NM  
QSO:   28020 CW 2025-01-11 1946 AA5JF           ANDY       GA  KH7X            MIKE       AZ  
QSO:   28023 CW 2025-01-11 1947 AA5JF           ANDY       GA  K6XX            BOB        CA  
QSO:   28034 CW 2025-01-11 1948 AA5JF           ANDY       GA  K6LL            DAVE       AZ  
QSO:   28039 CW 2025-01-11 1949 AA5JF           ANDY       GA  ND2T            TOM        CA  
QSO:   28047 CW 2025-01-11 1950 AA5JF           ANDY       GA  AJ6V            ED         CA  
QSO:   28049 CW 2025-01-11 1951 AA5JF           ANDY       GA  KA6BIM          DAVE       OR  
QSO:   28054 CW 2025-01-11 1952 AA5JF           ANDY       GA  VA7RR           GARY       BC  
QSO:   28056 CW 2025-01-11 1954 AA5JF           ANDY       GA  VE6BBP          ERIC       AB  
QSO:   28052 CW 2025-01-11 1955 AA5JF           ANDY       GA  W8TK            TOM        AZ  
QSO:   28039 CW 2025-01-11 1957 AA5JF           ANDY       GA  K0EU            KEN        CO  
QSO:   21061 CW 2025-01-11 1957 AA5JF           ANDY       GA  VY2TT           KEN        PE  
QSO:   21057 CW 2025-01-11 2000 AA5JF           ANDY       GA  VE3EJ           JOHN       ON  
QSO:   21057 CW 2025-01-11 2001 AA5JF           ANDY       GA  K5IZO           JOHN       TX  
QSO:   21057 CW 2025-01-11 2002 AA5JF           ANDY       GA  KE1IH           JOHN       NY  
QSO:   21057 CW 2025-01-11 2004 AA5JF           ANDY       GA  K0PK            PAUL       MN  
QSO:   21060 CW 2025-01-11 2005 AA5JF           ANDY       GA  W1WEF           JACK       CT  
QSO:   28028 CW 2025-01-11 2006 AA5JF           ANDY       GA  KL7SB           STEVE      AK  
QSO:   21065 CW 2025-01-11 2006 AA5JF           ANDY       GA  NP2X            ED         KP2 
QSO:   28030 CW 2025-01-11 2008 AA5JF           ANDY       GA  W0GAS           GREG       CO  
QSO:   21068 CW 2025-01-11 2009 AA5JF           ANDY       GA  VA6RCN          KEVIN      AB  
QSO:   14054 CW 2025-01-11 2040 AA5JF           ANDY       GA  KI1U            MIKE       RI  
QSO:   14053 CW 2025-01-11 2040 AA5JF           ANDY       GA  K4OJ            JIM        FL  
QSO:   21036 CW 2025-01-11 2041 AA5JF           ANDY       GA  WA7NB           ART        AZ  
QSO:   14053 CW 2025-01-11 2042 AA5JF           ANDY       GA  NC3Y            TOM        MD  
QSO:   21042 CW 2025-01-11 2042 AA5JF           ANDY       GA  AI0Y            JOE        ND  
QSO:   21055 CW 2025-01-11 2044 AA5JF           ANDY       GA  N9CK            STEVE      WI  
QSO:   21055 CW 2025-01-11 2045 AA5JF           ANDY       GA  K0FX            DON        CO  
QSO:   21055 CW 2025-01-11 2045 AA5JF           ANDY       GA  W1UJ            JAY        MA  
QSO:   21055 CW 2025-01-11 2045 AA5JF           ANDY       GA  K7JQ            BOB        AZ  
QSO:   14051 CW 2025-01-11 2046 AA5JF           ANDY       GA  N0GN            PAUL       NE  
QSO:   14051 CW 2025-01-11 2047 AA5JF           ANDY       GA  K9UR            JOE        IN  
QSO:   21055 CW 2025-01-11 2047 AA5JF           ANDY       GA  W4NF            JACK       VA  
QSO:   21055 CW 2025-01-11 2048 AA5JF           ANDY       GA  K5TA            SCOTT      NM  
QSO:   14051 CW 2025-01-11 2048 AA5JF           ANDY       GA  KC9EE           GARY       IL  
QSO:   21055 CW 2025-01-11 2049 AA5JF           ANDY       GA  K9WO            STEVE      WI  
QSO:   21055 CW 2025-01-11 2049 AA5JF           ANDY       GA  N0AVK           BILL       IA  
QSO:   21055 CW 2025-01-11 2050 AA5JF           ANDY       GA  N5KD            PETE       TX  
QSO:   14050 CW 2025-01-11 2050 AA5JF           ANDY       GA  N2NT            ANDY       NJ  
QSO:   21055 CW 2025-01-11 2051 AA5JF           ANDY       GA  N7FUL           STEVE      AZ  
QSO:   14048 CW 2025-01-11 2051 AA5JF           ANDY       GA  K9MA            SCOTT      WI  
QSO:   21055 CW 2025-01-11 2052 AA5JF           ANDY       GA  K7ULS           MIKE       UT  
QSO:   21055 CW 2025-01-11 2053 AA5JF           ANDY       GA  KI5PGL          MATT       TX  
QSO:   21055 CW 2025-01-11 2054 AA5JF           ANDY       GA  WA3AER          TED        MD  
QSO:   14047 CW 2025-01-11 2055 AA5JF           ANDY       GA  N0KK            KIRK       MN  
QSO:   21055 CW 2025-01-11 2055 AA5JF           ANDY       GA  AD8J            JOHN       NC  
QSO:   14046 CW 2025-01-11 2056 AA5JF           ANDY       GA  W1CW            BOB        FL  
QSO:   14044 CW 2025-01-11 2057 AA5JF           ANDY       GA  N2YO            CHIP       VA  
QSO:   21057 CW 2025-01-11 2058 AA5JF           ANDY       GA  KI6IT           MARK       CA  
QSO:   21057 CW 2025-01-11 2059 AA5JF           ANDY       GA  N2YO            CHIP       VA  
QSO:   21057 CW 2025-01-11 2059 AA5JF           ANDY       GA  W1RH            BOB        CA  
QSO:   21057 CW 2025-01-11 2059 AA5JF           ANDY       GA  WA1FMM          DAN        CO  
QSO:   21057 CW 2025-01-11 2101 AA5JF           ANDY       GA  K4IU            FRED       MN  
QSO:   14041 CW 2025-01-11 2101 AA5JF           ANDY       GA  VE3TM           VLAD       ON  
QSO:   21061 CW 2025-01-11 2102 AA5JF           ANDY       GA  N7EPD           ERIC       WA  
QSO:   21062 CW 2025-01-11 2103 AA5JF           ANDY       GA  VA7ST           BUD        BC  
QSO:   14043 CW 2025-01-11 2104 AA5JF           ANDY       GA  K3ZA            TONY       PA  
QSO:   14043 CW 2025-01-11 2104 AA5JF           ANDY       GA  K9CS            FRED       IL  
QSO:   14043 CW 2025-01-11 2104 AA5JF           ANDY       GA  AD9CA           MIKE       IL  
QSO:   14043 CW 2025-01-11 2105 AA5JF           ANDY       GA  VE3RSA          TOM        ON  
QSO:   21061 CW 2025-01-11 2105 AA5JF           ANDY       GA  K0AP            DD         KS  
QSO:   14043 CW 2025-01-11 2107 AA5JF           ANDY       GA  KA8HDE          CHUCK      MN  
QSO:   14043 CW 2025-01-11 2107 AA5JF           ANDY       GA  KG3V            TOM        VA  
QSO:   21058 CW 2025-01-11 2108 AA5JF           ANDY       GA  W0ZA            GREG       NE  
QSO:   14043 CW 2025-01-11 2108 AA5JF           ANDY       GA  K2YG            DAVE       NJ  
QSO:   21054 CW 2025-01-11 2109 AA5JF           ANDY       GA  VA2WA           VIC        QC  
QSO:   21053 CW 2025-01-11 2110 AA5JF           ANDY       GA  N4WW            DOC        FL  
QSO:   14043 CW 2025-01-11 2111 AA5JF           ANDY       GA  N4LSJ           TOM        OH  
QSO:   14043 CW 2025-01-11 2112 AA5JF           ANDY       GA  K9WO            STEVE      WI  
QSO:   21049 CW 2025-01-11 2112 AA5JF           ANDY       GA  WJ9B            WILL       ID  
QSO:   21049 CW 2025-01-11 2113 AA5JF           ANDY       GA  W2RQ            BILL       NJ  
QSO:   14043 CW 2025-01-11 2113 AA5JF           ANDY       GA  W9ILY           JOHN       IL  
QSO:   21047 CW 2025-01-11 2114 AA5JF           ANDY       GA  VE4EA           CARY       MB  
QSO:   14043 CW 2025-01-11 2114 AA5JF           ANDY       GA  W5VS            TOM        VA  
QSO:   14043 CW 2025-01-11 2115 AA5JF           ANDY       GA  W3MA            JOHN       PA  
QSO:   14043 CW 2025-01-11 2116 AA5JF           ANDY       GA  WA3AAN          GRANT      PA  
QSO:   21037 CW 2025-01-11 2117 AA5JF           ANDY       GA  N0AT            RON        MN  
QSO:   14043 CW 2025-01-11 2117 AA5JF           ANDY       GA  VE3PJ           GREG       ON  
QSO:   21036 CW 2025-01-11 2117 AA5JF           ANDY       GA  KH7X            MIKE       AZ  
QSO:   14043 CW 2025-01-11 2118 AA5JF           ANDY       GA  AI4WW           DAN        FL  
QSO:   14043 CW 2025-01-11 2118 AA5JF           ANDY       GA  N1KW            BOB        IL  
QSO:   14043 CW 2025-01-11 2119 AA5JF           ANDY       GA  K6WSC           BILL       AZ  
QSO:   21035 CW 2025-01-11 2119 AA5JF           ANDY       GA  NG7M            MAX        UT  
QSO:   14043 CW 2025-01-11 2121 AA5JF           ANDY       GA  K5TA            SCOTT      NM  
QSO:   14043 CW 2025-01-11 2121 AA5JF           ANDY       GA  K9NW            MIKE       OH  
QSO:   21035 CW 2025-01-11 2122 AA5JF           ANDY       GA  WB2RPW          GARY       OH  
QSO:   21034 CW 2025-01-11 2123 AA5JF           ANDY       GA  AC0C            JEFF       KS  
QSO:   14043 CW 2025-01-11 2123 AA5JF           ANDY       GA  N2UU            BOB        NJ  
QSO:   14043 CW 2025-01-11 2125 AA5JF           ANDY       GA  K2SG            TONY       FL  
QSO:   14043 CW 2025-01-11 2125 AA5JF           ANDY       GA  K3WJV           BILL       PA  
QSO:   14043 CW 2025-01-11 2126 AA5JF           ANDY       GA  K9CW            DREW       IL  
QSO:   14043 CW 2025-01-11 2126 AA5JF           ANDY       GA  KV8Q            TOM        OH  
QSO:   14043 CW 2025-01-11 2127 AA5JF           ANDY       GA  KB3AAY          RON        MD  
QSO:   14043 CW 2025-01-11 2127 AA5JF           ANDY       GA  WB8BZK          MIKE       IL  
QSO:   14043 CW 2025-01-11 2127 AA5JF           ANDY       GA  KI5PGL          MATT       TX  
QSO:   21027 CW 2025-01-11 2127 AA5JF           ANDY       GA  ND7K            DAN        AZ  
QSO:   14043 CW 2025-01-11 2128 AA5JF           ANDY       GA  K8GB            DAVE       MI  
QSO:   21022 CW 2025-01-11 2128 AA5JF           ANDY       GA  AA2IL           JOE        CA  
QSO:   21019 CW 2025-01-11 2129 AA5JF           ANDY       GA  W0OR            BILL       MN  
QSO:   14043 CW 2025-01-11 2130 AA5JF           ANDY       GA  W4KFC           VIC        MD  
QSO:   21016 CW 2025-01-11 2130 AA5JF           ANDY       GA  VA7XU           DAVE       BC  
QSO:   14043 CW 2025-01-11 2130 AA5JF           ANDY       GA  WD9CIR          STEVE      IL  
QSO:   21014 CW 2025-01-11 2131 AA5JF           ANDY       GA  NA0N            PAT        MN  
QSO:   21013 CW 2025-01-11 2131 AA5JF           ANDY       GA  NJ3K            BRUCE      PA  
QSO:   21012 CW 2025-01-11 2132 AA5JF           ANDY       GA  N7CW            BUD        AZ  
QSO:   14043 CW 2025-01-11 2132 AA5JF           ANDY       GA  WW2P            TIM        NY  
QSO:   14043 CW 2025-01-11 2133 AA5JF           ANDY       GA  N9CO            CHUCK      IL  
QSO:   21015 CW 2025-01-11 2133 AA5JF           ANDY       GA  KY7M            LEE        AZ  
QSO:   14043 CW 2025-01-11 2133 AA5JF           ANDY       GA  K2RB            RICK       CT  
QSO:   14043 CW 2025-01-11 2134 AA5JF           ANDY       GA  N0LY            JON        MO  
QSO:   21020 CW 2025-01-11 2137 AA5JF           ANDY       GA  K7GA            JEFF       AZ  
QSO:   14041 CW 2025-01-11 2137 AA5JF           ANDY       GA  N5EE            KEN        AR  
QSO:   21021 CW 2025-01-11 2140 AA5JF           ANDY       GA  K7NT            MIKE       WA  
QSO:   21021 CW 2025-01-11 2141 AA5JF           ANDY       GA  AF6SA           STEVE      CA  
QSO:   21021 CW 2025-01-11 2141 AA5JF           ANDY       GA  AB2E            DARRELL    NJ  
QSO:   21021 CW 2025-01-11 2142 AA5JF           ANDY       GA  K3UL            BOB        PA  
QSO:   21021 CW 2025-01-11 2142 AA5JF           ANDY       GA  K3DNE           ED         SC  
QSO:   21021 CW 2025-01-11 2143 AA5JF           ANDY       GA  K7QA            TOM        MT  
QSO:   21021 CW 2025-01-11 2143 AA5JF           ANDY       GA  KA6BIM          DAVE       OR  
QSO:   21021 CW 2025-01-11 2143 AA5JF           ANDY       GA  N5UI            GEO        TX  
QSO:   21021 CW 2025-01-11 2143 AA5JF           ANDY       GA  KM9R            MIKE       NV  
QSO:   21021 CW 2025-01-11 2144 AA5JF           ANDY       GA  K0GUZ           STEVE      CO  
QSO:   21021 CW 2025-01-11 2144 AA5JF           ANDY       GA  K2NV            TONY       NY  
QSO:   21021 CW 2025-01-11 2144 AA5JF           ANDY       GA  KT3T            PAUL       FL  
QSO:   21021 CW 2025-01-11 2145 AA5JF           ANDY       GA  WU6X            DENNIS     CA  
QSO:   14047 CW 2025-01-11 2147 AA5JF           ANDY       GA  VY2TT           KEN        PE  
QSO:   21021 CW 2025-01-11 2147 AA5JF           ANDY       GA  K0TRL           BRAD       KS  
QSO:   21021 CW 2025-01-11 2148 AA5JF           ANDY       GA  N8II            JEFF       WV  
QSO:   21021 CW 2025-01-11 2149 AA5JF           ANDY       GA  WB5N            DAVID      TX  
QSO:   21021 CW 2025-01-11 2150 AA5JF           ANDY       GA  AA5UN           TEX        TX  
QSO:   14048 CW 2025-01-11 2150 AA5JF           ANDY       GA  N0AT            RON        MN  
QSO:   21021 CW 2025-01-11 2150 AA5JF           ANDY       GA  KY0O            CRAIG      MO  
QSO:   21021 CW 2025-01-11 2151 AA5JF           ANDY       GA  N4IJ            DOUG       NC  
QSO:   21021 CW 2025-01-11 2151 AA5JF           ANDY       GA  AJ6V            ED         CA  
QSO:   21021 CW 2025-01-11 2151 AA5JF           ANDY       GA  KZ2V            NICK       CA  
QSO:   14049 CW 2025-01-11 2152 AA5JF           ANDY       GA  N8KH            KEN        FL  
QSO:   21021 CW 2025-01-11 2152 AA5JF           ANDY       GA  WA8ZBT          DENNIS     TX  
QSO:   21021 CW 2025-01-11 2153 AA5JF           ANDY       GA  N2MA            AL         PA  
QSO:   21021 CW 2025-01-11 2153 AA5JF           ANDY       GA  KB0GT           BOB        MN  
QSO:   14058 CW 2025-01-11 2154 AA5JF           ANDY       GA  K5UV            MIKE       OK  
QSO:   14059 CW 2025-01-11 2154 AA5JF           ANDY       GA  KG9N            CHUCK      IL  
QSO:   21021 CW 2025-01-11 2155 AA5JF           ANDY       GA  K0ZR            JEFF       VA  
QSO:   21021 CW 2025-01-11 2156 AA5JF           ANDY       GA  W0EJ            BILL       SD  
QSO:   21021 CW 2025-01-11 2156 AA5JF           ANDY       GA  KD5RXP          BRIAN      NE  
QSO:   21021 CW 2025-01-11 2157 AA5JF           ANDY       GA  W7GF            MIKE       OR  
QSO:   21021 CW 2025-01-11 2157 AA5JF           ANDY       GA  N3AD            ALAN       PA  
QSO:   21021 CW 2025-01-11 2158 AA5JF           ANDY       GA  N5KO            TREY       CA  
QSO:   21021 CW 2025-01-11 2159 AA5JF           ANDY       GA  AF5J            HAL        TX  
QSO:   14063 CW 2025-01-11 2159 AA5JF           ANDY       GA  NK2Y            JAY        NY  
QSO:   21021 CW 2025-01-11 2200 AA5JF           ANDY       GA  W0TG            BILL       TX  
QSO:   21021 CW 2025-01-11 2201 AA5JF           ANDY       GA  KW7Q            STEVE      CO  
QSO:   21021 CW 2025-01-11 2201 AA5JF           ANDY       GA  AD7N            BEN        UT  
QSO:   21021 CW 2025-01-11 2202 AA5JF           ANDY       GA  KE6K            JOHN       AZ  
QSO:   21021 CW 2025-01-11 2204 AA5JF           ANDY       GA  VE3ZZ           GREGG      ON  
QSO:   21021 CW 2025-01-11 2205 AA5JF           ANDY       GA  K6EU            TOM        CA  
QSO:   21021 CW 2025-01-11 2206 AA5JF           ANDY       GA  K7LI            BRIAN      UT  
QSO:   21021 CW 2025-01-11 2206 AA5JF           ANDY       GA  AC9BJ           ART        WI  
QSO:   21021 CW 2025-01-11 2208 AA5JF           ANDY       GA  W1TM            TIM        KS  
QSO:   21021 CW 2025-01-11 2208 AA5JF           ANDY       GA  KG5U            DENNIS     TX  
QSO:   21021 CW 2025-01-11 2208 AA5JF           ANDY       GA  N0KQ            BILL       CO  
QSO:   21021 CW 2025-01-11 2209 AA5JF           ANDY       GA  K0MPH           ROGER      MN  
QSO:   21021 CW 2025-01-11 2209 AA5JF           ANDY       GA  N9RV            PAT        MT  
QSO:   21021 CW 2025-01-11 2210 AA5JF           ANDY       GA  N7QXB           DAN        UT  
QSO:   21021 CW 2025-01-11 2210 AA5JF           ANDY       GA  W0XM            BOB        KS  
QSO:   21021 CW 2025-01-11 2211 AA5JF           ANDY       GA  N6TTV           CJ         CA  
QSO:   21021 CW 2025-01-11 2211 AA5JF           ANDY       GA  N6IE            RON        CA  
QSO:   14052 CW 2025-01-11 2212 AA5JF           ANDY       GA  K7QA            TOM        MT  
QSO:   21021 CW 2025-01-11 2213 AA5JF           ANDY       GA  K3MM            TY         MD  
QSO:   21021 CW 2025-01-11 2214 AA5JF           ANDY       GA  N4JVP           AG         GA  
QSO:   21021 CW 2025-01-11 2214 AA5JF           ANDY       GA  N5RZ            GATOR      TX  
QSO:   21021 CW 2025-01-11 2216 AA5JF           ANDY       GA  W6JTI           FRANK      CA  
QSO:   21021 CW 2025-01-11 2220 AA5JF           ANDY       GA  N6DHZ           JIM        AZ  
QSO:   21021 CW 2025-01-11 2220 AA5JF           ANDY       GA  K6NV            BOB        CA  
QSO:   21021 CW 2025-01-11 2221 AA5JF           ANDY       GA  WA6KHK          FRANK      CA  
QSO:   21021 CW 2025-01-11 2222 AA5JF           ANDY       GA  KR2AA           ERIC       NY  
QSO:   21021 CW 2025-01-11 2222 AA5JF           ANDY       GA  AA5W            JIM        TX  
QSO:   14047 CW 2025-01-11 2223 AA5JF           ANDY       GA  VE4EA           CARY       MB  
QSO:   21021 CW 2025-01-11 2224 AA5JF           ANDY       GA  KK5NM           RYAN       TX  
QSO:   14046 CW 2025-01-11 2224 AA5JF           ANDY       GA  K1EBY           FRANK      CT  
QSO:   21021 CW 2025-01-11 2225 AA5JF           ANDY       GA  N2NT            ANDY       NJ  
QSO:   21021 CW 2025-01-11 2226 AA5JF           ANDY       GA  K6LL            DAVE       AZ  
QSO:   21021 CW 2025-01-11 2227 AA5JF           ANDY       GA  KD7MT           CHUCK      MT  
QSO:   21021 CW 2025-01-11 2228 AA5JF           ANDY       GA  WA4PGM          KYLE       VA  
QSO:   14038 CW 2025-01-11 2230 AA5JF           ANDY       GA  N7DX            TONY       WA  
QSO:   14029 CW 2025-01-11 2233 AA5JF           ANDY       GA  N8II            JEFF       WV  
QSO:   14028 CW 2025-01-11 2233 AA5JF           ANDY       GA  N5TOO           VAN        GA  
QSO:   14025 CW 2025-01-11 2235 AA5JF           ANDY       GA  K1TR            ED         NH  
QSO:   14026 CW 2025-01-11 2236 AA5JF           ANDY       GA  KK1L            RON        VT  
QSO:   14024 CW 2025-01-11 2238 AA5JF           ANDY       GA  VE7ZO           JIM        BC  
QSO:   21052 CW 2025-01-11 2239 AA5JF           ANDY       GA  K6KM            ROB        CA  
QSO:   14019 CW 2025-01-11 2240 AA5JF           ANDY       GA  KK9V            MIKE       IN  
QSO:   21043 CW 2025-01-11 2241 AA5JF           ANDY       GA  N1DE            DAN        ME  
QSO:   14019 CW 2025-01-11 2241 AA5JF           ANDY       GA  W1NV            MIKE       CO  
QSO:   14019 CW 2025-01-11 2241 AA5JF           ANDY       GA  W9AV            CLINT      WI  
QSO:   14019 CW 2025-01-11 2242 AA5JF           ANDY       GA  AC6T            STEVE      CA  
QSO:   14019 CW 2025-01-11 2242 AA5JF           ANDY       GA  K4FN            DAN        KY  
QSO:   14019 CW 2025-01-11 2242 AA5JF           ANDY       GA  K5OY            STEVE      AR  
QSO:   14019 CW 2025-01-11 2243 AA5JF           ANDY       GA  N7AGP           BOB        MT  
QSO:   14019 CW 2025-01-11 2243 AA5JF           ANDY       GA  VA3SP           MIKE       ON  
QSO:   14019 CW 2025-01-11 2244 AA5JF           ANDY       GA  W9ZV            BOB        IL  
QSO:   14019 CW 2025-01-11 2245 AA5JF           ANDY       GA  WT9U            JIM        IN  
QSO:   14019 CW 2025-01-11 2245 AA5JF           ANDY       GA  W1ARY           MARCEL     CT  
QSO:   14019 CW 2025-01-11 2245 AA5JF           ANDY       GA  K0MPH           ROGER      MN  
QSO:   21041 CW 2025-01-11 2245 AA5JF           ANDY       GA  KL7SB           STEVE      AK  
QSO:   14019 CW 2025-01-11 2246 AA5JF           ANDY       GA  W0TG            BILL       TX  
QSO:   14019 CW 2025-01-11 2247 AA5JF           ANDY       GA  KG4IGC          FRANK      SC  
QSO:   14019 CW 2025-01-11 2248 AA5JF           ANDY       GA  N6CHU           BOB        WA  
QSO:   14019 CW 2025-01-11 2248 AA5JF           ANDY       GA  AA5W            JIM        TX  
QSO:   14019 CW 2025-01-11 2249 AA5JF           ANDY       GA  K2NV            TONY       NY  
QSO:   14019 CW 2025-01-11 2249 AA5JF           ANDY       GA  AC9S            KEITH      IL  
QSO:   14019 CW 2025-01-11 2250 AA5JF           ANDY       GA  VE5VG           GARTH      SK  
QSO:   14019 CW 2025-01-11 2250 AA5JF           ANDY       GA  K6LL            DAVE       AZ  
QSO:   14019 CW 2025-01-11 2250 AA5JF           ANDY       GA  K0INN           TOM        MO  
QSO:   14019 CW 2025-01-11 2250 AA5JF           ANDY       GA  N3FR            BOB        PA  
QSO:   14019 CW 2025-01-11 2251 AA5JF           ANDY       GA  W9XS            RON        IL  
QSO:   14019 CW 2025-01-11 2252 AA5JF           ANDY       GA  AF4T            DOUG       TN  
QSO:   14019 CW 2025-01-11 2252 AA5JF           ANDY       GA  K6RC            DAVE       CA  
QSO:   14019 CW 2025-01-11 2253 AA5JF           ANDY       GA  K0WA            LEE        KS  
QSO:   14019 CW 2025-01-11 2253 AA5JF           ANDY       GA  K0GUZ           STEVE      CO  
QSO:   14019 CW 2025-01-11 2253 AA5JF           ANDY       GA  W2FU            JEFF       NY  
QSO:   14019 CW 2025-01-11 2254 AA5JF           ANDY       GA  KV0I            BILL       NE  
QSO:    7044 CW 2025-01-11 2257 AA5JF           ANDY       GA  W4KFC           VIC        MD  
QSO:    7044 CW 2025-01-11 2257 AA5JF           ANDY       GA  WA4PGM          KYLE       VA  
QSO:    7044 CW 2025-01-11 2258 AA5JF           ANDY       GA  N1RM            RICK       VA  
QSO:    7044 CW 2025-01-11 2258 AA5JF           ANDY       GA  K1RO            MARK       NH  
QSO:    7044 CW 2025-01-11 2258 AA5JF           ANDY       GA  K0TQ            MIKE       IN  
QSO:    7044 CW 2025-01-11 2258 AA5JF           ANDY       GA  N3FCP           CHRIS      PA  
QSO:    7044 CW 2025-01-11 2300 AA5JF           ANDY       GA  W3RJ            RICH       PA  
QSO:   14019 CW 2025-01-11 2301 AA5JF           ANDY       GA  WQ5L            RAY        MS  
QSO:    7044 CW 2025-01-11 2301 AA5JF           ANDY       GA  N4TY            TY         KY  
QSO:   14022 CW 2025-01-11 2302 AA5JF           ANDY       GA  WJ9B            WILL       ID  
QSO:    7044 CW 2025-01-11 2302 AA5JF           ANDY       GA  N0UY            RAY        MN  
QSO:    7044 CW 2025-01-11 2303 AA5JF           ANDY       GA  VE3RRD          AL         ON  
QSO:    7044 CW 2025-01-11 2303 AA5JF           ANDY       GA  N3AM            JOHN       MD  
QSO:   14036 CW 2025-01-11 2304 AA5JF           ANDY       GA  AC0C            JEFF       KS  
QSO:    7044 CW 2025-01-11 2304 AA5JF           ANDY       GA  N8KH            KEN        FL  
QSO:    7044 CW 2025-01-11 2304 AA5JF           ANDY       GA  K9BGL           KARL       IL  
QSO:    7044 CW 2025-01-11 2305 AA5JF           ANDY       GA  VE9AA           MIKE       NB  
QSO:    7044 CW 2025-01-11 2305 AA5JF           ANDY       GA  N1WR            WAYNE      VA  
QSO:    7044 CW 2025-01-11 2305 AA5JF           ANDY       GA  AB2E            DARRELL    NJ  
QSO:    7044 CW 2025-01-11 2306 AA5JF           ANDY       GA  K3PA            DREW       KS  
QSO:    7044 CW 2025-01-11 2306 AA5JF           ANDY       GA  KW1X            MARK       MA  
QSO:   14037 CW 2025-01-11 2307 AA5JF           ANDY       GA  KG5U            DENNIS     TX  
QSO:    7044 CW 2025-01-11 2308 AA5JF           ANDY       GA  VE9VIC          VIC        NB  
QSO:    7044 CW 2025-01-11 2311 AA5JF           ANDY       GA  VE3EJ           JOHN       ON  
QSO:    7044 CW 2025-01-11 2313 AA5JF           ANDY       GA  AA3S            DOUG       MD  
QSO:   14041 CW 2025-01-11 2313 AA5JF           ANDY       GA  KT0A            GARY       SD  
QSO:    7044 CW 2025-01-11 2313 AA5JF           ANDY       GA  KY4GS           AMANDA     SC  
QSO:    7044 CW 2025-01-11 2315 AA5JF           ANDY       GA  VE3MGY          BRIAN      ON  
QSO:    7044 CW 2025-01-11 2315 AA5JF           ANDY       GA  W9AV            CLINT      WI  
QSO:   14040 CW 2025-01-11 2315 AA5JF           ANDY       GA  VE6RST          MAX        AB  
QSO:   14038 CW 2025-01-11 2316 AA5JF           ANDY       GA  VE3DZ           YURI       ON  
QSO:    7044 CW 2025-01-11 2317 AA5JF           ANDY       GA  WV4P            RON        TN  
QSO:    7044 CW 2025-01-11 2317 AA5JF           ANDY       GA  KE4R            MIKE       GA  
QSO:    7044 CW 2025-01-11 2318 AA5JF           ANDY       GA  NN4NN           BILL       FL  
QSO:    7044 CW 2025-01-11 2318 AA5JF           ANDY       GA  WA3FAE          FORREST    MD  
QSO:    7044 CW 2025-01-11 2319 AA5JF           ANDY       GA  K0PC            PAT        MN  
QSO:   14035 CW 2025-01-11 2319 AA5JF           ANDY       GA  VO2AC           CHRIS      NL  
QSO:    7044 CW 2025-01-11 2320 AA5JF           ANDY       GA  W4RJF           RON        NC  
QSO:   14034 CW 2025-01-11 2320 AA5JF           ANDY       GA  NP3Y            PAUL       KP4 
QSO:    7044 CW 2025-01-11 2321 AA5JF           ANDY       GA  N4XD            RON        NC  
QSO:    7044 CW 2025-01-11 2322 AA5JF           ANDY       GA  N3FTO           PAUL       NJ  
QSO:    7044 CW 2025-01-11 2323 AA5JF           ANDY       GA  VE5MX           TODD       SK  
QSO:   14033 CW 2025-01-11 2324 AA5JF           ANDY       GA  N6TV            BOB        CA  
QSO:    7044 CW 2025-01-11 2325 AA5JF           ANDY       GA  K9WO            STEVE      WI  
QSO:    7044 CW 2025-01-11 2325 AA5JF           ANDY       GA  KG3V            TOM        VA  
QSO:    7044 CW 2025-01-11 2325 AA5JF           ANDY       GA  N8CC            JEFF       MI  
QSO:   14032 CW 2025-01-11 2326 AA5JF           ANDY       GA  ZF5T            STAN       ZF  
QSO:   14031 CW 2025-01-11 2327 AA5JF           ANDY       GA  W0AAE           BOB        IA  
QSO:    7044 CW 2025-01-11 2327 AA5JF           ANDY       GA  N9LQ            JOEL       IL  
QSO:    7044 CW 2025-01-11 2327 AA5JF           ANDY       GA  N2YO            CHIP       VA  
QSO:   14028 CW 2025-01-11 2328 AA5JF           ANDY       GA  AI0Y            JOE        ND  
QSO:   14026 CW 2025-01-11 2328 AA5JF           ANDY       GA  N5TJ            JEFF       TX  
QSO:    7044 CW 2025-01-11 2328 AA5JF           ANDY       GA  K4QS            CHUCK      VA  
QSO:   14024 CW 2025-01-11 2329 AA5JF           ANDY       GA  N2IC            STEVE      NM  
QSO:    7044 CW 2025-01-11 2329 AA5JF           ANDY       GA  K1RF            STEVE      CT  
QSO:   14016 CW 2025-01-11 2331 AA5JF           ANDY       GA  VA7XU           DAVE       BC  
QSO:   14015 CW 2025-01-11 2332 AA5JF           ANDY       GA  VA2CZ           PETE       QC  
QSO:    7044 CW 2025-01-11 2332 AA5JF           ANDY       GA  DL3DXX          MAR        DX  
QSO:    7044 CW 2025-01-11 2333 AA5JF           ANDY       GA  W2YC            DAVE       NJ  
QSO:    7044 CW 2025-01-11 2333 AA5JF           ANDY       GA  W4DAN           DAN        TN  
QSO:    7044 CW 2025-01-11 2334 AA5JF           ANDY       GA  AC2YD           BEN        NJ  
QSO:   14016 CW 2025-01-12 0006 AA5JF           ANDY       GA  AH6KO           STAN       HI  
QSO:    7044 CW 2025-01-12 0006 AA5JF           ANDY       GA  VY2TT           KEN        PE  
QSO:    7046 CW 2025-01-12 0007 AA5JF           ANDY       GA  N4OGW           TOR        MS  
QSO:   14016 CW 2025-01-12 0008 AA5JF           ANDY       GA  N6IE            RON        CA  
QSO:   14016 CW 2025-01-12 0008 AA5JF           ANDY       GA  KA6BIM          DAVE       OR  
QSO:    7047 CW 2025-01-12 0008 AA5JF           ANDY       GA  KP2M            PHIL       KP2 
QSO:    7047 CW 2025-01-12 0010 AA5JF           ANDY       GA  AI6O            ED         MO  
QSO:    7048 CW 2025-01-12 0010 AA5JF           ANDY       GA  W2XL            BOB        NY  
QSO:    7049 CW 2025-01-12 0011 AA5JF           ANDY       GA  NJ8J            BEN        GA  
QSO:   14016 CW 2025-01-12 0012 AA5JF           ANDY       GA  ND7K            DAN        AZ  
QSO:   14016 CW 2025-01-12 0012 AA5JF           ANDY       GA  AF6SA           STEVE      CA  
QSO:    7050 CW 2025-01-12 0013 AA5JF           ANDY       GA  W1RCR           YANCO      FL  
QSO:   14016 CW 2025-01-12 0013 AA5JF           ANDY       GA  K5TT            JIM        AZ  
QSO:   14016 CW 2025-01-12 0014 AA5JF           ANDY       GA  W5TM            ED         OK  
QSO:    7051 CW 2025-01-12 0015 AA5JF           ANDY       GA  N0YY            RICK       VA  
QSO:    7051 CW 2025-01-12 0015 AA5JF           ANDY       GA  N7DX            TONY       WA  
QSO:    7052 CW 2025-01-12 0016 AA5JF           ANDY       GA  WT9U            JIM        IN  
QSO:   14015 CW 2025-01-12 0017 AA5JF           ANDY       GA  VE9ML           JOE        NB  
QSO:    7016 CW 2025-01-12 0018 AA5JF           ANDY       GA  NC3Y            TOM        MD  
QSO:    7016 CW 2025-01-12 0019 AA5JF           ANDY       GA  KM5G            CHUCK      AR  
QSO:    7016 CW 2025-01-12 0019 AA5JF           ANDY       GA  K2WK            WALT       VA  
QSO:    7016 CW 2025-01-12 0019 AA5JF           ANDY       GA  W8KNO           JOE        OH  
QSO:    7016 CW 2025-01-12 0020 AA5JF           ANDY       GA  N5RZ            GATOR      TX  
QSO:    7016 CW 2025-01-12 0021 AA5JF           ANDY       GA  N7GP            TOM        AZ  
QSO:    7016 CW 2025-01-12 0022 AA5JF           ANDY       GA  N2NT            ANDY       NJ  
QSO:    7016 CW 2025-01-12 0023 AA5JF           ANDY       GA  VE9ML           JOE        NB  
QSO:    7016 CW 2025-01-12 0023 AA5JF           ANDY       GA  NT0C            RON        MO  
QSO:    7016 CW 2025-01-12 0024 AA5JF           ANDY       GA  N4TB            TERRY      FL  
QSO:   14017 CW 2025-01-12 0024 AA5JF           ANDY       GA  WA7CPA          ROBIN      WA  
QSO:    7016 CW 2025-01-12 0027 AA5JF           ANDY       GA  VE3MV           DOUG       ON  
QSO:    7016 CW 2025-01-12 0027 AA5JF           ANDY       GA  VE3FH           JULIO      ON  
QSO:    7016 CW 2025-01-12 0027 AA5JF           ANDY       GA  N2EY            JIM        PA  
QSO:    7016 CW 2025-01-12 0028 AA5JF           ANDY       GA  W4TMO           JIM        VA  
QSO:    7016 CW 2025-01-12 0028 AA5JF           ANDY       GA  N1NN            ROGER      MA  
QSO:    7016 CW 2025-01-12 0028 AA5JF           ANDY       GA  N9SB            STEVE      IL  
QSO:    7016 CW 2025-01-12 0029 AA5JF           ANDY       GA  VA3ROC          ROCCO      ON  
QSO:    7016 CW 2025-01-12 0030 AA5JF           ANDY       GA  W8PI            PAUL       MI  
QSO:   14024 CW 2025-01-12 0030 AA5JF           ANDY       GA  K0RF            CHUCK      CO  
QSO:    7016 CW 2025-01-12 0031 AA5JF           ANDY       GA  KT9L            LARRY      IN  
QSO:    7016 CW 2025-01-12 0031 AA5JF           ANDY       GA  K8LX            STEVE      MI  
QSO:    7016 CW 2025-01-12 0032 AA5JF           ANDY       GA  VE3KOT          GENE       ON  
QSO:    7016 CW 2025-01-12 0033 AA5JF           ANDY       GA  KS1J            JIM        RI  
QSO:   14027 CW 2025-01-12 0033 AA5JF           ANDY       GA  W7CXX           JACK       UT  
QSO:    7016 CW 2025-01-12 0034 AA5JF           ANDY       GA  W3EEK           CARL       PA  
QSO:    7016 CW 2025-01-12 0035 AA5JF           ANDY       GA  VE3TW           STAN       ON  
QSO:   14028 CW 2025-01-12 0035 AA5JF           ANDY       GA  W7JXY           JON        WA  
QSO:    7016 CW 2025-01-12 0036 AA5JF           ANDY       GA  K0TRL           BRAD       KS  
QSO:   14030 CW 2025-01-12 0036 AA5JF           ANDY       GA  AD1C            JIM        CO  
QSO:    7016 CW 2025-01-12 0036 AA5JF           ANDY       GA  KE8VC           DAVID      MI  
QSO:    7016 CW 2025-01-12 0037 AA5JF           ANDY       GA  AC8Y            MIKE       VA  
QSO:    7016 CW 2025-01-12 0037 AA5JF           ANDY       GA  W9XS            RON        IL  
QSO:    7016 CW 2025-01-12 0038 AA5JF           ANDY       GA  K0PK            PAUL       MN  
QSO:    7016 CW 2025-01-12 0039 AA5JF           ANDY       GA  K2HYD           RAY        VA  
QSO:    7016 CW 2025-01-12 0039 AA5JF           ANDY       GA  KV8Q            TOM        OH  
QSO:   14043 CW 2025-01-12 0039 AA5JF           ANDY       GA  K0EU            KEN        CO  
QSO:    7016 CW 2025-01-12 0040 AA5JF           ANDY       GA  K9YY            RON        IL  
QSO:    7016 CW 2025-01-12 0040 AA5JF           ANDY       GA  W3MA            JOHN       PA  
QSO:    7016 CW 2025-01-12 0040 AA5JF           ANDY       GA  W2XL            BOB        NY  
QSO:    7016 CW 2025-01-12 0041 AA5JF           ANDY       GA  KI0I            MARK       MO  
QSO:    7016 CW 2025-01-12 0041 AA5JF           ANDY       GA  KM4FO           DWIGHT     KY  
QSO:    7016 CW 2025-01-12 0042 AA5JF           ANDY       GA  N4QWF           JOHN       VA  
QSO:    7016 CW 2025-01-12 0042 AA5JF           ANDY       GA  NO8C            MIKE       OH  
QSO:    7016 CW 2025-01-12 0043 AA5JF           ANDY       GA  W1DYJ           LARRY      MA  
QSO:   14049 CW 2025-01-12 0043 AA5JF           ANDY       GA  NP2X            ED         KP2 
QSO:    7016 CW 2025-01-12 0043 AA5JF           ANDY       GA  N8PE            JOHN       OH  
QSO:    7016 CW 2025-01-12 0044 AA5JF           ANDY       GA  WA2MCR          JOE        NY  
QSO:    7016 CW 2025-01-12 0044 AA5JF           ANDY       GA  KD2EPM          DOM        NJ  
QSO:    7016 CW 2025-01-12 0045 AA5JF           ANDY       GA  WB2NFL          BOB        NY  
QSO:    7016 CW 2025-01-12 0045 AA5JF           ANDY       GA  N6NT            BRUCE      NC  
QSO:    7016 CW 2025-01-12 0046 AA5JF           ANDY       GA  N4LSJ           TOM        OH  
QSO:   14049 CW 2025-01-12 0046 AA5JF           ANDY       GA  N7EPD           ERIC       WA  
QSO:    7016 CW 2025-01-12 0047 AA5JF           ANDY       GA  W8TDA           KITTY      OH  
QSO:   14052 CW 2025-01-12 0047 AA5JF           ANDY       GA  N7IR            GARY       AZ  
QSO:    7016 CW 2025-01-12 0047 AA5JF           ANDY       GA  N0LY            JON        MO  
QSO:   14052 CW 2025-01-12 0048 AA5JF           ANDY       GA  VA7RR           GARY       BC  
QSO:    7016 CW 2025-01-12 0049 AA5JF           ANDY       GA  W1ARY           MARCEL     CT  
QSO:    7016 CW 2025-01-12 0050 AA5JF           ANDY       GA  VA3FN           JOHN       ON  
QSO:    7016 CW 2025-01-12 0050 AA5JF           ANDY       GA  AC5XK           DON        DC  
QSO:   14046 CW 2025-01-12 0051 AA5JF           ANDY       GA  AJ6V            ED         CA  
QSO:   14046 CW 2025-01-12 0052 AA5JF           ANDY       GA  N5RZ            GATOR      TX  
QSO:   14045 CW 2025-01-12 0052 AA5JF           ANDY       GA  K7NEW           MARK       WA  
QSO:    7016 CW 2025-01-12 0053 AA5JF           ANDY       GA  VE3AGC          BOB        ON  
QSO:    7016 CW 2025-01-12 0054 AA5JF           ANDY       GA  K9CS            FRED       IL  
QSO:   14043 CW 2025-01-12 0054 AA5JF           ANDY       GA  N7NM            DOUG       WA  
QSO:    7016 CW 2025-01-12 0055 AA5JF           ANDY       GA  NW0M            MITCH      MO  
QSO:   14042 CW 2025-01-12 0055 AA5JF           ANDY       GA  N6WM            CHRIS      CA  
QSO:   14042 CW 2025-01-12 0055 AA5JF           ANDY       GA  W6SFM           SAM        CA  
QSO:    7016 CW 2025-01-12 0057 AA5JF           ANDY       GA  VE3AQ           JACK       ON  
QSO:   14040 CW 2025-01-12 0058 AA5JF           ANDY       GA  W6PH            KURT       CA  
QSO:   14040 CW 2025-01-12 0059 AA5JF           ANDY       GA  K6NR            DANA       CA  
QSO:    7016 CW 2025-01-12 0100 AA5JF           ANDY       GA  WB8JAY          DAN        OH  
QSO:    7016 CW 2025-01-12 0100 AA5JF           ANDY       GA  WN7S            DICK       VA  
QSO:    7016 CW 2025-01-12 0102 AA5JF           ANDY       GA  VE2FK           DUB        QC  
QSO:   14038 CW 2025-01-12 0102 AA5JF           ANDY       GA  VE7IO           FRED       BC  
QSO:   14030 CW 2025-01-12 0105 AA5JF           ANDY       GA  KP2M            PHIL       KP2 
QSO:    7016 CW 2025-01-12 0105 AA5JF           ANDY       GA  K3AJ            TOM        MD  
QSO:    7016 CW 2025-01-12 0105 AA5JF           ANDY       GA  VE3MM           RICK       ON  
QSO:   14028 CW 2025-01-12 0106 AA5JF           ANDY       GA  N9RV            PAT        MT  
QSO:    7016 CW 2025-01-12 0107 AA5JF           ANDY       GA  W8BI            ROB        OH  
QSO:    7016 CW 2025-01-12 0107 AA5JF           ANDY       GA  K8RGI           BOB        OH  
QSO:    7016 CW 2025-01-12 0107 AA5JF           ANDY       GA  VA3TMV          TIM        ON  
QSO:    7016 CW 2025-01-12 0108 AA5JF           ANDY       GA  K5BG            BOB        TX  
QSO:    7016 CW 2025-01-12 0108 AA5JF           ANDY       GA  K5OY            STEVE      AR  
QSO:   14025 CW 2025-01-12 0108 AA5JF           ANDY       GA  K7GA            JEFF       AZ  
QSO:    7016 CW 2025-01-12 0109 AA5JF           ANDY       GA  WA3AER          TED        MD  
QSO:    7016 CW 2025-01-12 0110 AA5JF           ANDY       GA  WA3AAN          GRANT      PA  
QSO:    7016 CW 2025-01-12 0113 AA5JF           ANDY       GA  KV0I            BILL       NE  
QSO:    7016 CW 2025-01-12 0113 AA5JF           ANDY       GA  N9GUN           TOM        IL  
QSO:    7016 CW 2025-01-12 0114 AA5JF           ANDY       GA  K5KJ            SAM        TX  
QSO:   14013 CW 2025-01-12 0114 AA5JF           ANDY       GA  WP3Z            JOE        KP4 
QSO:    7016 CW 2025-01-12 0115 AA5JF           ANDY       GA  WO7U            JIM        MO  
QSO:    7016 CW 2025-01-12 0115 AA5JF           ANDY       GA  W1QK            DAN        CT  
QSO:    7016 CW 2025-01-12 0116 AA5JF           ANDY       GA  N3IW            BILL       PA  
QSO:    7016 CW 2025-01-12 0116 AA5JF           ANDY       GA  W2JV            PETE       NY  
QSO:    7016 CW 2025-01-12 0116 AA5JF           ANDY       GA  W0OR            BILL       MN  
QSO:   14019 CW 2025-01-12 0117 AA5JF           ANDY       GA  AE6Y            ANDY       CA  
QSO:    7016 CW 2025-01-12 0119 AA5JF           ANDY       GA  AK1MD           ALEX       MA  
QSO:    7016 CW 2025-01-12 0120 AA5JF           ANDY       GA  K5TS            DAVE       LA  
QSO:    7016 CW 2025-01-12 0120 AA5JF           ANDY       GA  K8BZ            STEVE      MI  
QSO:    7016 CW 2025-01-12 0120 AA5JF           ANDY       GA  W4GKA           GLEN       FL  
QSO:    7016 CW 2025-01-12 0121 AA5JF           ANDY       GA  K8VA            MIKE       MI  
QSO:   14034 CW 2025-01-12 0122 AA5JF           ANDY       GA  K6XX            BOB        CA  
QSO:   14034 CW 2025-01-12 0123 AA5JF           ANDY       GA  AA6PW           BOB        CA  
QSO:    7016 CW 2025-01-12 0124 AA5JF           ANDY       GA  K2SG            TONY       FL  
QSO:    7016 CW 2025-01-12 0125 AA5JF           ANDY       GA  AA3RT           ROY        PA  
QSO:    7016 CW 2025-01-12 0125 AA5JF           ANDY       GA  N3NR            NICK       PA  
QSO:   14044 CW 2025-01-12 0126 AA5JF           ANDY       GA  WH7T            MARK       HI  
QSO:    7016 CW 2025-01-12 0127 AA5JF           ANDY       GA  N8TW            MAT        MI  
QSO:    7016 CW 2025-01-12 0127 AA5JF           ANDY       GA  KD9MS           CRAIG      IL  
QSO:    7016 CW 2025-01-12 0128 AA5JF           ANDY       GA  AG9A            MARK       IL  
QSO:    7016 CW 2025-01-12 0128 AA5JF           ANDY       GA  WK2W            CHRIS      NJ  
QSO:    7016 CW 2025-01-12 0128 AA5JF           ANDY       GA  W9FY            OLAF       IL  
QSO:    3524 CW 2025-01-12 0130 AA5JF           ANDY       GA  K3PA            DREW       KS  
QSO:    3524 CW 2025-01-12 0131 AA5JF           ANDY       GA  KI1G            RICK       RI  
QSO:    3524 CW 2025-01-12 0131 AA5JF           ANDY       GA  AD4EB           JIM        TN  
QSO:    3524 CW 2025-01-12 0131 AA5JF           ANDY       GA  N8KH            KEN        FL  
QSO:    3524 CW 2025-01-12 0132 AA5JF           ANDY       GA  K9NW            MIKE       OH  
QSO:    3524 CW 2025-01-12 0133 AA5JF           ANDY       GA  N4UJ            GENE       GA  
QSO:    3524 CW 2025-01-12 0134 AA5JF           ANDY       GA  W2NO            DAN        NJ  
QSO:    3524 CW 2025-01-12 0134 AA5JF           ANDY       GA  K5EK            ED         NC  
QSO:    3524 CW 2025-01-12 0134 AA5JF           ANDY       GA  K4FT            JOHN       SC  
QSO:    3524 CW 2025-01-12 0135 AA5JF           ANDY       GA  W3MA            JOHN       PA  
QSO:    3524 CW 2025-01-12 0135 AA5JF           ANDY       GA  N8AA            JOHN       OH  
QSO:    3524 CW 2025-01-12 0135 AA5JF           ANDY       GA  AK1MD           ALEX       MA  
QSO:    3524 CW 2025-01-12 0136 AA5JF           ANDY       GA  VA3TMV          TIM        ON  
QSO:    3524 CW 2025-01-12 0136 AA5JF           ANDY       GA  N4IQ            BILL       SC  
QSO:    3524 CW 2025-01-12 0137 AA5JF           ANDY       GA  KC4LZN          JOHN       FL  
QSO:    3524 CW 2025-01-12 0138 AA5JF           ANDY       GA  K0TRL           BRAD       KS  
QSO:    3524 CW 2025-01-12 0138 AA5JF           ANDY       GA  N8II            JEFF       WV  
QSO:    3524 CW 2025-01-12 0138 AA5JF           ANDY       GA  KR2AA           ERIC       NY  
QSO:    3524 CW 2025-01-12 0139 AA5JF           ANDY       GA  N3MM            HARRY      VA  
QSO:    3524 CW 2025-01-12 0140 AA5JF           ANDY       GA  N4CF            MIKE       VA  
QSO:    3524 CW 2025-01-12 0140 AA5JF           ANDY       GA  K4MI            JON        VA  
QSO:    3524 CW 2025-01-12 0141 AA5JF           ANDY       GA  W1DYJ           LARRY      MA  
QSO:    3524 CW 2025-01-12 0141 AA5JF           ANDY       GA  N3RTW           SEAN       VA  
QSO:    3524 CW 2025-01-12 0141 AA5JF           ANDY       GA  K7GM            RICK       NC  
QSO:    3524 CW 2025-01-12 0142 AA5JF           ANDY       GA  W1ARY           MARCEL     CT  
QSO:    3524 CW 2025-01-12 0142 AA5JF           ANDY       GA  WG4V            MARIUS     GA  
QSO:    3524 CW 2025-01-12 0143 AA5JF           ANDY       GA  N9MSG           JOHN       IL  
QSO:    3524 CW 2025-01-12 0143 AA5JF           ANDY       GA  KW1X            MARK       MA  
QSO:    3524 CW 2025-01-12 0143 AA5JF           ANDY       GA  KW4CW           TOM        VA  
QSO:    3524 CW 2025-01-12 0144 AA5JF           ANDY       GA  KT3T            PAUL       FL  
QSO:    3524 CW 2025-01-12 0144 AA5JF           ANDY       GA  KC3M            JACK       PA  
QSO:    3524 CW 2025-01-12 0144 AA5JF           ANDY       GA  KD9MS           CRAIG      IL  
QSO:    7017 CW 2025-01-12 0145 AA5JF           ANDY       GA  N4WW            DOC        FL  
QSO:    3524 CW 2025-01-12 0146 AA5JF           ANDY       GA  K1TH            TOM        MA  
QSO:    3524 CW 2025-01-12 0148 AA5JF           ANDY       GA  AF4T            DOUG       TN  
QSO:    3524 CW 2025-01-12 0149 AA5JF           ANDY       GA  WN7S            DICK       VA  
QSO:    3524 CW 2025-01-12 0149 AA5JF           ANDY       GA  N0UY            RAY        MN  
QSO:    3524 CW 2025-01-12 0150 AA5JF           ANDY       GA  N2UU            BOB        NJ  
QSO:    3524 CW 2025-01-12 0151 AA5JF           ANDY       GA  N4SS            TOM        KY  
QSO:    3524 CW 2025-01-12 0152 AA5JF           ANDY       GA  K1RF            STEVE      CT  
QSO:    3524 CW 2025-01-12 0152 AA5JF           ANDY       GA  AA3R            FRED       DE  
QSO:    3524 CW 2025-01-12 0152 AA5JF           ANDY       GA  VE3NE           LALI       ON  
QSO:    3524 CW 2025-01-12 0152 AA5JF           ANDY       GA  K9YY            RON        IL  
QSO:    3524 CW 2025-01-12 0153 AA5JF           ANDY       GA  VE3PJ           GREG       ON  
QSO:    7018 CW 2025-01-12 0153 AA5JF           ANDY       GA  N9RV            PAT        MT  
QSO:    3524 CW 2025-01-12 0154 AA5JF           ANDY       GA  W4TM            ROY        GA  
QSO:    3524 CW 2025-01-12 0155 AA5JF           ANDY       GA  K8RGI           BOB        OH  
QSO:    3524 CW 2025-01-12 0155 AA5JF           ANDY       GA  N4KS            KEN        FL  
QSO:    3524 CW 2025-01-12 0155 AA5JF           ANDY       GA  K4QPL           JIM        NC  
QSO:    3524 CW 2025-01-12 0156 AA5JF           ANDY       GA  KQ4R            ED         FL  
QSO:    3524 CW 2025-01-12 0156 AA5JF           ANDY       GA  NC3Y            TOM        MD  
QSO:    7020 CW 2025-01-12 0156 AA5JF           ANDY       GA  K4IU            FRED       MN  
QSO:    3524 CW 2025-01-12 0157 AA5JF           ANDY       GA  W3CB            JOE        MI  
QSO:    7022 CW 2025-01-12 0158 AA5JF           ANDY       GA  W0PR            LARRY      MN  
QSO:    7023 CW 2025-01-12 0158 AA5JF           ANDY       GA  VE9XDX          GERRY      NB  
QSO:    3524 CW 2025-01-12 0201 AA5JF           ANDY       GA  WO2T            AL         NJ  
QSO:    7024 CW 2025-01-12 0201 AA5JF           ANDY       GA  N2IC            STEVE      NM  
QSO:    3524 CW 2025-01-12 0202 AA5JF           ANDY       GA  N3MN            JOHN       VA  
QSO:    7025 CW 2025-01-12 0202 AA5JF           ANDY       GA  WJ9B            WILL       ID  
QSO:    7025 CW 2025-01-12 0203 AA5JF           ANDY       GA  VE3JM           VLAD       ON  
QSO:    7026 CW 2025-01-12 0204 AA5JF           ANDY       GA  N6TV            BOB        CA  
QSO:    3525 CW 2025-01-12 0205 AA5JF           ANDY       GA  NA8V            GREG       MI  
QSO:    3525 CW 2025-01-12 0207 AA5JF           ANDY       GA  N4AF            HOWIE      NC  
QSO:    3527 CW 2025-01-12 0208 AA5JF           ANDY       GA  W0AAE           BOB        IA  
QSO:    3528 CW 2025-01-12 0210 AA5JF           ANDY       GA  K7SV            LAR        VA  
QSO:    7029 CW 2025-01-12 0211 AA5JF           ANDY       GA  NG7M            MAX        UT  
QSO:    3529 CW 2025-01-12 0211 AA5JF           ANDY       GA  N4YDU           NATE       NC  
QSO:    7028 CW 2025-01-12 0213 AA5JF           ANDY       GA  K7QA            TOM        MT  
QSO:    7028 CW 2025-01-12 0213 AA5JF           ANDY       GA  K0HB            BOY        MN  
QSO:    3530 CW 2025-01-12 0213 AA5JF           ANDY       GA  N3RD            DAVE       PA  
QSO:    3531 CW 2025-01-12 0214 AA5JF           ANDY       GA  W9RE            MIKE       IN  
QSO:    7028 CW 2025-01-12 0214 AA5JF           ANDY       GA  KE0TT           DAN        MN  
QSO:    7028 CW 2025-01-12 0215 AA5JF           ANDY       GA  W7II            BILL       IA  
QSO:    7028 CW 2025-01-12 0215 AA5JF           ANDY       GA  WA9LEY          LEE        IL  
QSO:    7028 CW 2025-01-12 0216 AA5JF           ANDY       GA  W3UL            BILL       PA  
QSO:    7028 CW 2025-01-12 0216 AA5JF           ANDY       GA  KA0IKD          TODD       OK  
QSO:    3532 CW 2025-01-12 0217 AA5JF           ANDY       GA  AD4SA           SCOTT      VA  
QSO:    7028 CW 2025-01-12 0217 AA5JF           ANDY       GA  WB2VVV          CHRIS      RI  
QSO:    7028 CW 2025-01-12 0217 AA5JF           ANDY       GA  ND7K            DAN        AZ  
QSO:    7028 CW 2025-01-12 0218 AA5JF           ANDY       GA  KC9EOQ          PAUL       IL  
QSO:    7028 CW 2025-01-12 0218 AA5JF           ANDY       GA  K2YG            DAVE       NJ  
QSO:    3532 CW 2025-01-12 0219 AA5JF           ANDY       GA  K0AD            AL         MN  
QSO:    7028 CW 2025-01-12 0219 AA5JF           ANDY       GA  AD1C            JIM        CO  
QSO:    3533 CW 2025-01-12 0219 AA5JF           ANDY       GA  NO3M            TY         PA  
QSO:    7028 CW 2025-01-12 0220 AA5JF           ANDY       GA  VE3GFN          MIKE       ON  
QSO:    7028 CW 2025-01-12 0221 AA5JF           ANDY       GA  KB3IBT          DAN        PA  
QSO:    7028 CW 2025-01-12 0221 AA5JF           ANDY       GA  VE3PJ           GREG       ON  
QSO:    7028 CW 2025-01-12 0221 AA5JF           ANDY       GA  N7IP            BOB        OR  
QSO:    7028 CW 2025-01-12 0222 AA5JF           ANDY       GA  K1TH            TOM        MA  
QSO:    3534 CW 2025-01-12 0222 AA5JF           ANDY       GA  VE4EA           CARY       MB  
QSO:    3535 CW 2025-01-12 0222 AA5JF           ANDY       GA  N5EE            KEN        AR  
QSO:    7028 CW 2025-01-12 0223 AA5JF           ANDY       GA  WS3C            MIKE       PA  
QSO:    7028 CW 2025-01-12 0223 AA5JF           ANDY       GA  N5REL           NATHAN     TX  
QSO:    7028 CW 2025-01-12 0224 AA5JF           ANDY       GA  N3RD            DAVE       PA  
QSO:    3535 CW 2025-01-12 0224 AA5JF           ANDY       GA  K3MM            TY         MD  
QSO:    7028 CW 2025-01-12 0225 AA5JF           ANDY       GA  K7PJT           TOM        OR  
QSO:    7028 CW 2025-01-12 0226 AA5JF           ANDY       GA  KM9R            MIKE       NV  
QSO:    3535 CW 2025-01-12 0226 AA5JF           ANDY       GA  K8BB            DON        MI  
QSO:    7028 CW 2025-01-12 0227 AA5JF           ANDY       GA  WA2JQK          BOB        NY  
QSO:    7028 CW 2025-01-12 0227 AA5JF           ANDY       GA  K5TA            SCOTT      NM  
QSO:    3536 CW 2025-01-12 0228 AA5JF           ANDY       GA  W4NF            JACK       VA  
QSO:    7028 CW 2025-01-12 0229 AA5JF           ANDY       GA  W2FU            JEFF       NY  
QSO:    7028 CW 2025-01-12 0229 AA5JF           ANDY       GA  KK1L            RON        VT  
QSO:    7028 CW 2025-01-12 0230 AA5JF           ANDY       GA  K9PW            PETE       IL  
QSO:    7028 CW 2025-01-12 0230 AA5JF           ANDY       GA  W9NXM           GUS        IL  
QSO:    7028 CW 2025-01-12 0230 AA5JF           ANDY       GA  KE8UVX          KEVIN      MI  
QSO:    7028 CW 2025-01-12 0231 AA5JF           ANDY       GA  N7EPD           ERIC       WA  
QSO:    7028 CW 2025-01-12 0231 AA5JF           ANDY       GA  N2HMM           JOHN       NJ  
QSO:    7028 CW 2025-01-12 0231 AA5JF           ANDY       GA  W5AL            ROGER      TX  
QSO:    7028 CW 2025-01-12 0232 AA5JF           ANDY       GA  KA2WIK          ALAN       NY  
QSO:    7028 CW 2025-01-12 0232 AA5JF           ANDY       GA  K2AL            AL         NJ  
QSO:    3536 CW 2025-01-12 0232 AA5JF           ANDY       GA  K0HB            BOY        MN  
QSO:    3537 CW 2025-01-12 0233 AA5JF           ANDY       GA  NP3Y            PAUL       KP4 
QSO:    7028 CW 2025-01-12 0233 AA5JF           ANDY       GA  KA5CJJ          ALLEN      TX  
QSO:    7028 CW 2025-01-12 0234 AA5JF           ANDY       GA  AB0S            TIM        NE  
QSO:    7028 CW 2025-01-12 0235 AA5JF           ANDY       GA  K9YC            JIM        CA  
QSO:    7028 CW 2025-01-12 0235 AA5JF           ANDY       GA  K3UL            BOB        PA  
QSO:    7028 CW 2025-01-12 0235 AA5JF           ANDY       GA  N0XT            JACK       MN  
QSO:    3537 CW 2025-01-12 0236 AA5JF           ANDY       GA  VE3EY           NICK       ON  
QSO:    3538 CW 2025-01-12 0237 AA5JF           ANDY       GA  K1TR            ED         NH  
QSO:    7028 CW 2025-01-12 0237 AA5JF           ANDY       GA  K6LL            DAVE       AZ  
QSO:    7028 CW 2025-01-12 0238 AA5JF           ANDY       GA  KN0V            GARY       MN  
QSO:    7028 CW 2025-01-12 0238 AA5JF           ANDY       GA  K0MPH           ROGER      MN  
QSO:    7028 CW 2025-01-12 0239 AA5JF           ANDY       GA  K5QQ            JIM        MO  
QSO:    7028 CW 2025-01-12 0240 AA5JF           ANDY       GA  VE3RSA          TOM        ON  
QSO:    7028 CW 2025-01-12 0242 AA5JF           ANDY       GA  N0AX            AL         MO  
QSO:    3539 CW 2025-01-12 0243 AA5JF           ANDY       GA  N2YO            CHIP       VA  
QSO:    7028 CW 2025-01-12 0244 AA5JF           ANDY       GA  WA1ZYX          JOEL       NH  
QSO:    7028 CW 2025-01-12 0244 AA5JF           ANDY       GA  W6FB            JACK       LA  
QSO:    3540 CW 2025-01-12 0245 AA5JF           ANDY       GA  AC0C            JEFF       KS  
QSO:    7028 CW 2025-01-12 0245 AA5JF           ANDY       GA  AA5AU           DON        LA  
QSO:    7028 CW 2025-01-12 0246 AA5JF           ANDY       GA  KS7T            FRED       MT  
QSO:    7028 CW 2025-01-12 0246 AA5JF           ANDY       GA  WI9WI           JIM        WI  
QSO:    3540 CW 2025-01-12 0246 AA5JF           ANDY       GA  KB1W            LEN        MA  
QSO:    7028 CW 2025-01-12 0247 AA5JF           ANDY       GA  AC0W            BILL       MN  
QSO:    3540 CW 2025-01-12 0251 AA5JF           ANDY       GA  K4ZW            KEN        VA  
QSO:    7031 CW 2025-01-12 0251 AA5JF           ANDY       GA  AI0Y            JOE        ND  
QSO:    7030 CW 2025-01-12 0253 AA5JF           ANDY       GA  N2TTL           JAY        FL  
QSO:    3541 CW 2025-01-12 0253 AA5JF           ANDY       GA  WD9CIR          STEVE      IL  
QSO:    7030 CW 2025-01-12 0255 AA5JF           ANDY       GA  KC3MAL          STUART     IA  
QSO:    3543 CW 2025-01-12 0255 AA5JF           ANDY       GA  N1DE            DAN        ME  
QSO:    7030 CW 2025-01-12 0256 AA5JF           ANDY       GA  W4EE            JIM        FL  
QSO:    7030 CW 2025-01-12 0257 AA5JF           ANDY       GA  K3DNE           ED         SC  
QSO:    7030 CW 2025-01-12 0257 AA5JF           ANDY       GA  N6CHU           BOB        WA  
QSO:    3544 CW 2025-01-12 0258 AA5JF           ANDY       GA  K0RF            CHUCK      CO  
QSO:    3544 CW 2025-01-12 0259 AA5JF           ANDY       GA  NN3Q            RUSS       PA  
QSO:    7030 CW 2025-01-12 0259 AA5JF           ANDY       GA  N9CK            STEVE      WI  
QSO:    7030 CW 2025-01-12 0259 AA5JF           ANDY       GA  K8IA            BOB        AZ  
QSO:    7030 CW 2025-01-12 0300 AA5JF           ANDY       GA  WB5HOW          VICTOR     TX  
QSO:    7030 CW 2025-01-12 0300 AA5JF           ANDY       GA  K6UFO           MARK       CA  
QSO:    3544 CW 2025-01-12 0301 AA5JF           ANDY       GA  N8EA            JOE        MI  
QSO:    3545 CW 2025-01-12 0301 AA5JF           ANDY       GA  WC4E            JEFF       FL  
QSO:    7030 CW 2025-01-12 0302 AA5JF           ANDY       GA  N2MF            BJ         NY  
QSO:    7030 CW 2025-01-12 0302 AA5JF           ANDY       GA  K5TXM           MIKE       TX  
QSO:    7030 CW 2025-01-12 0303 AA5JF           ANDY       GA  VE3RGO          STU        ON  
QSO:    7030 CW 2025-01-12 0303 AA5JF           ANDY       GA  K9WA            JIM        IL  
QSO:    7030 CW 2025-01-12 0303 AA5JF           ANDY       GA  W0TG            BILL       TX  
QSO:    7030 CW 2025-01-12 0304 AA5JF           ANDY       GA  N3AD            ALAN       PA  
QSO:    3545 CW 2025-01-12 0304 AA5JF           ANDY       GA  W2FU            JEFF       NY  
QSO:    3545 CW 2025-01-12 0305 AA5JF           ANDY       GA  N0AT            RON        MN  
QSO:    7030 CW 2025-01-12 0305 AA5JF           ANDY       GA  AA3B            BUD        PA  
QSO:    7030 CW 2025-01-12 0306 AA5JF           ANDY       GA  W0ZB            STEVE      MO  
QSO:    3546 CW 2025-01-12 0308 AA5JF           ANDY       GA  K8BTU           BILL       OH  
QSO:    3546 CW 2025-01-12 0310 AA5JF           ANDY       GA  VE5GC           GRAY       SK  
QSO:    7030 CW 2025-01-12 0311 AA5JF           ANDY       GA  W0YJT           JOHN       KS  
QSO:    7030 CW 2025-01-12 0312 AA5JF           ANDY       GA  AB7R            GREG       ID  
QSO:    7030 CW 2025-01-12 0313 AA5JF           ANDY       GA  WB2KWC          KEN        NY  
QSO:    3549 CW 2025-01-12 0313 AA5JF           ANDY       GA  N4CWZ           DAVE       NC  
QSO:    7030 CW 2025-01-12 0314 AA5JF           ANDY       GA  VE3YT           VIC        ON  
QSO:    7030 CW 2025-01-12 0314 AA5JF           ANDY       GA  KG5U            DENNIS     TX  
QSO:    7030 CW 2025-01-12 0315 AA5JF           ANDY       GA  WB9VGO          BOB        IL  
QSO:    7030 CW 2025-01-12 0315 AA5JF           ANDY       GA  AA9L            RICH       WI  
QSO:    3550 CW 2025-01-12 0315 AA5JF           ANDY       GA  N4WW            DOC        FL  
QSO:    7030 CW 2025-01-12 0316 AA5JF           ANDY       GA  K1VUT           DAVE       MA  
QSO:    7030 CW 2025-01-12 0316 AA5JF           ANDY       GA  N6ZFO           BILL       CA  
QSO:    7030 CW 2025-01-12 0317 AA5JF           ANDY       GA  K0SIX           VINCE      MN  
QSO:    7030 CW 2025-01-12 0320 AA5JF           ANDY       GA  W6MVM           MIKE       CA  
QSO:    7030 CW 2025-01-12 0321 AA5JF           ANDY       GA  K0TG            JOHN       MN  
QSO:    7030 CW 2025-01-12 0322 AA5JF           ANDY       GA  N5AW            MARV       TX  
QSO:    1835 CW 2025-01-12 0325 AA5JF           ANDY       GA  N4YDU           NATE       NC  
QSO:    1835 CW 2025-01-12 0325 AA5JF           ANDY       GA  N3RD            DAVE       PA  
QSO:    1835 CW 2025-01-12 0325 AA5JF           ANDY       GA  K2QO            MARK       NY  
QSO:    1835 CW 2025-01-12 0326 AA5JF           ANDY       GA  K9WO            STEVE      WI  
QSO:    1835 CW 2025-01-12 0326 AA5JF           ANDY       GA  N2YO            CHIP       VA  
QSO:    1835 CW 2025-01-12 0328 AA5JF           ANDY       GA  W1UJ            JAY        MA  
QSO:    1835 CW 2025-01-12 0328 AA5JF           ANDY       GA  W3MA            JOHN       PA  
QSO:    7028 CW 2025-01-12 0329 AA5JF           ANDY       GA  K9CT            CRAIG      IL  
QSO:    7026 CW 2025-01-12 0329 AA5JF           ANDY       GA  N5TJ            JEFF       TX  
QSO:    1835 CW 2025-01-12 0331 AA5JF           ANDY       GA  N3CKI           DAVE       NC  
QSO:    1835 CW 2025-01-12 0331 AA5JF           ANDY       GA  KT9L            LARRY      IN  
QSO:    1835 CW 2025-01-12 0332 AA5JF           ANDY       GA  AA3B            BUD        PA  
QSO:    7022 CW 2025-01-12 0333 AA5JF           ANDY       GA  K0EU            KEN        CO  
QSO:    1835 CW 2025-01-12 0333 AA5JF           ANDY       GA  AK1MD           ALEX       MA  
QSO:    1837 CW 2025-01-12 0334 AA5JF           ANDY       GA  K4FT            JOHN       SC  
QSO:    1832 CW 2025-01-12 0335 AA5JF           ANDY       GA  K1TR            ED         NH  
QSO:    7023 CW 2025-01-12 0337 AA5JF           ANDY       GA  W6JTI           FRANK      CA  
QSO:    7023 CW 2025-01-12 0337 AA5JF           ANDY       GA  K9CW            DREW       IL  
QSO:    1829 CW 2025-01-12 0338 AA5JF           ANDY       GA  N4SS            TOM        KY  
QSO:    7023 CW 2025-01-12 0339 AA5JF           ANDY       GA  AA9RK           MIKE       WI  
QSO:    1826 CW 2025-01-12 0340 AA5JF           ANDY       GA  K9BGL           KARL       IL  
QSO:    7023 CW 2025-01-12 0341 AA5JF           ANDY       GA  K1DK            DAN        NJ  
QSO:    1832 CW 2025-01-12 0344 AA5JF           ANDY       GA  N4ZZ            DON        TN  
QSO:    1832 CW 2025-01-12 0344 AA5JF           ANDY       GA  W2FU            JEFF       NY  
QSO:    1832 CW 2025-01-12 0344 AA5JF           ANDY       GA  K9MA            SCOTT      WI  
QSO:    1832 CW 2025-01-12 0345 AA5JF           ANDY       GA  N0AT            RON        MN  
QSO:    1832 CW 2025-01-12 0345 AA5JF           ANDY       GA  K9CT            CRAIG      IL  
QSO:    7014 CW 2025-01-12 0346 AA5JF           ANDY       GA  W9CF            KEVIN      AZ  
QSO:    7021 CW 2025-01-12 0347 AA5JF           ANDY       GA  K3CCR           BEN        MD  
QSO:    1832 CW 2025-01-12 0347 AA5JF           ANDY       GA  VE3JM           VLAD       ON  
QSO:    1832 CW 2025-01-12 0348 AA5JF           ANDY       GA  W3KB            KEITH      PA  
QSO:    1832 CW 2025-01-12 0348 AA5JF           ANDY       GA  KQ4E            JIM        TN  
QSO:    1832 CW 2025-01-12 0349 AA5JF           ANDY       GA  AA4DD           DAVE       TN  
QSO:    1832 CW 2025-01-12 0349 AA5JF           ANDY       GA  NW0M            MITCH      MO  
QSO:    7021 CW 2025-01-12 0349 AA5JF           ANDY       GA  N7IR            GARY       AZ  
QSO:    1832 CW 2025-01-12 0350 AA5JF           ANDY       GA  K2RET           BOB        NJ  
QSO:    7026 CW 2025-01-12 0350 AA5JF           ANDY       GA  ZF5T            STAN       ZF  
QSO:    7027 CW 2025-01-12 0351 AA5JF           ANDY       GA  NX6T            PAT        CA  
QSO:    1832 CW 2025-01-12 0351 AA5JF           ANDY       GA  NA8V            GREG       MI  
QSO:    7027 CW 2025-01-12 0352 AA5JF           ANDY       GA  WD0T            TODD       SD  
QSO:    1832 CW 2025-01-12 0353 AA5JF           ANDY       GA  AD8J            JOHN       NC  
QSO:    7031 CW 2025-01-12 0353 AA5JF           ANDY       GA  K4OJ            JIM        FL  
QSO:    7032 CW 2025-01-12 0355 AA5JF           ANDY       GA  NS0R            MO         KS  
QSO:    1832 CW 2025-01-12 0355 AA5JF           ANDY       GA  KU8E            JEFF       GA  
QSO:    1832 CW 2025-01-12 0355 AA5JF           ANDY       GA  K4ZW            KEN        VA  
QSO:    1833 CW 2025-01-12 0356 AA5JF           ANDY       GA  WA1S            ANN        FL  
QSO:    1835 CW 2025-01-12 0357 AA5JF           ANDY       GA  N9CK            STEVE      WI  
QSO:    1836 CW 2025-01-12 0357 AA5JF           ANDY       GA  KI1G            RICK       RI  
QSO:    1827 CW 2025-01-12 0359 AA5JF           ANDY       GA  NP3Y            PAUL       KP4 
QSO:    1826 CW 2025-01-12 0400 AA5JF           ANDY       GA  VE3MGY          BRIAN      ON  
QSO:    1825 CW 2025-01-12 0400 AA5JF           ANDY       GA  K5KU            GARY       LA  
QSO:    1824 CW 2025-01-12 0401 AA5JF           ANDY       GA  W1KM            GREG       MA  
QSO:    1820 CW 2025-01-12 0401 AA5JF           ANDY       GA  K5TR            RALPH      TX  
QSO:    1819 CW 2025-01-12 0402 AA5JF           ANDY       GA  NS0R            MO         KS  
QSO:    1815 CW 2025-01-12 0403 AA5JF           ANDY       GA  NO3M            TY         PA  
QSO:    1824 CW 2025-01-12 0404 AA5JF           ANDY       GA  W0PR            LARRY      MN  
QSO:    1828 CW 2025-01-12 0405 AA5JF           ANDY       GA  K3TS            TONY       PA  
QSO:    1828 CW 2025-01-12 0405 AA5JF           ANDY       GA  ZF5T            STAN       ZF  
QSO:    1829 CW 2025-01-12 0406 AA5JF           ANDY       GA  KB9OWD          RYAN       WI  
QSO:    1829 CW 2025-01-12 0406 AA5JF           ANDY       GA  AD4EB           JIM        TN  
QSO:    1830 CW 2025-01-12 0406 AA5JF           ANDY       GA  WT9U            JIM        IN  
QSO:    1830 CW 2025-01-12 0407 AA5JF           ANDY       GA  W1SJ            MITCH      VT  
QSO:    1832 CW 2025-01-12 0408 AA5JF           ANDY       GA  N4XD            RON        NC  
QSO:    1833 CW 2025-01-12 0408 AA5JF           ANDY       GA  N0AX            AL         MO  
QSO:    7034 CW 2025-01-12 0411 AA5JF           ANDY       GA  W1YL            LN         FL  
QSO:    7035 CW 2025-01-12 0411 AA5JF           ANDY       GA  VE6RST          MAX        AB  
QSO:    3543 CW 2025-01-12 0412 AA5JF           ANDY       GA  K9GA            GEO        IL  
QSO:    3543 CW 2025-01-12 0413 AA5JF           ANDY       GA  W8RU            RON        MI  
QSO:    7035 CW 2025-01-12 0413 AA5JF           ANDY       GA  WT3K            DARYL      MD  
QSO:    3543 CW 2025-01-12 0414 AA5JF           ANDY       GA  N2GC            MIKE       NY  
QSO:    3543 CW 2025-01-12 0414 AA5JF           ANDY       GA  NM2A            MARK       NY  
QSO:    3543 CW 2025-01-12 0415 AA5JF           ANDY       GA  N9TF            GENE       TN  
QSO:    7036 CW 2025-01-12 0415 AA5JF           ANDY       GA  VE7ZO           JIM        BC  
QSO:    3543 CW 2025-01-12 0416 AA5JF           ANDY       GA  KE4R            MIKE       GA  
QSO:    7039 CW 2025-01-12 0417 AA5JF           ANDY       GA  NP3Y            PAUL       KP4 
QSO:    3543 CW 2025-01-12 0417 AA5JF           ANDY       GA  W9AV            CLINT      WI  
QSO:    7042 CW 2025-01-12 0418 AA5JF           ANDY       GA  VO2AC           CHRIS      NL  
QSO:    3543 CW 2025-01-12 0418 AA5JF           ANDY       GA  W1WEF           JACK       CT  
QSO:    3543 CW 2025-01-12 0419 AA5JF           ANDY       GA  K2AL            AL         NJ  
QSO:    3543 CW 2025-01-12 0420 AA5JF           ANDY       GA  K4AL            ALLEN      TN  
QSO:    3543 CW 2025-01-12 0421 AA5JF           ANDY       GA  K5XU            BRAILLE    MS  
QSO:    3543 CW 2025-01-12 0422 AA5JF           ANDY       GA  WT9U            JIM        IN  
QSO:    3543 CW 2025-01-12 0422 AA5JF           ANDY       GA  N0AX            AL         MO  
QSO:    3543 CW 2025-01-12 0423 AA5JF           ANDY       GA  W2MKM           ED         NJ  
QSO:    3543 CW 2025-01-12 0424 AA5JF           ANDY       GA  WB4ABY          CARL       GA  
QSO:    3543 CW 2025-01-12 0424 AA5JF           ANDY       GA  VA3SP           MIKE       ON  
QSO:    3543 CW 2025-01-12 0425 AA5JF           ANDY       GA  WA4WR           BILL       NC  
QSO:    3543 CW 2025-01-12 0426 AA5JF           ANDY       GA  K4IU            FRED       MN  
QSO:    3543 CW 2025-01-12 0426 AA5JF           ANDY       GA  W4CMG           CATHY      TN  
QSO:    3543 CW 2025-01-12 0427 AA5JF           ANDY       GA  N0TA            JOHN       CO  
QSO:    3543 CW 2025-01-12 0427 AA5JF           ANDY       GA  KC3SJ           STEVE      KY  
QSO:    7043 CW 2025-01-12 0428 AA5JF           ANDY       GA  WA1S            ANN        FL  
QSO:    7041 CW 2025-01-12 0428 AA5JF           ANDY       GA  WO1N            KEN        MA  
QSO:    7041 CW 2025-01-12 0429 AA5JF           ANDY       GA  W1CW            BOB        FL  
QSO:    3543 CW 2025-01-12 0430 AA5JF           ANDY       GA  W9RNY           MIKE       IL  
QSO:    3543 CW 2025-01-12 0431 AA5JF           ANDY       GA  W1N             TRUMP      FL  
QSO:    7037 CW 2025-01-12 0431 AA5JF           ANDY       GA  K0WA            LEE        KS  
QSO:    3543 CW 2025-01-12 0431 AA5JF           ANDY       GA  K2SG            TONY       FL  
QSO:    7036 CW 2025-01-12 0432 AA5JF           ANDY       GA  AH6KO           STAN       HI  
QSO:    7036 CW 2025-01-12 0432 AA5JF           ANDY       GA  KA1IS           TOM        ME  
QSO:    3543 CW 2025-01-12 0433 AA5JF           ANDY       GA  WA2LMC          CLIFF      NC  
QSO:    3543 CW 2025-01-12 0434 AA5JF           ANDY       GA  N1AU            JOHN       MA  
QSO:    7029 CW 2025-01-12 0434 AA5JF           ANDY       GA  WP3Z            JOE        KP4 
QSO:    7025 CW 2025-01-12 0435 AA5JF           ANDY       GA  W1WEF           JACK       CT  
QSO:    3543 CW 2025-01-12 0436 AA5JF           ANDY       GA  NA4J            JIM        NC  
QSO:    3543 CW 2025-01-12 0436 AA5JF           ANDY       GA  K0AP            DD         KS  
QSO:    3543 CW 2025-01-12 0436 AA5JF           ANDY       GA  K4FN            DAN        KY  
QSO:    7024 CW 2025-01-12 0437 AA5JF           ANDY       GA  AA4NP           JIM        FL  
QSO:    3543 CW 2025-01-12 0438 AA5JF           ANDY       GA  KV0I            BILL       NE  
QSO:    7023 CW 2025-01-12 0438 AA5JF           ANDY       GA  K4RUM           MIKE       NY  
QSO:    7019 CW 2025-01-12 0439 AA5JF           ANDY       GA  KR2Q            DOUG       NJ  
QSO:    7017 CW 2025-01-12 0439 AA5JF           ANDY       GA  WA8ZBT          DENNIS     TX  
QSO:    3543 CW 2025-01-12 0440 AA5JF           ANDY       GA  N2EY            JIM        PA  
QSO:    3543 CW 2025-01-12 0440 AA5JF           ANDY       GA  N1WR            WAYNE      VA  
QSO:    7029 CW 2025-01-12 0441 AA5JF           ANDY       GA  K5TR            RALPH      TX  
QSO:    3543 CW 2025-01-12 0442 AA5JF           ANDY       GA  AC9BJ           ART        WI  
QSO:    3543 CW 2025-01-12 0443 AA5JF           ANDY       GA  N3AM            JOHN       MD  
QSO:    3543 CW 2025-01-12 0445 AA5JF           ANDY       GA  W3US            RUSTY      FL  
QSO:    3543 CW 2025-01-12 0445 AA5JF           ANDY       GA  KK4R            ROB        VA  
QSO:    3543 CW 2025-01-12 0446 AA5JF           ANDY       GA  WS3C            MIKE       PA  
QSO:    7032 CW 2025-01-12 0447 AA5JF           ANDY       GA  KR2AA           ERIC       NY  
QSO:    3543 CW 2025-01-12 0448 AA5JF           ANDY       GA  KM4FO           DWIGHT     KY  
QSO:    3543 CW 2025-01-12 0448 AA5JF           ANDY       GA  N4ZZ            DON        TN  
QSO:    3543 CW 2025-01-12 0448 AA5JF           ANDY       GA  KG9X            FRED       IL  
QSO:    7031 CW 2025-01-12 0449 AA5JF           ANDY       GA  N4OX            JAY        FL  
QSO:    3543 CW 2025-01-12 0450 AA5JF           ANDY       GA  K4OJ            JIM        FL  
QSO:    3543 CW 2025-01-12 0451 AA5JF           ANDY       GA  K4SBZ           STAN       FL  
QSO:    3531 CW 2025-01-12 0454 AA5JF           ANDY       GA  N5RZ            GATOR      TX  
QSO:    3527 CW 2025-01-12 0454 AA5JF           ANDY       GA  ZF5T            STAN       ZF  
QSO:    3537 CW 2025-01-12 0455 AA5JF           ANDY       GA  K3KU            ART        MD  
QSO:    3511 CW 2025-01-12 0456 AA5JF           ANDY       GA  KU8E            JEFF       GA  
QSO:    3515 CW 2025-01-12 0457 AA5JF           ANDY       GA  K8MP            JOE        OH  
QSO:    3549 CW 2025-01-12 0458 AA5JF           ANDY       GA  AA3B            BUD        PA  
QSO:    3552 CW 2025-01-12 0458 AA5JF           ANDY       GA  K4RO            KIRK       TN  
QSO:    3553 CW 2025-01-12 0459 AA5JF           ANDY       GA  KE2D            BOB        NJ  
QSO:    3553 CW 2025-01-12 0459 AA5JF           ANDY       GA  N8FYL           JOHN       MI  
END-OF-LOG:
