START-OF-LOG: 3.0
LOCATION: SC
CALLSIGN: K3DNE
CLUB: Swamp Fox Contest Group
CONTEST: NAQP-CW
CATEGORY-OPERATOR: SINGLE-OP
CATEGORY-ASSISTED: ASSISTED
CATEGORY-BAND: ALL
CATEGORY-MODE: CW
CATEGORY-POWER: LOW
CATEGORY-STATION: FIXED
CATEGORY-TRANSMITTER: ONE
CLAIMED-SCORE: 101200
OPERATORS: K3DNE
NAME: Ed Kucharski
ADDRESS: 25 Dutchman Ct.
ADDRESS-CITY: Cross Hill
ADDRESS-STATE-PROVINCE: SC
ADDRESS-POSTALCODE: 29332
ADDRESS-COUNTRY: UNITED STATES
GRID-LOCATOR: EM94AE
EMAIL: k3dne@comcast.net
CREATED-BY: N1MM Logger+ 1.0.10579.0
QSO:   28044 CW 2025-01-11 1800 K3DNE           Ed         SC  VE2FK           DUB        QC  
QSO:   28017 CW 2025-01-11 1806 K3DNE           Ed         SC  NG7M            MAX        UT  
QSO:   28020 CW 2025-01-11 1807 K3DNE           Ed         SC  KH7X            MIKE       AZ  
QSO:   28021 CW 2025-01-11 1808 K3DNE           Ed         SC  K8IA            BOB        AZ  
QSO:   28023 CW 2025-01-11 1809 K3DNE           Ed         SC  N7DX            TONY       WA  
QSO:   28023 CW 2025-01-11 1810 K3DNE           Ed         SC  N2IC            STEVE      NM  
QSO:   28025 CW 2025-01-11 1811 K3DNE           Ed         SC  VE7WO           BRIAN      BC  
QSO:   28026 CW 2025-01-11 1812 K3DNE           Ed         SC  VE7ZO           JIM        BC  
QSO:   28028 CW 2025-01-11 1812 K3DNE           Ed         SC  ND7K            DAN        AZ  
QSO:   28030 CW 2025-01-11 1813 K3DNE           Ed         SC  AI0Y            JOE        ND  
QSO:   28030 CW 2025-01-11 1814 K3DNE           Ed         SC  K7NEW           MARK       WA  
QSO:   28031 CW 2025-01-11 1815 K3DNE           Ed         SC  KY7M            LEE        AZ  
QSO:   28032 CW 2025-01-11 1817 K3DNE           Ed         SC  VE5MX           TODD       SK  
QSO:   28034 CW 2025-01-11 1821 K3DNE           Ed         SC  K7QA            TOM        MT  
QSO:   28035 CW 2025-01-11 1823 K3DNE           Ed         SC  K6WSC           BILL       AZ  
QSO:   28035 CW 2025-01-11 1827 K3DNE           Ed         SC  AH6KO           STAN       HI  
QSO:   28036 CW 2025-01-11 1828 K3DNE           Ed         SC  K0EU            KEN        CO  
QSO:   28036 CW 2025-01-11 1828 K3DNE           Ed         SC  VE9XDX          GERRY      NB  
QSO:   28037 CW 2025-01-11 1830 K3DNE           Ed         SC  N0TA            JOHN       CO  
QSO:   28037 CW 2025-01-11 1830 K3DNE           Ed         SC  K6LL            DAVE       AZ  
QSO:   28038 CW 2025-01-11 1831 K3DNE           Ed         SC  N7IR            GARY       AZ  
QSO:   28039 CW 2025-01-11 1832 K3DNE           Ed         SC  W7JET           BRIAN      AZ  
QSO:   28039 CW 2025-01-11 1833 K3DNE           Ed         SC  K0SN            TOM        MT  
QSO:   28039 CW 2025-01-11 1835 K3DNE           Ed         SC  K6SRZ           ALAN       CA  
QSO:   28040 CW 2025-01-11 1835 K3DNE           Ed         SC  KT0A            GARY       SD  
QSO:   28041 CW 2025-01-11 1837 K3DNE           Ed         SC  N6TV            BOB        CA  
QSO:   28041 CW 2025-01-11 1838 K3DNE           Ed         SC  WJ9B            WILL       ID  
QSO:   28047 CW 2025-01-11 1840 K3DNE           Ed         SC  W7CXX           JACK       UT  
QSO:   28048 CW 2025-01-11 1841 K3DNE           Ed         SC  AD1C            JIM        CO  
QSO:   28048 CW 2025-01-11 1841 K3DNE           Ed         SC  VE5SF           SAM        SK  
QSO:   28050 CW 2025-01-11 1843 K3DNE           Ed         SC  N6RK            RICK       CA  
QSO:   28050 CW 2025-01-11 1846 K3DNE           Ed         SC  W7RN            TOM        NV  
QSO:   28050 CW 2025-01-11 1846 K3DNE           Ed         SC  K6RIM           AL         CA  
QSO:   28052 CW 2025-01-11 1847 K3DNE           Ed         SC  N1DE            DAN        ME  
QSO:   28053 CW 2025-01-11 1849 K3DNE           Ed         SC  W0ZA            GREG       NE  
QSO:   28056 CW 2025-01-11 1850 K3DNE           Ed         SC  K7WA            JIM        WA  
QSO:   28057 CW 2025-01-11 1851 K3DNE           Ed         SC  W0CO            BRAD       CO  
QSO:   28058 CW 2025-01-11 1851 K3DNE           Ed         SC  AD7N            BEN        UT  
QSO:   28058 CW 2025-01-11 1852 K3DNE           Ed         SC  N7CW            BUD        AZ  
QSO:   28059 CW 2025-01-11 1853 K3DNE           Ed         SC  K6NR            DANA       AZ  
QSO:   28062 CW 2025-01-11 1854 K3DNE           Ed         SC  KZ2V            NICK       CA  
QSO:   28063 CW 2025-01-11 1854 K3DNE           Ed         SC  N7EPD           ERIC       WA  
QSO:   28069 CW 2025-01-11 1857 K3DNE           Ed         SC  NP2X            ED         KP2 
QSO:   28022 CW 2025-01-11 1858 K3DNE           Ed         SC  VE4EA           CARY       MB  
QSO:   28035 CW 2025-01-11 1900 K3DNE           Ed         SC  KL7SB           STEVE      AK  
QSO:   28051 CW 2025-01-11 1902 K3DNE           Ed         SC  KP4NZ           ERIC       KP4 
QSO:   28054 CW 2025-01-11 1904 K3DNE           Ed         SC  K0XF            MAX        CO  
QSO:   28007 CW 2025-01-11 1906 K3DNE           Ed         SC  KA6W            TED        CA  
QSO:   28006 CW 2025-01-11 1911 K3DNE           Ed         SC  VY2TT           KEN        PE  
QSO:   28009 CW 2025-01-11 1913 K3DNE           Ed         SC  WP3Z            JOE        KP4 
QSO:   28011 CW 2025-01-11 1914 K3DNE           Ed         SC  ND3T            LEN        ME  
QSO:   28014 CW 2025-01-11 1915 K3DNE           Ed         SC  KE0UI           BOB        CO  
QSO:   28016 CW 2025-01-11 1915 K3DNE           Ed         SC  NX6T            PAT        CA  
QSO:   28019 CW 2025-01-11 1917 K3DNE           Ed         SC  K0RF            CHUCK      CO  
QSO:   28024 CW 2025-01-11 1918 K3DNE           Ed         SC  K6MM            JOHN       CA  
QSO:   28027 CW 2025-01-11 1921 K3DNE           Ed         SC  W7SW            SW         AZ  
QSO:   28027 CW 2025-01-11 1922 K3DNE           Ed         SC  VE9KK           MIKE       NB  
QSO:   28036 CW 2025-01-11 1924 K3DNE           Ed         SC  W6RW            MIKE       AZ  
QSO:   28037 CW 2025-01-11 1925 K3DNE           Ed         SC  KJ9C            MEL        MT  
QSO:   21011 CW 2025-01-11 1938 K3DNE           Ed         SC  KY7M            LEE        AZ  
QSO:   21012 CW 2025-01-11 1939 K3DNE           Ed         SC  K3MD            JOHN       PA  
QSO:   21013 CW 2025-01-11 1940 K3DNE           Ed         SC  N5RZ            GATOR      TX  
QSO:   21014 CW 2025-01-11 1941 K3DNE           Ed         SC  KV0I            BILL       NE  
QSO:   21016 CW 2025-01-11 1942 K3DNE           Ed         SC  AA6PW           BOB        CA  
QSO:   21018 CW 2025-01-11 1943 K3DNE           Ed         SC  K1TR            ED         NH  
QSO:   21018 CW 2025-01-11 1944 K3DNE           Ed         SC  K1VMT           JOE        VT  
QSO:   21018 CW 2025-01-11 1945 K3DNE           Ed         SC  AA2IL           JOE        CA  
QSO:   21019 CW 2025-01-11 1945 K3DNE           Ed         SC  W0VX            DAVE       TX  
QSO:   21020 CW 2025-01-11 1947 K3DNE           Ed         SC  K1JB            JOE        ME  
QSO:   21020 CW 2025-01-11 1947 K3DNE           Ed         SC  W0VTT           MIKE       MN  
QSO:   21021 CW 2025-01-11 1948 K3DNE           Ed         SC  VE5SF           SAM        SK  
QSO:   21022 CW 2025-01-11 1949 K3DNE           Ed         SC  K6WSC           BILL       AZ  
QSO:   21023 CW 2025-01-11 1949 K3DNE           Ed         SC  WD0T            TODD       SD  
QSO:   21023 CW 2025-01-11 1950 K3DNE           Ed         SC  K4QS            CHUCK      VA  
QSO:   21024 CW 2025-01-11 1951 K3DNE           Ed         SC  VE7IO           FRED       BC  
QSO:   21024 CW 2025-01-11 1951 K3DNE           Ed         SC  N2IC            STEVE      NM  
QSO:   21026 CW 2025-01-11 1952 K3DNE           Ed         SC  ND3T            LEN        ME  
QSO:   21027 CW 2025-01-11 1953 K3DNE           Ed         SC  ND7K            DAN        AZ  
QSO:   21027 CW 2025-01-11 1954 K3DNE           Ed         SC  K0RF            CHUCK      CO  
QSO:   21029 CW 2025-01-11 1955 K3DNE           Ed         SC  VA3IK           BRIAN      ON  
QSO:   21029 CW 2025-01-11 1956 K3DNE           Ed         SC  WJ9B            WILL       ID  
QSO:   21030 CW 2025-01-11 1957 K3DNE           Ed         SC  K5TR            RALPH      TX  
QSO:   21031 CW 2025-01-11 1958 K3DNE           Ed         SC  AI0Y            JOE        ND  
QSO:   21032 CW 2025-01-11 1959 K3DNE           Ed         SC  AB0S            TIM        NE  
QSO:   21033 CW 2025-01-11 2001 K3DNE           Ed         SC  N9RV            PAT        MT  
QSO:   21033 CW 2025-01-11 2002 K3DNE           Ed         SC  W7RN            TOM        NV  
QSO:   21034 CW 2025-01-11 2005 K3DNE           Ed         SC  NS0R            MO         KS  
QSO:   21035 CW 2025-01-11 2007 K3DNE           Ed         SC  WH7T            MARK       HI  
QSO:   21035 CW 2025-01-11 2008 K3DNE           Ed         SC  ZF5T            STAN       ZF  
QSO:   21036 CW 2025-01-11 2009 K3DNE           Ed         SC  W1SJ            MITCH      VT  
QSO:   21037 CW 2025-01-11 2010 K3DNE           Ed         SC  NG7M            MAX        UT  
QSO:   21037 CW 2025-01-11 2011 K3DNE           Ed         SC  N0AT            RON        MN  
QSO:   21038 CW 2025-01-11 2012 K3DNE           Ed         SC  W8FJ            JOHN       PA  
QSO:   21039 CW 2025-01-11 2014 K3DNE           Ed         SC  KK1L            RON        VT  
QSO:   21051 CW 2025-01-11 2016 K3DNE           Ed         SC  VA3SP           MIKE       ON  
QSO:   21048 CW 2025-01-11 2017 K3DNE           Ed         SC  N2MF            BJ         NY  
QSO:   21054 CW 2025-01-11 2018 K3DNE           Ed         SC  NM2A            MARK       NY  
QSO:   21056 CW 2025-01-11 2019 K3DNE           Ed         SC  K5BG            BOB        TX  
QSO:   21044 CW 2025-01-11 2021 K3DNE           Ed         SC  VE5MX           TODD       SK  
QSO:   21039 CW 2025-01-11 2022 K3DNE           Ed         SC  K0FX            DON        CO  
QSO:   21040 CW 2025-01-11 2022 K3DNE           Ed         SC  KD1MC           JOHN       ME  
QSO:   21041 CW 2025-01-11 2023 K3DNE           Ed         SC  W1YL            LN         FL  
QSO:   21041 CW 2025-01-11 2024 K3DNE           Ed         SC  KF6NCX          LARRY      CA  
QSO:   21043 CW 2025-01-11 2025 K3DNE           Ed         SC  K7QA            TOM        MT  
QSO:   21043 CW 2025-01-11 2026 K3DNE           Ed         SC  W7JET           BRIAN      AZ  
QSO:   21044 CW 2025-01-11 2027 K3DNE           Ed         SC  K6RIM           AL         CA  
QSO:   21044 CW 2025-01-11 2027 K3DNE           Ed         SC  VE6RST          MAX        AB  
QSO:   21045 CW 2025-01-11 2028 K3DNE           Ed         SC  VE3JM           VLAD       ON  
QSO:   21046 CW 2025-01-11 2029 K3DNE           Ed         SC  KT0A            GARY       SD  
QSO:   21047 CW 2025-01-11 2030 K3DNE           Ed         SC  VE3EY           NICK       ON  
QSO:   21047 CW 2025-01-11 2031 K3DNE           Ed         SC  KT3M            ROB        CO  
QSO:   21048 CW 2025-01-11 2031 K3DNE           Ed         SC  K8IA            BOB        AZ  
QSO:   21049 CW 2025-01-11 2032 K3DNE           Ed         SC  NP3Y            PAUL       KP4 
QSO:   21050 CW 2025-01-11 2033 K3DNE           Ed         SC  K5MR            STEVE      TX  
QSO:   21050 CW 2025-01-11 2033 K3DNE           Ed         SC  VA7RR           GARY       BC  
QSO:   21051 CW 2025-01-11 2034 K3DNE           Ed         SC  KF0UR           SHEL       CO  
QSO:   21052 CW 2025-01-11 2035 K3DNE           Ed         SC  K9YC            JIM        CA  
QSO:   21053 CW 2025-01-11 2035 K3DNE           Ed         SC  N4WW            DOC        FL  
QSO:   21054 CW 2025-01-11 2036 K3DNE           Ed         SC  KI1G            RICK       RI  
QSO:   21054 CW 2025-01-11 2036 K3DNE           Ed         SC  VY2LI           BILL       PE  
QSO:   21055 CW 2025-01-11 2037 K3DNE           Ed         SC  N5JJ            RICK       TX  
QSO:   21056 CW 2025-01-11 2038 K3DNE           Ed         SC  K5GN            DAVE       TX  
QSO:   21057 CW 2025-01-11 2038 K3DNE           Ed         SC  W0ZA            GREG       NE  
QSO:   21057 CW 2025-01-11 2039 K3DNE           Ed         SC  W7CXX           JACK       UT  
QSO:   21059 CW 2025-01-11 2051 K3DNE           Ed         SC  VE6BBP          ERIC       AB  
QSO:   21060 CW 2025-01-11 2052 K3DNE           Ed         SC  VY2TT           KEN        PE  
QSO:   21062 CW 2025-01-11 2053 K3DNE           Ed         SC  N7EPD           ERIC       WA  
QSO:   21062 CW 2025-01-11 2054 K3DNE           Ed         SC  VA7ST           BUD        BC  
QSO:   21065 CW 2025-01-11 2059 K3DNE           Ed         SC  NP2X            ED         KP2 
QSO:   21067 CW 2025-01-11 2101 K3DNE           Ed         SC  N0GN            PAUL       NE  
QSO:   21068 CW 2025-01-11 2101 K3DNE           Ed         SC  KC0UJC          NIC        IA  
QSO:   21072 CW 2025-01-11 2102 K3DNE           Ed         SC  VE2FK           DUB        QC  
QSO:   21073 CW 2025-01-11 2103 K3DNE           Ed         SC  AD1C            JIM        CO  
QSO:   21026 CW 2025-01-11 2108 K3DNE           Ed         SC  WD0GTY          JEFF       OK  
QSO:   21028 CW 2025-01-11 2109 K3DNE           Ed         SC  N5TJ            JEFF       TX  
QSO:   21029 CW 2025-01-11 2111 K3DNE           Ed         SC  W0GAS           GREG       CO  
QSO:   21031 CW 2025-01-11 2112 K3DNE           Ed         SC  N6TV            BOB        CA  
QSO:   21032 CW 2025-01-11 2113 K3DNE           Ed         SC  W1KM            GREG       MA  
QSO:   21034 CW 2025-01-11 2115 K3DNE           Ed         SC  AC0C            JEFF       KS  
QSO:   21036 CW 2025-01-11 2116 K3DNE           Ed         SC  KH7X            MIKE       AZ  
QSO:   21038 CW 2025-01-11 2117 K3DNE           Ed         SC  AH6AA           LEE        HI  
QSO:   21039 CW 2025-01-11 2118 K3DNE           Ed         SC  K6LL            DAVE       AZ  
QSO:   21039 CW 2025-01-11 2118 K3DNE           Ed         SC  VE5GC           GRAY       SK  
QSO:   21041 CW 2025-01-11 2118 K3DNE           Ed         SC  W1RH            BOB        CA  
QSO:   21042 CW 2025-01-11 2121 K3DNE           Ed         SC  VY1/VE9SZ       ED         YT  
QSO:   21050 CW 2025-01-11 2124 K3DNE           Ed         SC  K0HB            TOM        MT  
QSO:   21054 CW 2025-01-11 2126 K3DNE           Ed         SC  AI6O            ED         MO  
QSO:   21056 CW 2025-01-11 2127 K3DNE           Ed         SC  W6PH            KURT       CA  
QSO:   21060 CW 2025-01-11 2128 K3DNE           Ed         SC  AC6T            STEVE      CA  
QSO:   21064 CW 2025-01-11 2134 K3DNE           Ed         SC  AA0AW           DOUG       MN  
QSO:   21066 CW 2025-01-11 2135 K3DNE           Ed         SC  KM9R            MIKE       NV  
QSO:   21003 CW 2025-01-11 2137 K3DNE           Ed         SC  W7JXY           JON        WA  
QSO:   21008 CW 2025-01-11 2137 K3DNE           Ed         SC  W9CF            KEVIN      AZ  
QSO:   21009 CW 2025-01-11 2137 K3DNE           Ed         SC  N5KO            TREY       CA  
QSO:   21012 CW 2025-01-11 2138 K3DNE           Ed         SC  N7CW            BUD        AZ  
QSO:   21018 CW 2025-01-11 2139 K3DNE           Ed         SC  KI7Y            JIM        OR  
QSO:   21019 CW 2025-01-11 2140 K3DNE           Ed         SC  VE7WO           BRIAN      BC  
QSO:   21020 CW 2025-01-11 2140 K3DNE           Ed         SC  K7GA            JEFF       AZ  
QSO:   21020 CW 2025-01-11 2141 K3DNE           Ed         SC  VE7ZO           JIM        BC  
QSO:   21021 CW 2025-01-11 2142 K3DNE           Ed         SC  AA5JF           ANDY       GA  
QSO:   21022 CW 2025-01-11 2144 K3DNE           Ed         SC  AH6KO           STAN       HI  
QSO:   21023 CW 2025-01-11 2144 K3DNE           Ed         SC  K6MM            JOHN       CA  
QSO:   21025 CW 2025-01-11 2146 K3DNE           Ed         SC  N4IQ            BILL       SC  
QSO:   21047 CW 2025-01-11 2147 K3DNE           Ed         SC  VE4EA           CARY       MB  
QSO:   21047 CW 2025-01-11 2148 K3DNE           Ed         SC  W0OR            BILL       AZ  
QSO:   21044 CW 2025-01-11 2150 K3DNE           Ed         SC  VE9AA           MIKE       NB  
QSO:   14004 CW 2025-01-11 2152 K3DNE           Ed         SC  AI6O            ED         MO  
QSO:   14007 CW 2025-01-11 2153 K3DNE           Ed         SC  NM4AA           DON        FL  
QSO:   14007 CW 2025-01-11 2154 K3DNE           Ed         SC  AC0W            BILL       MN  
QSO:   14008 CW 2025-01-11 2154 K3DNE           Ed         SC  W9SN            STEVE      TN  
QSO:   14009 CW 2025-01-11 2155 K3DNE           Ed         SC  KR2Q            DOUG       NJ  
QSO:   14011 CW 2025-01-11 2158 K3DNE           Ed         SC  WA1S            ANN        FL  
QSO:   14012 CW 2025-01-11 2158 K3DNE           Ed         SC  K8BL            BOB        OH  
QSO:   14011 CW 2025-01-11 2159 K3DNE           Ed         SC  K7ZQ            WALT       WA  
QSO:   14012 CW 2025-01-11 2200 K3DNE           Ed         SC  K4OJ            JIM        FL  
QSO:   14013 CW 2025-01-11 2201 K3DNE           Ed         SC  K9ABR           ANDY       IL  
QSO:   14014 CW 2025-01-11 2202 K3DNE           Ed         SC  ND3T            LEN        ME  
QSO:   14015 CW 2025-01-11 2203 K3DNE           Ed         SC  NA8V            GREG       MI  
QSO:   14016 CW 2025-01-11 2203 K3DNE           Ed         SC  KI1G            RICK       RI  
QSO:   14019 CW 2025-01-11 2206 K3DNE           Ed         SC  ZF5T            STAN       ZF  
QSO:   14020 CW 2025-01-11 2206 K3DNE           Ed         SC  KX2P            JEFF       CO  
QSO:   14020 CW 2025-01-11 2208 K3DNE           Ed         SC  K1VMT           JOE        VT  
QSO:   14021 CW 2025-01-11 2209 K3DNE           Ed         SC  AE6Y            ANDY       CA  
QSO:   14021 CW 2025-01-11 2210 K3DNE           Ed         SC  N5RZ            GATOR      TX  
QSO:   14022 CW 2025-01-11 2211 K3DNE           Ed         SC  AB0S            TIM        NE  
QSO:   14023 CW 2025-01-11 2211 K3DNE           Ed         SC  AA3B            BUD        PA  
QSO:   14024 CW 2025-01-11 2212 K3DNE           Ed         SC  N5TJ            JEFF       TX  
QSO:   14026 CW 2025-01-11 2214 K3DNE           Ed         SC  KK1L            RON        VT  
QSO:   14027 CW 2025-01-11 2214 K3DNE           Ed         SC  K8IA            BOB        AZ  
QSO:   14027 CW 2025-01-11 2215 K3DNE           Ed         SC  VE9KK           MIKE       NB  
QSO:   14028 CW 2025-01-11 2217 K3DNE           Ed         SC  N8II            JEFF       WV  
QSO:   14030 CW 2025-01-11 2219 K3DNE           Ed         SC  N9CO            CHUCK      IL  
QSO:   14030 CW 2025-01-11 2219 K3DNE           Ed         SC  KB8GAE          RICH       OH  
QSO:   14030 CW 2025-01-11 2220 K3DNE           Ed         SC  W0AAE           BOB        IA  
QSO:   14031 CW 2025-01-11 2221 K3DNE           Ed         SC  KE0UI           BOB        CO  
QSO:   14031 CW 2025-01-11 2221 K3DNE           Ed         SC  AI0Y            JOE        ND  
QSO:   14032 CW 2025-01-11 2222 K3DNE           Ed         SC  K0RF            CHUCK      CO  
QSO:   14032 CW 2025-01-11 2222 K3DNE           Ed         SC  W0UO            JIM        TX  
QSO:   14033 CW 2025-01-11 2223 K3DNE           Ed         SC  W0VX            DAVE       TX  
QSO:   14033 CW 2025-01-11 2223 K3DNE           Ed         SC  NI9F            NOAH       WI  
QSO:   14034 CW 2025-01-11 2225 K3DNE           Ed         SC  WJ9B            WILL       ID  
QSO:   14035 CW 2025-01-11 2227 K3DNE           Ed         SC  W1SJ            MITCH      VT  
QSO:   14036 CW 2025-01-11 2228 K3DNE           Ed         SC  VE6RST          MAX        AB  
QSO:   14037 CW 2025-01-11 2232 K3DNE           Ed         SC  W9RNY           MIKE       IL  
QSO:   14037 CW 2025-01-11 2233 K3DNE           Ed         SC  K0SN            TOM        MT  
QSO:   14038 CW 2025-01-11 2234 K3DNE           Ed         SC  VE3DZ           YURI       ON  
QSO:   14038 CW 2025-01-11 2235 K3DNE           Ed         SC  N7DX            TONY       WA  
QSO:   14038 CW 2025-01-11 2235 K3DNE           Ed         SC  WK9M            RANDY      TN  
QSO:   14039 CW 2025-01-11 2237 K3DNE           Ed         SC  AC0C            JEFF       KS  
QSO:   14040 CW 2025-01-11 2238 K3DNE           Ed         SC  N2MF            BJ         NY  
QSO:   14041 CW 2025-01-11 2239 K3DNE           Ed         SC  KT0A            GARY       SD  
QSO:   14041 CW 2025-01-11 2239 K3DNE           Ed         SC  K6SRZ           ALAN       CA  
QSO:   14042 CW 2025-01-11 2240 K3DNE           Ed         SC  VY2TT           KEN        PE  
QSO:   14042 CW 2025-01-11 2242 K3DNE           Ed         SC  KD1MC           JOHN       ME  
QSO:   14043 CW 2025-01-11 2242 K3DNE           Ed         SC  N0KK            KIRK       MN  
QSO:   14043 CW 2025-01-11 2244 K3DNE           Ed         SC  KY7M            LEE        AZ  
QSO:   14044 CW 2025-01-11 2245 K3DNE           Ed         SC  WN4AFP          DAVE       SC  
QSO:   14045 CW 2025-01-11 2246 K3DNE           Ed         SC  WB0SND          MIKE       MO  
QSO:   14045 CW 2025-01-11 2246 K3DNE           Ed         SC  K0EU            KEN        CO  
QSO:   14046 CW 2025-01-11 2247 K3DNE           Ed         SC  AI5IN           MART       TX  
QSO:   14046 CW 2025-01-11 2247 K3DNE           Ed         SC  K9CT            CRAIG      IL  
QSO:   14047 CW 2025-01-11 2248 K3DNE           Ed         SC  N0AX            AL         MO  
QSO:   14047 CW 2025-01-11 2250 K3DNE           Ed         SC  W1YL            LN         FL  
QSO:   14049 CW 2025-01-11 2250 K3DNE           Ed         SC  NQ2W            WILL       NY  
QSO:   14049 CW 2025-01-11 2252 K3DNE           Ed         SC  W5AL            ROGER      TX  
QSO:   14050 CW 2025-01-11 2254 K3DNE           Ed         SC  K5MR            STEVE      TX  
QSO:   14050 CW 2025-01-11 2255 K3DNE           Ed         SC  VE5GC           GRAY       SK  
QSO:   14051 CW 2025-01-11 2257 K3DNE           Ed         SC  AA4LR           BILL       GA  
QSO:   14052 CW 2025-01-11 2259 K3DNE           Ed         SC  AK1MD           ALEX       MA  
QSO:   14053 CW 2025-01-11 2300 K3DNE           Ed         SC  KF0UR           SHEL       CO  
QSO:   14053 CW 2025-01-11 2300 K3DNE           Ed         SC  W1KM            GREG       MA  
QSO:   14054 CW 2025-01-11 2301 K3DNE           Ed         SC  VE3MA           ALEX       ON  
QSO:   14055 CW 2025-01-11 2303 K3DNE           Ed         SC  VE5SF           SAM        SK  
QSO:   14056 CW 2025-01-11 2306 K3DNE           Ed         SC  W0ZA            GREG       NE  
QSO:   14058 CW 2025-01-11 2307 K3DNE           Ed         SC  K0AP            DD         KS  
QSO:   14060 CW 2025-01-11 2307 K3DNE           Ed         SC  AC6T            STEVE      CA  
QSO:   14060 CW 2025-01-11 2308 K3DNE           Ed         SC  KP2M            PHIL       KP2 
QSO:   14062 CW 2025-01-11 2310 K3DNE           Ed         SC  VE6BBP          ERIC       AB  
QSO:   14066 CW 2025-01-11 2311 K3DNE           Ed         SC  VE3EJ           JOHN       ON  
QSO:   14068 CW 2025-01-11 2314 K3DNE           Ed         SC  K6KM            ROB        CA  
QSO:   14047 CW 2025-01-11 2316 K3DNE           Ed         SC  VE4EA           CARY       MB  
QSO:   14059 CW 2025-01-11 2317 K3DNE           Ed         SC  VA7ST           BUD        BC  
QSO:   14024 CW 2025-01-11 2317 K3DNE           Ed         SC  N2IC            STEVE      NM  
QSO:   14024 CW 2025-01-11 2319 K3DNE           Ed         SC  K5TR            RALPH      TX  
QSO:   14025 CW 2025-01-11 2319 K3DNE           Ed         SC  K1TR            ED         NH  
QSO:   14065 CW 2025-01-11 2320 K3DNE           Ed         SC  N4UL            VERN       KY  
QSO:   14035 CW 2025-01-11 2321 K3DNE           Ed         SC  NG7M            MAX        UT  
QSO:   14029 CW 2025-01-11 2323 K3DNE           Ed         SC  K5KU            GARY       LA  
QSO:   14002 CW 2025-01-11 2324 K3DNE           Ed         SC  K5RM            JOHN       AR  
QSO:   14038 CW 2025-01-11 2325 K3DNE           Ed         SC  KL7SB           STEVE      AK  
QSO:   14034 CW 2025-01-11 2326 K3DNE           Ed         SC  NP3Y            PAUL       KP4 
QSO:   14023 CW 2025-01-11 2327 K3DNE           Ed         SC  K1EBY           FRANK      CT  
QSO:   14046 CW 2025-01-11 2328 K3DNE           Ed         SC  AD1C            JIM        CO  
QSO:   14035 CW 2025-01-11 2329 K3DNE           Ed         SC  K6LL            DAVE       AZ  
QSO:    7015 CW 2025-01-11 2343 K3DNE           Ed         SC  K4QS            CHUCK      VA  
QSO:    7016 CW 2025-01-11 2346 K3DNE           Ed         SC  VE2FK           DUB        QC  
QSO:    7016 CW 2025-01-11 2347 K3DNE           Ed         SC  VE3MGY          BRIAN      ON  
QSO:    7017 CW 2025-01-11 2348 K3DNE           Ed         SC  K0PC            PAT        MN  
QSO:    7017 CW 2025-01-11 2348 K3DNE           Ed         SC  NM4AA           DON        FL  
QSO:    7018 CW 2025-01-11 2349 K3DNE           Ed         SC  N2NT            ANDY       NJ  
QSO:    7013 CW 2025-01-11 2351 K3DNE           Ed         SC  W1WEF           JACK       CT  
QSO:    7018 CW 2025-01-11 2353 K3DNE           Ed         SC  N1LN            BRUCE      NC  
QSO:    7019 CW 2025-01-11 2353 K3DNE           Ed         SC  N3RD            DAVE       PA  
QSO:    7019 CW 2025-01-11 2354 K3DNE           Ed         SC  K3UL            BOB        PA  
QSO:    7020 CW 2025-01-11 2354 K3DNE           Ed         SC  KK9V            MIKE       IN  
QSO:    7021 CW 2025-01-11 2355 K3DNE           Ed         SC  AA4CF           CHAS       GA  
QSO:    7021 CW 2025-01-11 2355 K3DNE           Ed         SC  AA3B            BUD        PA  
QSO:    7021 CW 2025-01-11 2356 K3DNE           Ed         SC  OM2VL           LACI       DX  
QSO:    7022 CW 2025-01-11 2357 K3DNE           Ed         SC  N4YDU           NATE       NC  
QSO:    7022 CW 2025-01-11 2359 K3DNE           Ed         SC  N4SS            TOM        KY  
QSO:    7024 CW 2025-01-12 0005 K3DNE           Ed         SC  ND3T            LEN        ME  
QSO:    7023 CW 2025-01-12 0005 K3DNE           Ed         SC  ZF5T            STAN       ZF  
QSO:    7024 CW 2025-01-12 0006 K3DNE           Ed         SC  N4AF            HOWIE      NC  
QSO:    7025 CW 2025-01-12 0007 K3DNE           Ed         SC  N3SD            GREG       PA  
QSO:    7025 CW 2025-01-12 0008 K3DNE           Ed         SC  VE3JM           VLAD       ON  
QSO:    7026 CW 2025-01-12 0008 K3DNE           Ed         SC  N2IC            STEVE      NM  
QSO:    7026 CW 2025-01-12 0009 K3DNE           Ed         SC  VE3YT           VIC        ON  
QSO:    7026 CW 2025-01-12 0009 K3DNE           Ed         SC  W0AAE           BOB        IA  
QSO:    7027 CW 2025-01-12 0010 K3DNE           Ed         SC  WP3Z            JOE        KP4 
QSO:    7001 CW 2025-01-12 0119 K3DNE           Ed         SC  K4RUM           MIKE       NY  
QSO:    7001 CW 2025-01-12 0121 K3DNE           Ed         SC  WD0T            TODD       SD  
QSO:    7003 CW 2025-01-12 0123 K3DNE           Ed         SC  KM5G            CHUCK      AR  
QSO:    7003 CW 2025-01-12 0123 K3DNE           Ed         SC  VA7ST           BUD        BC  
QSO:    7004 CW 2025-01-12 0124 K3DNE           Ed         SC  KA0PQW          MATT       MN  
QSO:    7004 CW 2025-01-12 0125 K3DNE           Ed         SC  AC0W            BILL       MN  
QSO:    7005 CW 2025-01-12 0126 K3DNE           Ed         SC  KR2Q            DOUG       NJ  
QSO:    7006 CW 2025-01-12 0127 K3DNE           Ed         SC  VE3MA           ALEX       ON  
QSO:    7007 CW 2025-01-12 0128 K3DNE           Ed         SC  K9MMS           GARY       IL  
QSO:    7008 CW 2025-01-12 0128 K3DNE           Ed         SC  W1QK            DAN        CT  
QSO:    7008 CW 2025-01-12 0129 K3DNE           Ed         SC  NQ2W            WILL       NY  
QSO:    7009 CW 2025-01-12 0130 K3DNE           Ed         SC  K7QA            TOM        MT  
QSO:    7009 CW 2025-01-12 0130 K3DNE           Ed         SC  N0AT            RON        MN  
QSO:    7010 CW 2025-01-12 0131 K3DNE           Ed         SC  W0UO            JIM        TX  
QSO:    7011 CW 2025-01-12 0131 K3DNE           Ed         SC  K5BG            BOB        TX  
QSO:    7011 CW 2025-01-12 0134 K3DNE           Ed         SC  K0WA            LEE        KS  
QSO:    7012 CW 2025-01-12 0137 K3DNE           Ed         SC  K1JB            JOE        ME  
QSO:    7012 CW 2025-01-12 0138 K3DNE           Ed         SC  N0AX            AL         MO  
QSO:    7013 CW 2025-01-12 0139 K3DNE           Ed         SC  N7DX            TONY       WA  
QSO:    7015 CW 2025-01-12 0141 K3DNE           Ed         SC  VA3KRJ          ROBERT     ON  
QSO:    7016 CW 2025-01-12 0143 K3DNE           Ed         SC  N5RZ            GATOR      TX  
QSO:    7017 CW 2025-01-12 0144 K3DNE           Ed         SC  N4WW            DOC        FL  
QSO:    7017 CW 2025-01-12 0148 K3DNE           Ed         SC  NP2X            ED         KP2 
QSO:    7018 CW 2025-01-12 0150 K3DNE           Ed         SC  N9RV            PAT        MT  
QSO:    7019 CW 2025-01-12 0151 K3DNE           Ed         SC  AA6PW           BOB        CA  
QSO:    7019 CW 2025-01-12 0152 K3DNE           Ed         SC  WQ5L            RAY        MS  
QSO:    7019 CW 2025-01-12 0152 K3DNE           Ed         SC  K1EBY           FRANK      CT  
QSO:    7020 CW 2025-01-12 0153 K3DNE           Ed         SC  K4IU            FRED       MN  
QSO:    7021 CW 2025-01-12 0154 K3DNE           Ed         SC  N7IR            GARY       AZ  
QSO:    7023 CW 2025-01-12 0155 K3DNE           Ed         SC  VE9XDX          GERRY      NB  
QSO:    7026 CW 2025-01-12 0200 K3DNE           Ed         SC  N6TV            BOB        CA  
QSO:    7027 CW 2025-01-12 0202 K3DNE           Ed         SC  NX6T            PAT        CA  
QSO:    7027 CW 2025-01-12 0203 K3DNE           Ed         SC  AB7R            GREG       ID  
QSO:    7027 CW 2025-01-12 0203 K3DNE           Ed         SC  W2FU            JEFF       NY  
QSO:    7029 CW 2025-01-12 0216 K3DNE           Ed         SC  W1SJ            MITCH      VT  
QSO:    7030 CW 2025-01-12 0216 K3DNE           Ed         SC  N6WM            CHRIS      CA  
QSO:    7030 CW 2025-01-12 0218 K3DNE           Ed         SC  K5MR            STEVE      TX  
QSO:    7031 CW 2025-01-12 0218 K3DNE           Ed         SC  N0LY            JON        MO  
QSO:    7032 CW 2025-01-12 0219 K3DNE           Ed         SC  NP3Y            PAUL       KP4 
QSO:    7033 CW 2025-01-12 0220 K3DNE           Ed         SC  K5TR            RALPH      TX  
QSO:    7035 CW 2025-01-12 0221 K3DNE           Ed         SC  VE7ZO           JIM        BC  
QSO:    7035 CW 2025-01-12 0222 K3DNE           Ed         SC  K5KU            GARY       LA  
QSO:    7036 CW 2025-01-12 0222 K3DNE           Ed         SC  N0TA            JOHN       CO  
QSO:    7036 CW 2025-01-12 0223 K3DNE           Ed         SC  K7ZQ            WALT       WA  
QSO:    7038 CW 2025-01-12 0226 K3DNE           Ed         SC  K1AR            JOHN       NH  
QSO:    7040 CW 2025-01-12 0227 K3DNE           Ed         SC  NK2Y            JAY        NY  
QSO:    7041 CW 2025-01-12 0228 K3DNE           Ed         SC  WC7S            DALE       WY  
QSO:    7042 CW 2025-01-12 0230 K3DNE           Ed         SC  K4OJ            JIM        FL  
QSO:    7042 CW 2025-01-12 0230 K3DNE           Ed         SC  KH7X            MIKE       AZ  
QSO:    7042 CW 2025-01-12 0231 K3DNE           Ed         SC  N9MSG           JOHN       IL  
QSO:    7043 CW 2025-01-12 0231 K3DNE           Ed         SC  N1DE            DAN        ME  
QSO:    7043 CW 2025-01-12 0232 K3DNE           Ed         SC  KD1MC           JOHN       ME  
QSO:    7045 CW 2025-01-12 0233 K3DNE           Ed         SC  KB8TYJ          BRAILLE    MI  
QSO:    7046 CW 2025-01-12 0234 K3DNE           Ed         SC  WQ6X            RON        CA  
QSO:    7047 CW 2025-01-12 0236 K3DNE           Ed         SC  N5AW            MARV       TX  
QSO:    7048 CW 2025-01-12 0236 K3DNE           Ed         SC  K6JS            JIM        CA  
QSO:    7050 CW 2025-01-12 0237 K3DNE           Ed         SC  VA7RR           GARY       BC  
QSO:    7051 CW 2025-01-12 0238 K3DNE           Ed         SC  AI5IN           MART       TX  
QSO:    7053 CW 2025-01-12 0240 K3DNE           Ed         SC  N6RK            RICK       CA  
QSO:    7059 CW 2025-01-12 0241 K3DNE           Ed         SC  AD1C            JIM        CO  
QSO:    7060 CW 2025-01-12 0241 K3DNE           Ed         SC  N6ZFO           BILL       CA  
QSO:    7013 CW 2025-01-12 0244 K3DNE           Ed         SC  N7CW            BUD        AZ  
QSO:    7013 CW 2025-01-12 0245 K3DNE           Ed         SC  N7EPD           ERIC       WA  
QSO:    7014 CW 2025-01-12 0245 K3DNE           Ed         SC  W9CF            KEVIN      AZ  
QSO:    7015 CW 2025-01-12 0245 K3DNE           Ed         SC  K8IA            BOB        AZ  
QSO:    7016 CW 2025-01-12 0246 K3DNE           Ed         SC  ND7K            DAN        AZ  
QSO:    7016 CW 2025-01-12 0247 K3DNE           Ed         SC  WA7NB           ART        AZ  
QSO:    7017 CW 2025-01-12 0248 K3DNE           Ed         SC  VY2TT           KEN        PE  
QSO:    7019 CW 2025-01-12 0250 K3DNE           Ed         SC  W0CO            BRAD       CO  
QSO:    7020 CW 2025-01-12 0250 K3DNE           Ed         SC  N0AV            JIM        IA  
QSO:    7022 CW 2025-01-12 0252 K3DNE           Ed         SC  VE6RST          MAX        AB  
QSO:    7025 CW 2025-01-12 0253 K3DNE           Ed         SC  WJ9B            WILL       ID  
QSO:    7025 CW 2025-01-12 0254 K3DNE           Ed         SC  W1KM            GREG       MA  
QSO:    7026 CW 2025-01-12 0254 K3DNE           Ed         SC  K8MR            JIM        FL  
QSO:    7029 CW 2025-01-12 0255 K3DNE           Ed         SC  KI1G            RICK       RI  
QSO:    7030 CW 2025-01-12 0257 K3DNE           Ed         SC  AA5JF           ANDY       GA  
QSO:    7033 CW 2025-01-12 0258 K3DNE           Ed         SC  N2MF            BJ         NY  
QSO:    7039 CW 2025-01-12 0302 K3DNE           Ed         SC  J8AA            FRANK      J8  
QSO:    7064 CW 2025-01-12 0303 K3DNE           Ed         SC  KM9R            MIKE       NV  
QSO:    3511 CW 2025-01-12 0305 K3DNE           Ed         SC  N9CO            CHUCK      IL  
QSO:    3511 CW 2025-01-12 0306 K3DNE           Ed         SC  N4OO            BRIAN      GA  
QSO:    3514 CW 2025-01-12 0307 K3DNE           Ed         SC  KR2Q            DOUG       NJ  
QSO:    3515 CW 2025-01-12 0307 K3DNE           Ed         SC  N0AX            AL         MO  
QSO:    3515 CW 2025-01-12 0308 K3DNE           Ed         SC  N4TY            TY         KY  
QSO:    3516 CW 2025-01-12 0309 K3DNE           Ed         SC  K1EBY           FRANK      CT  
QSO:    3517 CW 2025-01-12 0309 K3DNE           Ed         SC  K8RYU           RALPH      OH  
QSO:    3517 CW 2025-01-12 0311 K3DNE           Ed         SC  W0UO            JIM        TX  
QSO:    3519 CW 2025-01-12 0313 K3DNE           Ed         SC  ND7K            DAN        AZ  
QSO:    3520 CW 2025-01-12 0315 K3DNE           Ed         SC  KB8GAE          RICH       OH  
QSO:    3522 CW 2025-01-12 0317 K3DNE           Ed         SC  VE3JM           VLAD       ON  
QSO:    3522 CW 2025-01-12 0318 K3DNE           Ed         SC  KE4EA           DAVE       SC  
QSO:    3523 CW 2025-01-12 0319 K3DNE           Ed         SC  K3UA            TOM        PA  
QSO:    3523 CW 2025-01-12 0319 K3DNE           Ed         SC  W9RE            MIKE       IN  
QSO:    3524 CW 2025-01-12 0321 K3DNE           Ed         SC  N1RM            RICK       VA  
QSO:    3524 CW 2025-01-12 0321 K3DNE           Ed         SC  N4IQ            BILL       SC  
QSO:    3525 CW 2025-01-12 0322 K3DNE           Ed         SC  WK9M            RANDY      TN  
QSO:    3526 CW 2025-01-12 0323 K3DNE           Ed         SC  W1YL            LN         FL  
QSO:    3526 CW 2025-01-12 0324 K3DNE           Ed         SC  NK2Y            JAY        NY  
QSO:    3526 CW 2025-01-12 0324 K3DNE           Ed         SC  K9MA            SCOTT      WI  
QSO:    3527 CW 2025-01-12 0325 K3DNE           Ed         SC  KA0PQW          MATT       MN  
QSO:    3527 CW 2025-01-12 0326 K3DNE           Ed         SC  KV0I            BILL       NE  
QSO:    3528 CW 2025-01-12 0327 K3DNE           Ed         SC  AI6O            ED         MO  
QSO:    3529 CW 2025-01-12 0327 K3DNE           Ed         SC  N4YDU           NATE       NC  
QSO:    3533 CW 2025-01-12 0331 K3DNE           Ed         SC  K5TR            RALPH      TX  
QSO:    3534 CW 2025-01-12 0331 K3DNE           Ed         SC  AA3B            BUD        PA  
QSO:    3534 CW 2025-01-12 0332 K3DNE           Ed         SC  N0TA            JOHN       CO  
QSO:    3535 CW 2025-01-12 0334 K3DNE           Ed         SC  N0YY            RICK       VA  
QSO:    3535 CW 2025-01-12 0335 K3DNE           Ed         SC  W9RNY           MIKE       IL  
QSO:    3536 CW 2025-01-12 0335 K3DNE           Ed         SC  K8BB            DON        MI  
QSO:    3536 CW 2025-01-12 0336 K3DNE           Ed         SC  NI9F            NOAH       WI  
QSO:    3536 CW 2025-01-12 0337 K3DNE           Ed         SC  K5KU            GARY       LA  
QSO:    3537 CW 2025-01-12 0337 K3DNE           Ed         SC  K2TW            TOM        VA  
QSO:    3537 CW 2025-01-12 0338 K3DNE           Ed         SC  K1VUT           DAVE       MA  
QSO:    3538 CW 2025-01-12 0339 K3DNE           Ed         SC  K1TR            ED         NH  
QSO:    3538 CW 2025-01-12 0339 K3DNE           Ed         SC  N4KH            JIM        AL  
QSO:    3539 CW 2025-01-12 0341 K3DNE           Ed         SC  W4PM            PUCK       VA  
QSO:    3539 CW 2025-01-12 0341 K3DNE           Ed         SC  N4SS            TOM        KY  
QSO:    3540 CW 2025-01-12 0343 K3DNE           Ed         SC  K3EU            BRIAN      DC  
QSO:    3541 CW 2025-01-12 0344 K3DNE           Ed         SC  K4ZW            KEN        VA  
QSO:    3542 CW 2025-01-12 0345 K3DNE           Ed         SC  KG9X            FRED       IL  
QSO:    3542 CW 2025-01-12 0345 K3DNE           Ed         SC  WB0SND          MIKE       MO  
QSO:    3544 CW 2025-01-12 0347 K3DNE           Ed         SC  K1GU            NED        TN  
QSO:    3544 CW 2025-01-12 0348 K3DNE           Ed         SC  VE3MM           RICK       ON  
QSO:    3545 CW 2025-01-12 0348 K3DNE           Ed         SC  W2FU            JEFF       NY  
QSO:    3550 CW 2025-01-12 0350 K3DNE           Ed         SC  K4FT            JOHN       SC  
QSO:    3550 CW 2025-01-12 0350 K3DNE           Ed         SC  K9CT            CRAIG      IL  
QSO:    3551 CW 2025-01-12 0351 K3DNE           Ed         SC  NC3Y            TOM        MD  
QSO:    3552 CW 2025-01-12 0351 K3DNE           Ed         SC  N5TOO           VAN        GA  
QSO:    3552 CW 2025-01-12 0352 K3DNE           Ed         SC  W4NF            JACK       VA  
QSO:    3553 CW 2025-01-12 0353 K3DNE           Ed         SC  VE2FK           DUB        QC  
QSO:    3553 CW 2025-01-12 0354 K3DNE           Ed         SC  WI9WI           JIM        WI  
QSO:    3554 CW 2025-01-12 0355 K3DNE           Ed         SC  K5UV            MIKE       OK  
QSO:    3554 CW 2025-01-12 0355 K3DNE           Ed         SC  K2NV            TONY       NY  
QSO:    3560 CW 2025-01-12 0357 K3DNE           Ed         SC  N2GC            MIKE       NY  
QSO:    3563 CW 2025-01-12 0357 K3DNE           Ed         SC  K0AP            DD         KS  
QSO:    3514 CW 2025-01-12 0359 K3DNE           Ed         SC  WQ5L            RAY        MS  
QSO:    3517 CW 2025-01-12 0359 K3DNE           Ed         SC  ND3T            LEN        ME  
QSO:    3519 CW 2025-01-12 0359 K3DNE           Ed         SC  ZF5T            STAN       ZF  
QSO:    3521 CW 2025-01-12 0400 K3DNE           Ed         SC  K5OY            STEVE      AR  
QSO:    3523 CW 2025-01-12 0401 K3DNE           Ed         SC  N2IC            STEVE      NM  
QSO:    3538 CW 2025-01-12 0402 K3DNE           Ed         SC  K3AJ            TOM        MD  
QSO:    3547 CW 2025-01-12 0404 K3DNE           Ed         SC  N4NYM           SCOTT      GA  
QSO:    3547 CW 2025-01-12 0404 K3DNE           Ed         SC  NA4J            JIM        NC  
QSO:    3548 CW 2025-01-12 0405 K3DNE           Ed         SC  KK1L            RON        VT  
QSO:    1811 CW 2025-01-12 0408 K3DNE           Ed         SC  K5RM            JOHN       AR  
QSO:    1813 CW 2025-01-12 0408 K3DNE           Ed         SC  K4ZW            KEN        VA  
QSO:    1814 CW 2025-01-12 0409 K3DNE           Ed         SC  AD8J            JOHN       NC  
QSO:    1815 CW 2025-01-12 0409 K3DNE           Ed         SC  NO3M            TY         PA  
QSO:    1815 CW 2025-01-12 0410 K3DNE           Ed         SC  W4NF            JACK       VA  
QSO:    1819 CW 2025-01-12 0410 K3DNE           Ed         SC  N4YDU           NATE       NC  
QSO:    1821 CW 2025-01-12 0411 K3DNE           Ed         SC  AI6O            ED         MO  
QSO:    1821 CW 2025-01-12 0412 K3DNE           Ed         SC  AA3B            BUD        PA  
QSO:    1822 CW 2025-01-12 0413 K3DNE           Ed         SC  K9MMS           GARY       IL  
QSO:    1824 CW 2025-01-12 0414 K3DNE           Ed         SC  W9RE            MIKE       IN  
QSO:    1825 CW 2025-01-12 0415 K3DNE           Ed         SC  K5KU            GARY       LA  
QSO:    1826 CW 2025-01-12 0416 K3DNE           Ed         SC  K9MA            SCOTT      WI  
QSO:    1827 CW 2025-01-12 0417 K3DNE           Ed         SC  W2FU            JEFF       NY  
QSO:    1828 CW 2025-01-12 0417 K3DNE           Ed         SC  KB9OWD          RYAN       WI  
QSO:    1830 CW 2025-01-12 0418 K3DNE           Ed         SC  N4CW            BERT       NC  
QSO:    1830 CW 2025-01-12 0419 K3DNE           Ed         SC  WT9U            JIM        IN  
QSO:    1831 CW 2025-01-12 0421 K3DNE           Ed         SC  N4IQ            BILL       SC  
QSO:    1832 CW 2025-01-12 0422 K3DNE           Ed         SC  K5GN            DAVE       TX  
QSO:    1834 CW 2025-01-12 0423 K3DNE           Ed         SC  N9CK            STEVE      WI  
QSO:    1837 CW 2025-01-12 0424 K3DNE           Ed         SC  W9XT            GARY       WI  
QSO:    1817 CW 2025-01-12 0429 K3DNE           Ed         SC  N6NT            BRUCE      NC  
QSO:    1817 CW 2025-01-12 0430 K3DNE           Ed         SC  NA8V            GREG       MI  
QSO:    1818 CW 2025-01-12 0431 K3DNE           Ed         SC  KW8N            BOB        OH  
QSO:    1819 CW 2025-01-12 0432 K3DNE           Ed         SC  N4OGW           TOR        MS  
QSO:    1820 CW 2025-01-12 0432 K3DNE           Ed         SC  K3PA            DREW       KS  
QSO:    1824 CW 2025-01-12 0433 K3DNE           Ed         SC  N8EA            JOE        MI  
QSO:    1824 CW 2025-01-12 0434 K3DNE           Ed         SC  N0AT            RON        MN  
QSO:    1825 CW 2025-01-12 0435 K3DNE           Ed         SC  WD8DSB          DON        IN  
QSO:    1825 CW 2025-01-12 0435 K3DNE           Ed         SC  N4SS            TOM        KY  
QSO:    1827 CW 2025-01-12 0438 K3DNE           Ed         SC  K0RF            CHUCK      CO  
QSO:    1828 CW 2025-01-12 0439 K3DNE           Ed         SC  W0AAE           BOB        IA  
QSO:    1829 CW 2025-01-12 0440 K3DNE           Ed         SC  K7SV            LAR        VA  
QSO:    1830 CW 2025-01-12 0441 K3DNE           Ed         SC  VE3DZ           YURI       ON  
QSO:    1831 CW 2025-01-12 0442 K3DNE           Ed         SC  K3LR            KATE       PA  
QSO:    1831 CW 2025-01-12 0442 K3DNE           Ed         SC  K3KU            ART        MD  
QSO:    1832 CW 2025-01-12 0443 K3DNE           Ed         SC  VA2WA           VIC        QC  
QSO:    1835 CW 2025-01-12 0444 K3DNE           Ed         SC  W0PR            LARRY      MN  
END-OF-LOG:
