START-OF-LOG: 3.0
LOCATION: SC
CALLSIGN: WN4AFP
CLUB: SWAMP FOX CONTEST GROUP
CONTEST: NAQP-CW
CATEGORY-OPERATOR: SINGLE-OP
CATEGORY-ASSISTED: ASSISTED
CATEGORY-BAND: ALL
CATEGORY-MODE: CW
CATEGORY-POWER: LOW
CATEGORY-STATION: FIXED
CATEGORY-TRANSMITTER: ONE
CLAIMED-SCORE: 80325
OPERATORS: WN4AFP
NAME: Dave Edmonds
ADDRESS: 211 Lynchester Road
ADDRESS-CITY: Greenville
ADDRESS-STATE-PROVINCE: SC
ADDRESS-POSTALCODE: 29615
ADDRESS-COUNTRY: UNITED STATES
GRID-LOCATOR: EM84UU
EMAIL: daveedmo@gmail.com
CREATED-BY: N1MM Logger+ 1.0.10822.0
QSO:   21026 CW 2025-08-02 1800 WN4AFP          Dave       SC  K1VMT           JOE        VT  
QSO:   21041 CW 2025-08-02 1803 WN4AFP          Dave       SC  N0AV            JIM        IA  
QSO:   21027 CW 2025-08-02 1809 WN4AFP          Dave       SC  K1TR            ED         NH  
QSO:   21030 CW 2025-08-02 1810 WN4AFP          Dave       SC  K4XU            DICK       OR  
QSO:   21025 CW 2025-08-02 1811 WN4AFP          Dave       SC  NG7M            MAX        UT  
QSO:   21025 CW 2025-08-02 1811 WN4AFP          Dave       SC  K8IA            BOB        AZ  
QSO:   21059 CW 2025-08-02 1813 WN4AFP          Dave       SC  W0ZA            GREG       NE  
QSO:   21036 CW 2025-08-02 1815 WN4AFP          Dave       SC  N1DE            DAN        ME  
QSO:   14050 CW 2025-08-02 1818 WN4AFP          Dave       SC  W1WEF           JACK       MA  
QSO:   14050 CW 2025-08-02 1819 WN4AFP          Dave       SC  VA3FN           JOHN       ON  
QSO:   14050 CW 2025-08-02 1820 WN4AFP          Dave       SC  KZ5D            ART        LA  
QSO:   14026 CW 2025-08-02 1823 WN4AFP          Dave       SC  K0VBU           BILL       KS  
QSO:   14029 CW 2025-08-02 1824 WN4AFP          Dave       SC  N4FCG           BOB        FL  
QSO:   14037 CW 2025-08-02 1825 WN4AFP          Dave       SC  N9RV            PAT        MT  
QSO:   14037 CW 2025-08-02 1825 WN4AFP          Dave       SC  W2RQ            BILL       NJ  
QSO:   14026 CW 2025-08-02 1827 WN4AFP          Dave       SC  AB3CX           MIKE       NY  
QSO:   14038 CW 2025-08-02 1828 WN4AFP          Dave       SC  K5KU            GARY       LA  
QSO:   14032 CW 2025-08-02 1828 WN4AFP          Dave       SC  N2MF            BJ         NY  
QSO:   14021 CW 2025-08-02 1830 WN4AFP          Dave       SC  WA7NB           ART        AZ  
QSO:   14018 CW 2025-08-02 1832 WN4AFP          Dave       SC  N5ZO            MARK       CA  
QSO:   14028 CW 2025-08-02 1832 WN4AFP          Dave       SC  NS0R            MO         KS  
QSO:   14051 CW 2025-08-02 1833 WN4AFP          Dave       SC  W5TM            ED         OK  
QSO:   21023 CW 2025-08-02 1838 WN4AFP          Dave       SC  K1DG            DOUG       ME  
QSO:   21030 CW 2025-08-02 1839 WN4AFP          Dave       SC  W0UA            GEO        CO  
QSO:   14022 CW 2025-08-02 1840 WN4AFP          Dave       SC  K7RL            MITCH      WA  
QSO:   14027 CW 2025-08-02 1841 WN4AFP          Dave       SC  KB1W            LEN        MA  
QSO:   14026 CW 2025-08-02 1842 WN4AFP          Dave       SC  AB0S            TIM        NE  
QSO:   14039 CW 2025-08-02 1843 WN4AFP          Dave       SC  KC9EE           GARY       IL  
QSO:   14041 CW 2025-08-02 1844 WN4AFP          Dave       SC  NE5A            GEORGE     OK  
QSO:   14042 CW 2025-08-02 1844 WN4AFP          Dave       SC  K1EBY           FRANK      CT  
QSO:   14046 CW 2025-08-02 1845 WN4AFP          Dave       SC  N5OT            KEN        MO  
QSO:   14048 CW 2025-08-02 1845 WN4AFP          Dave       SC  N2RC            MIKE       NY  
QSO:   14059 CW 2025-08-02 1847 WN4AFP          Dave       SC  VA2WA           VIC        QC  
QSO:   14043 CW 2025-08-02 1848 WN4AFP          Dave       SC  VE3RIA          ANDREW     ON  
QSO:   14032 CW 2025-08-02 1849 WN4AFP          Dave       SC  K1VUT           DAVE       MA  
QSO:   14054 CW 2025-08-02 1851 WN4AFP          Dave       SC  K5MR            STEVE      TX  
QSO:   14045 CW 2025-08-02 1851 WN4AFP          Dave       SC  K1TR            ED         NH  
QSO:   28031 CW 2025-08-02 1853 WN4AFP          Dave       SC  TI8X            GUY        TI  
QSO:   28031 CW 2025-08-02 1854 WN4AFP          Dave       SC  ND3T            LEN        ME  
QSO:   28032 CW 2025-08-02 1854 WN4AFP          Dave       SC  PJ2ND           JEFF       DX  
QSO:   21024 CW 2025-08-02 1858 WN4AFP          Dave       SC  KD7ND           MIKE       AZ  
QSO:   21039 CW 2025-08-02 1859 WN4AFP          Dave       SC  KY7M            LEE        AZ  
QSO:   21033 CW 2025-08-02 1859 WN4AFP          Dave       SC  ZF5T            STAN       ZF  
QSO:   21040 CW 2025-08-02 1901 WN4AFP          Dave       SC  KD4S            DICK       SC  
QSO:   21034 CW 2025-08-02 1902 WN4AFP          Dave       SC  VE7ZO           JIM        BC  
QSO:   21017 CW 2025-08-02 1903 WN4AFP          Dave       SC  KP2M            PHIL       KP2 
QSO:   21048 CW 2025-08-02 1907 WN4AFP          Dave       SC  KL7SB           STEVE      AK  
QSO:   21031 CW 2025-08-02 1908 WN4AFP          Dave       SC  AA0FO           MARSH      KS  
QSO:   21031 CW 2025-08-02 1908 WN4AFP          Dave       SC  VE3JM           VLAD       ON  
QSO:   21029 CW 2025-08-02 1909 WN4AFP          Dave       SC  WP3Z            MANU       KP4 
QSO:   21039 CW 2025-08-02 1912 WN4AFP          Dave       SC  VE6RST          MAX        AB  
QSO:   21033 CW 2025-08-02 1913 WN4AFP          Dave       SC  W4IX            JOHN       SC  
QSO:   14023 CW 2025-08-02 1916 WN4AFP          Dave       SC  K4IEY           JULES      IL  
QSO:   14062 CW 2025-08-02 1919 WN4AFP          Dave       SC  W0ZQ            JON        MN  
QSO:   14028 CW 2025-08-02 1919 WN4AFP          Dave       SC  N3RD            DAVE       PA  
QSO:   14052 CW 2025-08-02 1921 WN4AFP          Dave       SC  K1RX            MARK       NH  
QSO:   14032 CW 2025-08-02 1921 WN4AFP          Dave       SC  N5EE            KEN        AR  
QSO:   14041 CW 2025-08-02 1922 WN4AFP          Dave       SC  N1CFO           ERIK       ME  
QSO:   14040 CW 2025-08-02 1923 WN4AFP          Dave       SC  VE3DZ           YURI       ON  
QSO:   14014 CW 2025-08-02 1924 WN4AFP          Dave       SC  WD0T            TODD       SD  
QSO:   14035 CW 2025-08-02 1924 WN4AFP          Dave       SC  VE7ZO           JIM        BC  
QSO:   14042 CW 2025-08-02 1925 WN4AFP          Dave       SC  K5GN            DAVE       TX  
QSO:   14045 CW 2025-08-02 1926 WN4AFP          Dave       SC  WA2CP           ANDY       NY  
QSO:   14050 CW 2025-08-02 1927 WN4AFP          Dave       SC  WI9WI           JIM        WI  
QSO:   14038 CW 2025-08-02 1927 WN4AFP          Dave       SC  W0IZ            IZ         CO  
QSO:   14025 CW 2025-08-02 1929 WN4AFP          Dave       SC  ZF5T            STAN       ZF  
QSO:   14054 CW 2025-08-02 1930 WN4AFP          Dave       SC  W1KM            GREG       MA  
QSO:   14051 CW 2025-08-02 1931 WN4AFP          Dave       SC  N7VM            BILL       CA  
QSO:   14045 CW 2025-08-02 1931 WN4AFP          Dave       SC  K0SN            TOM        MT  
QSO:   14021 CW 2025-08-02 1932 WN4AFP          Dave       SC  KG5U            DALE       TX  
QSO:   14062 CW 2025-08-02 1943 WN4AFP          Dave       SC  NA0N            PAT        MN  
QSO:   14043 CW 2025-08-02 1944 WN4AFP          Dave       SC  N1DE            DAN        ME  
QSO:   14041 CW 2025-08-02 1945 WN4AFP          Dave       SC  W5JK            STEVE      TX  
QSO:   14031 CW 2025-08-02 1945 WN4AFP          Dave       SC  N0NI            TONY       IA  
QSO:   14060 CW 2025-08-02 1947 WN4AFP          Dave       SC  N9EP            ED         IL  
QSO:   14066 CW 2025-08-02 1949 WN4AFP          Dave       SC  AI6O            ED         MO  
QSO:   14063 CW 2025-08-02 1951 WN4AFP          Dave       SC  N5JJ            RICK       TX  
QSO:   14063 CW 2025-08-02 1954 WN4AFP          Dave       SC  N7IR            GARY       AZ  
QSO:   14057 CW 2025-08-02 1957 WN4AFP          Dave       SC  VA3SP           MIKE       ON  
QSO:   14039 CW 2025-08-02 2000 WN4AFP          Dave       SC  K1VMT           JOE        VT  
QSO:   14065 CW 2025-08-02 2002 WN4AFP          Dave       SC  NX6T            PAT        CA  
QSO:   14055 CW 2025-08-02 2002 WN4AFP          Dave       SC  WD6T            DAVE       CA  
QSO:   14027 CW 2025-08-02 2004 WN4AFP          Dave       SC  KR2Q            DOUG       NJ  
QSO:   14051 CW 2025-08-02 2004 WN4AFP          Dave       SC  K5UV            MIKE       OK  
QSO:   14029 CW 2025-08-02 2005 WN4AFP          Dave       SC  AI0Y            JOE        ND  
QSO:   14064 CW 2025-08-02 2007 WN4AFP          Dave       SC  VE2FK           DUB        QC  
QSO:   14043 CW 2025-08-02 2008 WN4AFP          Dave       SC  N1DC            RICK       MA  
QSO:   14053 CW 2025-08-02 2010 WN4AFP          Dave       SC  NK4O            AJ         FL  
QSO:   14028 CW 2025-08-02 2011 WN4AFP          Dave       SC  W3RJ            RICH       PA  
QSO:   14045 CW 2025-08-02 2012 WN4AFP          Dave       SC  KC7V            MIKE       AZ  
QSO:   14032 CW 2025-08-02 2014 WN4AFP          Dave       SC  W9XS            RON        IL  
QSO:   14054 CW 2025-08-02 2015 WN4AFP          Dave       SC  W0VX            DAVE       TX  
QSO:   14058 CW 2025-08-02 2016 WN4AFP          Dave       SC  VE6RST          MAX        AB  
QSO:   14022 CW 2025-08-02 2017 WN4AFP          Dave       SC  AA2IL           JOE        CA  
QSO:   14051 CW 2025-08-02 2018 WN4AFP          Dave       SC  AC0W            BILL       MN  
QSO:   14022 CW 2025-08-02 2018 WN4AFP          Dave       SC  K5CM            CON        OK  
QSO:   14040 CW 2025-08-02 2019 WN4AFP          Dave       SC  K5WA            BOB        TX  
QSO:   14014 CW 2025-08-02 2020 WN4AFP          Dave       SC  K2LE            ANDY       VT  
QSO:   14041 CW 2025-08-02 2020 WN4AFP          Dave       SC  K0EU            KEN        CO  
QSO:   14066 CW 2025-08-02 2022 WN4AFP          Dave       SC  KG9X            FRED       IL  
QSO:   14019 CW 2025-08-02 2022 WN4AFP          Dave       SC  N2GC            MIKE       NY  
QSO:   14060 CW 2025-08-02 2022 WN4AFP          Dave       SC  NW6P            TOM        CA  
QSO:   14061 CW 2025-08-02 2023 WN4AFP          Dave       SC  WD5JR           SI         OK  
QSO:   14038 CW 2025-08-02 2024 WN4AFP          Dave       SC  KD7ND           MIKE       AZ  
QSO:   14047 CW 2025-08-02 2026 WN4AFP          Dave       SC  K5OY            STEVE      AR  
QSO:   14049 CW 2025-08-02 2027 WN4AFP          Dave       SC  N6TR            TREE       OR  
QSO:   14031 CW 2025-08-02 2027 WN4AFP          Dave       SC  W0UO            JIM        TX  
QSO:   14057 CW 2025-08-02 2035 WN4AFP          Dave       SC  K4IU            FRED       MN  
QSO:   14022 CW 2025-08-02 2035 WN4AFP          Dave       SC  AB5SE           JERRY      AR  
QSO:   14055 CW 2025-08-02 2036 WN4AFP          Dave       SC  NQ2W            WILL       NY  
QSO:   14021 CW 2025-08-02 2037 WN4AFP          Dave       SC  K8IA            BOB        AZ  
QSO:   14055 CW 2025-08-02 2037 WN4AFP          Dave       SC  ND3T            LEN        ME  
QSO:   14032 CW 2025-08-02 2037 WN4AFP          Dave       SC  K0AD            AL         MN  
QSO:   14038 CW 2025-08-02 2041 WN4AFP          Dave       SC  K7GA            JEFF       AZ  
QSO:   14017 CW 2025-08-02 2042 WN4AFP          Dave       SC  VA1MM           AL         NS  
QSO:   14030 CW 2025-08-02 2042 WN4AFP          Dave       SC  VE3JM           VLAD       ON  
QSO:   14029 CW 2025-08-02 2043 WN4AFP          Dave       SC  W1UE            DENNIS     MA  
QSO:   14045 CW 2025-08-02 2045 WN4AFP          Dave       SC  WJ9B            WILL       ID  
QSO:   14057 CW 2025-08-02 2049 WN4AFP          Dave       SC  W0ZA            GREG       NE  
QSO:   14065 CW 2025-08-02 2050 WN4AFP          Dave       SC  KI1G            RICK       RI  
QSO:   21035 CW 2025-08-02 2051 WN4AFP          Dave       SC  N6RO            KEN        CA  
QSO:   21043 CW 2025-08-02 2052 WN4AFP          Dave       SC  KD6WW           BRUCE      CA  
QSO:   21035 CW 2025-08-02 2053 WN4AFP          Dave       SC  AH6KO           STAN       HI  
QSO:   21034 CW 2025-08-02 2053 WN4AFP          Dave       SC  NX6T            PAT        CA  
QSO:   21032 CW 2025-08-02 2054 WN4AFP          Dave       SC  N0NI            TONY       IA  
QSO:   21032 CW 2025-08-02 2055 WN4AFP          Dave       SC  TI8X            GUY        TI  
QSO:   21045 CW 2025-08-02 2058 WN4AFP          Dave       SC  N6AA            DICK       CA  
QSO:   21023 CW 2025-08-02 2103 WN4AFP          Dave       SC  NA0N            PAT        MN  
QSO:   14068 CW 2025-08-02 2105 WN4AFP          Dave       SC  N4AO            JEFF       FL  
QSO:   14068 CW 2025-08-02 2106 WN4AFP          Dave       SC  WA5SOG          ED         AR  
QSO:   14068 CW 2025-08-02 2106 WN4AFP          Dave       SC  KV0I            BILL       NE  
QSO:   14068 CW 2025-08-02 2109 WN4AFP          Dave       SC  VE3CT           ART        ON  
QSO:   14068 CW 2025-08-02 2110 WN4AFP          Dave       SC  K0HB            BOY        MN  
QSO:   14068 CW 2025-08-02 2111 WN4AFP          Dave       SC  N1AU            JOHN       MA  
QSO:   14068 CW 2025-08-02 2112 WN4AFP          Dave       SC  WA8ZBT          DENNIS     TX  
QSO:   14068 CW 2025-08-02 2113 WN4AFP          Dave       SC  W6SX            HANK       CA  
QSO:   14068 CW 2025-08-02 2114 WN4AFP          Dave       SC  K8CN            MIKE       NH  
QSO:   14068 CW 2025-08-02 2114 WN4AFP          Dave       SC  KE5CW           TOM        TX  
QSO:   14068 CW 2025-08-02 2116 WN4AFP          Dave       SC  AA7V            STEVE      AZ  
QSO:   14068 CW 2025-08-02 2117 WN4AFP          Dave       SC  AE1T            PETER      NH  
QSO:   14068 CW 2025-08-02 2117 WN4AFP          Dave       SC  W4IDX           DAVID      AZ  
QSO:   14068 CW 2025-08-02 2119 WN4AFP          Dave       SC  N0ANE           MIKE       MN  
QSO:   14068 CW 2025-08-02 2120 WN4AFP          Dave       SC  W4IX            JOHN       SC  
QSO:   14068 CW 2025-08-02 2120 WN4AFP          Dave       SC  W0EWD           MIKE       IA  
QSO:   14068 CW 2025-08-02 2121 WN4AFP          Dave       SC  VE3MV           DOUG       ON  
QSO:   14068 CW 2025-08-02 2125 WN4AFP          Dave       SC  K7QA            TOM        MT  
QSO:   14068 CW 2025-08-02 2128 WN4AFP          Dave       SC  K1MK            MIKE       MA  
QSO:   14068 CW 2025-08-02 2129 WN4AFP          Dave       SC  WA5LFD          RICH       TX  
QSO:   21034 CW 2025-08-02 2134 WN4AFP          Dave       SC  K7RL            MITCH      WA  
QSO:   21036 CW 2025-08-02 2136 WN4AFP          Dave       SC  KE6PY           STEVE      CA  
QSO:   21026 CW 2025-08-02 2138 WN4AFP          Dave       SC  N5KO            TREY       CA  
QSO:   21033 CW 2025-08-02 2140 WN4AFP          Dave       SC  N7VM            BILL       CA  
QSO:   21046 CW 2025-08-02 2142 WN4AFP          Dave       SC  KK6BB           DARREL     CA  
QSO:   14062 CW 2025-08-02 2145 WN4AFP          Dave       SC  AD1C            JIM        CO  
QSO:   14055 CW 2025-08-02 2146 WN4AFP          Dave       SC  K1DG            DOUG       ME  
QSO:   14050 CW 2025-08-02 2147 WN4AFP          Dave       SC  J8AA            FRANK      J8  
QSO:   14049 CW 2025-08-02 2148 WN4AFP          Dave       SC  W1FJ            AL         MA  
QSO:   14046 CW 2025-08-02 2148 WN4AFP          Dave       SC  N0AV            JIM        IA  
QSO:   14040 CW 2025-08-02 2150 WN4AFP          Dave       SC  W7WLW           WILLOW     TX  
QSO:   14036 CW 2025-08-02 2152 WN4AFP          Dave       SC  WP3Z            MANU       KP4 
QSO:   14034 CW 2025-08-02 2153 WN4AFP          Dave       SC  K4XU            DICK       OR  
QSO:   14033 CW 2025-08-02 2154 WN4AFP          Dave       SC  K7NEW           MARK       WA  
QSO:   14030 CW 2025-08-02 2155 WN4AFP          Dave       SC  W0UA            GEO        CO  
QSO:   14028 CW 2025-08-02 2201 WN4AFP          Dave       SC  KP2M            PHIL       KP2 
QSO:   14027 CW 2025-08-02 2201 WN4AFP          Dave       SC  K9YC            JIM        CA  
QSO:   14025 CW 2025-08-02 2204 WN4AFP          Dave       SC  N5TJ            JEFF       TX  
QSO:   14022 CW 2025-08-02 2206 WN4AFP          Dave       SC  K1TH            TOM        MA  
QSO:   14022 CW 2025-08-02 2206 WN4AFP          Dave       SC  KT5V            DAVID      TX  
QSO:   14022 CW 2025-08-02 2207 WN4AFP          Dave       SC  WB0N            BERT       MN  
QSO:   14022 CW 2025-08-02 2208 WN4AFP          Dave       SC  W7ZRC           ROD        ID  
QSO:   14022 CW 2025-08-02 2209 WN4AFP          Dave       SC  K5CI            LEO        TX  
QSO:   14022 CW 2025-08-02 2212 WN4AFP          Dave       SC  N1SP            RANDY      VT  
QSO:   14022 CW 2025-08-02 2213 WN4AFP          Dave       SC  W8TOM           TOM        MI  
QSO:   14022 CW 2025-08-02 2214 WN4AFP          Dave       SC  W1VIV           SUMNER     MA  
QSO:   14022 CW 2025-08-02 2214 WN4AFP          Dave       SC  AK1MD           ALEX       MA  
QSO:   14022 CW 2025-08-02 2215 WN4AFP          Dave       SC  NA8V            GREG       MI  
QSO:   14022 CW 2025-08-02 2216 WN4AFP          Dave       SC  KA6W            TED        CA  
QSO:   14022 CW 2025-08-02 2217 WN4AFP          Dave       SC  VE3NNT          LES        ON  
QSO:   14030 CW 2025-08-02 2228 WN4AFP          Dave       SC  TI8X            GUY        TI  
QSO:   14027 CW 2025-08-02 2229 WN4AFP          Dave       SC  AC0C            JEFF       KS  
QSO:   14022 CW 2025-08-02 2229 WN4AFP          Dave       SC  VE3VN           RON        ON  
QSO:   14037 CW 2025-08-02 2232 WN4AFP          Dave       SC  VE3EJ           JOHN       ON  
QSO:   14051 CW 2025-08-02 2233 WN4AFP          Dave       SC  PJ2ND           JEFF       DX  
QSO:   14056 CW 2025-08-02 2234 WN4AFP          Dave       SC  K7SHR           PAUL       WY  
QSO:   14041 CW 2025-08-02 2234 WN4AFP          Dave       SC  9A3YT           DARKO      DX  
QSO:   14062 CW 2025-08-02 2236 WN4AFP          Dave       SC  K6KM            ROD        CA  
QSO:   14040 CW 2025-08-02 2238 WN4AFP          Dave       SC  K1AR            JOHN       NH  
QSO:   14027 CW 2025-08-02 2238 WN4AFP          Dave       SC  NO5Z            FRED       NM  
QSO:   14068 CW 2025-08-02 2239 WN4AFP          Dave       SC  W7ZR            RICHARD    NV  
QSO:   14026 CW 2025-08-02 2240 WN4AFP          Dave       SC  AA9H            DAVE       IN  
QSO:   14042 CW 2025-08-02 2241 WN4AFP          Dave       SC  VE3NE           LALI       ON  
QSO:   14038 CW 2025-08-02 2242 WN4AFP          Dave       SC  N5RZ            GATOR      TX  
QSO:   14047 CW 2025-08-02 2243 WN4AFP          Dave       SC  N6AA            DICK       CA  
QSO:   14035 CW 2025-08-02 2243 WN4AFP          Dave       SC  N0TA            JOHN       CO  
QSO:   14036 CW 2025-08-02 2246 WN4AFP          Dave       SC  VA3WB           DENNIS     ON  
QSO:   14040 CW 2025-08-02 2247 WN4AFP          Dave       SC  K1IMI           BERT       ME  
QSO:   21035 CW 2025-08-02 2250 WN4AFP          Dave       SC  K6ACW           RAY        CA  
QSO:   21034 CW 2025-08-02 2252 WN4AFP          Dave       SC  N9RV            PAT        MT  
QSO:   21044 CW 2025-08-02 2253 WN4AFP          Dave       SC  NP2X            ED         KP2 
QSO:   21037 CW 2025-08-02 2255 WN4AFP          Dave       SC  N6TV            BOB        CA  
QSO:   28032 CW 2025-08-02 2257 WN4AFP          Dave       SC  ZF5T            STAN       ZF  
QSO:   14068 CW 2025-08-02 2300 WN4AFP          Dave       SC  N6IE            RON        CA  
QSO:   14068 CW 2025-08-02 2301 WN4AFP          Dave       SC  K6GHA           DON        CA  
QSO:   14068 CW 2025-08-02 2301 WN4AFP          Dave       SC  K8QKY           STEVE      MI  
QSO:   14068 CW 2025-08-02 2302 WN4AFP          Dave       SC  W5TM            ED         OK  
QSO:   14068 CW 2025-08-02 2302 WN4AFP          Dave       SC  K0II            BEN        MN  
QSO:   14068 CW 2025-08-02 2302 WN4AFP          Dave       SC  WE6Z            AJ         CA  
QSO:   14035 CW 2025-08-02 2306 WN4AFP          Dave       SC  K8BTU           BILL       OH  
QSO:    7049 CW 2025-08-02 2308 WN4AFP          Dave       SC  AC5XK           DON        DC  
QSO:    7042 CW 2025-08-02 2308 WN4AFP          Dave       SC  W1UE            DENNIS     MA  
QSO:    7026 CW 2025-08-02 2309 WN4AFP          Dave       SC  AA3B            BUD        PA  
QSO:    7033 CW 2025-08-02 2309 WN4AFP          Dave       SC  AC6ZM           JUAN       TN  
QSO:    7041 CW 2025-08-02 2310 WN4AFP          Dave       SC  K3AJ            TOM        MD  
QSO:    7043 CW 2025-08-02 2310 WN4AFP          Dave       SC  K3WW            CHAS       NJ  
QSO:    7034 CW 2025-08-02 2310 WN4AFP          Dave       SC  K3MM            TY         MD  
QSO:    7030 CW 2025-08-02 2311 WN4AFP          Dave       SC  K4FN            DAN        KY  
QSO:    7031 CW 2025-08-02 2311 WN4AFP          Dave       SC  K4QPL           TRIPP      NC  
QSO:    7019 CW 2025-08-02 2313 WN4AFP          Dave       SC  AI6O            ED         MO  
QSO:    7024 CW 2025-08-02 2313 WN4AFP          Dave       SC  K5CM            CON        OK  
QSO:    7031 CW 2025-08-02 2314 WN4AFP          Dave       SC  KO4VW           STEVE      GA  
QSO:    7035 CW 2025-08-02 2315 WN4AFP          Dave       SC  N2MF            BJ         NY  
QSO:    7038 CW 2025-08-02 2315 WN4AFP          Dave       SC  N2YO            CHIP       VA  
QSO:    7033 CW 2025-08-02 2315 WN4AFP          Dave       SC  AB3CX           MIKE       NY  
QSO:    7042 CW 2025-08-02 2316 WN4AFP          Dave       SC  W4RN            MIKE       VA  
QSO:    7049 CW 2025-08-02 2317 WN4AFP          Dave       SC  N8KH            KEN        FL  
QSO:    7050 CW 2025-08-02 2317 WN4AFP          Dave       SC  N9UNX           CHAD       IN  
QSO:    7022 CW 2025-08-02 2318 WN4AFP          Dave       SC  NA8V            GREG       MI  
QSO:    7038 CW 2025-08-02 2319 WN4AFP          Dave       SC  N9CK            STEVE      WI  
QSO:    7048 CW 2025-08-02 2319 WN4AFP          Dave       SC  N4KH            JIM        AL  
QSO:    7040 CW 2025-08-02 2320 WN4AFP          Dave       SC  WQ5L            RAY        MS  
QSO:    7036 CW 2025-08-02 2320 WN4AFP          Dave       SC  W4IX            JOHN       SC  
QSO:    7037 CW 2025-08-02 2322 WN4AFP          Dave       SC  N4ZZ            DON        TN  
QSO:    7036 CW 2025-08-02 2322 WN4AFP          Dave       SC  VE3NE           LALI       ON  
QSO:    7026 CW 2025-08-02 2323 WN4AFP          Dave       SC  NS0R            MO         KS  
QSO:    7021 CW 2025-08-02 2323 WN4AFP          Dave       SC  ND3T            LEN        ME  
QSO:    7046 CW 2025-08-02 2324 WN4AFP          Dave       SC  N5EE            KEN        AR  
QSO:    7047 CW 2025-08-02 2325 WN4AFP          Dave       SC  K9NW            MIKE       OH  
QSO:    7039 CW 2025-08-02 2327 WN4AFP          Dave       SC  N0AV            JIM        IA  
QSO:    7034 CW 2025-08-02 2328 WN4AFP          Dave       SC  K9CT            CRAIG      IL  
QSO:    7024 CW 2025-08-02 2329 WN4AFP          Dave       SC  KU8E            JEFF       GA  
QSO:    7041 CW 2025-08-02 2329 WN4AFP          Dave       SC  W4WF            TRIPP      FL  
QSO:    7039 CW 2025-08-02 2330 WN4AFP          Dave       SC  K4RO            KIRK       TN  
QSO:    7043 CW 2025-08-02 2330 WN4AFP          Dave       SC  AA9H            DAVE       IN  
QSO:    7063 CW 2025-08-02 2332 WN4AFP          Dave       SC  KI5GTR          LES        AR  
QSO:    7028 CW 2025-08-02 2332 WN4AFP          Dave       SC  K2KW            KEN        VA  
QSO:    7054 CW 2025-08-02 2333 WN4AFP          Dave       SC  NW0M            MITCH      MO  
QSO:    7031 CW 2025-08-02 2334 WN4AFP          Dave       SC  WI9WI           JIM        WI  
QSO:    7038 CW 2025-08-02 2334 WN4AFP          Dave       SC  J8AA            FRANK      J8  
QSO:    7021 CW 2025-08-02 2335 WN4AFP          Dave       SC  K2LE            ANDY       VT  
QSO:    7054 CW 2025-08-02 2336 WN4AFP          Dave       SC  VA1MM           AL         NS  
QSO:    7028 CW 2025-08-02 2336 WN4AFP          Dave       SC  ZF5T            STAN       ZF  
QSO:    7041 CW 2025-08-02 2337 WN4AFP          Dave       SC  K5GN            DAVE       TX  
QSO:    7047 CW 2025-08-02 2339 WN4AFP          Dave       SC  N8AA            JOHN       OH  
QSO:    7047 CW 2025-08-02 2339 WN4AFP          Dave       SC  N3AM            JOHN       MD  
QSO:    7047 CW 2025-08-02 2340 WN4AFP          Dave       SC  N2BJ            BARRY      IL  
QSO:    7047 CW 2025-08-02 2340 WN4AFP          Dave       SC  N2EY            JIM        PA  
QSO:    7047 CW 2025-08-02 2340 WN4AFP          Dave       SC  K0TQ            MIKE       IN  
QSO:    7047 CW 2025-08-02 2341 WN4AFP          Dave       SC  K9WO            STEVE      WI  
QSO:    7047 CW 2025-08-02 2341 WN4AFP          Dave       SC  W3IDT           BOB        MD  
QSO:    7047 CW 2025-08-02 2341 WN4AFP          Dave       SC  VE3NNT          LES        ON  
QSO:    7047 CW 2025-08-02 2342 WN4AFP          Dave       SC  N4XL            TOM        SC  
QSO:    7047 CW 2025-08-02 2342 WN4AFP          Dave       SC  W8FN            RANDY      NC  
QSO:    7047 CW 2025-08-02 2343 WN4AFP          Dave       SC  KB3Z            MARK       PA  
QSO:    7047 CW 2025-08-02 2343 WN4AFP          Dave       SC  WD8DSB          DON        IN  
QSO:    7047 CW 2025-08-02 2343 WN4AFP          Dave       SC  K3MD            JOHN       PA  
QSO:    7047 CW 2025-08-02 2344 WN4AFP          Dave       SC  N3KN            KAY        VA  
QSO:    7047 CW 2025-08-02 2344 WN4AFP          Dave       SC  K1MK            MIKE       MA  
QSO:    7047 CW 2025-08-02 2345 WN4AFP          Dave       SC  K8QKY           STEVE      MI  
QSO:    7047 CW 2025-08-02 2346 WN4AFP          Dave       SC  KR4AE           ALAN       GA  
QSO:    7047 CW 2025-08-02 2347 WN4AFP          Dave       SC  W2RQ            BILL       NJ  
QSO:    7047 CW 2025-08-02 2348 WN4AFP          Dave       SC  KD4S            DICK       SC  
QSO:    7047 CW 2025-08-02 2349 WN4AFP          Dave       SC  W3MA            JOHN       PA  
QSO:    7047 CW 2025-08-02 2349 WN4AFP          Dave       SC  KB3FW           HARV       SC  
QSO:    7047 CW 2025-08-02 2350 WN4AFP          Dave       SC  KK4UZK          JORDAN     VA  
QSO:    7047 CW 2025-08-02 2351 WN4AFP          Dave       SC  K8MR            JIM        OH  
QSO:    7047 CW 2025-08-02 2351 WN4AFP          Dave       SC  KE0L            JIM        TN  
QSO:    7047 CW 2025-08-02 2351 WN4AFP          Dave       SC  WW4LL           FRED       GA  
QSO:    7047 CW 2025-08-02 2352 WN4AFP          Dave       SC  N4CF            MIKE       VA  
QSO:    7047 CW 2025-08-02 2352 WN4AFP          Dave       SC  ND4Y            DAVID      KY  
QSO:    7047 CW 2025-08-02 2353 WN4AFP          Dave       SC  W9QL            DAVE       IL  
QSO:    7047 CW 2025-08-02 2353 WN4AFP          Dave       SC  N8LR            GARY       MI  
QSO:    7047 CW 2025-08-02 2353 WN4AFP          Dave       SC  W1YL            LN         FL  
QSO:    7047 CW 2025-08-02 2354 WN4AFP          Dave       SC  W4BR            JOHN       FL  
QSO:    7047 CW 2025-08-02 2355 WN4AFP          Dave       SC  WX8C            HARRY      NJ  
QSO:    7047 CW 2025-08-02 2355 WN4AFP          Dave       SC  K5VIP           BARRY      VA  
QSO:    7047 CW 2025-08-02 2356 WN4AFP          Dave       SC  KA3JNN          MIKE       MD  
QSO:    7047 CW 2025-08-02 2356 WN4AFP          Dave       SC  WB4HRL          ED         SC  
QSO:    7047 CW 2025-08-02 2356 WN4AFP          Dave       SC  KC4WQ           BUD        KY  
QSO:    7047 CW 2025-08-02 2356 WN4AFP          Dave       SC  W6RIF           REED       VA  
QSO:    7047 CW 2025-08-02 2359 WN4AFP          Dave       SC  K8LF            JAY        VA  
QSO:    7047 CW 2025-08-02 2359 WN4AFP          Dave       SC  WA2LMC          CLIFF      NC  
QSO:    7047 CW 2025-08-02 2359 WN4AFP          Dave       SC  VE3MGY          BRIAN      ON  
QSO:    7047 CW 2025-08-03 0000 WN4AFP          Dave       SC  NF8M            FRANK      MI  
QSO:    7047 CW 2025-08-03 0001 WN4AFP          Dave       SC  K3CCR           BEN        MD  
QSO:    7047 CW 2025-08-03 0001 WN4AFP          Dave       SC  KI4EZC          FRED       TN  
QSO:    7047 CW 2025-08-03 0004 WN4AFP          Dave       SC  AK1MD           ALEX       MA  
QSO:    7047 CW 2025-08-03 0005 WN4AFP          Dave       SC  W8UE            TED        MI  
QSO:    7047 CW 2025-08-03 0005 WN4AFP          Dave       SC  W3KB            KEITH      PA  
QSO:    7047 CW 2025-08-03 0006 WN4AFP          Dave       SC  N2NC            JOHN       NJ  
QSO:    7047 CW 2025-08-03 0006 WN4AFP          Dave       SC  K1EBY           FRANK      CT  
QSO:    7047 CW 2025-08-03 0006 WN4AFP          Dave       SC  W8TB            JEFF       OH  
QSO:    7047 CW 2025-08-03 0007 WN4AFP          Dave       SC  VE3AQ           JACK       ON  
QSO:    7047 CW 2025-08-03 0008 WN4AFP          Dave       SC  N8CC            JEFF       MI  
QSO:    7047 CW 2025-08-03 0008 WN4AFP          Dave       SC  N4AF            TRIPP      NC  
QSO:    7047 CW 2025-08-03 0009 WN4AFP          Dave       SC  AD4EB           JIM        TN  
QSO:    7047 CW 2025-08-03 0010 WN4AFP          Dave       SC  KE4SC           PAUL       SC  
QSO:    7047 CW 2025-08-03 0010 WN4AFP          Dave       SC  W9XS            RON        IL  
QSO:    7047 CW 2025-08-03 0011 WN4AFP          Dave       SC  KA3D            DAN        PA  
QSO:    7047 CW 2025-08-03 0012 WN4AFP          Dave       SC  W4UT            RON        TN  
QSO:    7047 CW 2025-08-03 0013 WN4AFP          Dave       SC  W8RTJ           JIM        OH  
QSO:    7047 CW 2025-08-03 0014 WN4AFP          Dave       SC  N1SZ            JIM        MD  
QSO:    7047 CW 2025-08-03 0014 WN4AFP          Dave       SC  K2QO            MARV       NY  
QSO:    7047 CW 2025-08-03 0015 WN4AFP          Dave       SC  N1EN            MIKE       CT  
QSO:    7047 CW 2025-08-03 0015 WN4AFP          Dave       SC  K5WA            BOB        TX  
QSO:    7047 CW 2025-08-03 0016 WN4AFP          Dave       SC  N1XI            PAUL       NC  
QSO:    7047 CW 2025-08-03 0016 WN4AFP          Dave       SC  W0VX            DAVE       TX  
QSO:    7047 CW 2025-08-03 0018 WN4AFP          Dave       SC  KG9X            FRED       IL  
QSO:    7047 CW 2025-08-03 0020 WN4AFP          Dave       SC  K8GB            DAVE       MI  
QSO:    7047 CW 2025-08-03 0020 WN4AFP          Dave       SC  WA3AER          TED        MD  
QSO:    7047 CW 2025-08-03 0020 WN4AFP          Dave       SC  K5TIA           RICK       TX  
QSO:    7047 CW 2025-08-03 0021 WN4AFP          Dave       SC  W1NN            HAL        OH  
QSO:    7047 CW 2025-08-03 0022 WN4AFP          Dave       SC  KS4X            KEN        TN  
QSO:    7047 CW 2025-08-03 0022 WN4AFP          Dave       SC  K1RF            STEVE      CT  
QSO:    7047 CW 2025-08-03 0023 WN4AFP          Dave       SC  NC3Y            TOM        MD  
QSO:    7047 CW 2025-08-03 0023 WN4AFP          Dave       SC  NN9DD           MIKE       GA  
QSO:    7047 CW 2025-08-03 0024 WN4AFP          Dave       SC  NU4E            MATT       SC  
QSO:    7047 CW 2025-08-03 0025 WN4AFP          Dave       SC  NF6P            DAVE       FL  
QSO:    7047 CW 2025-08-03 0027 WN4AFP          Dave       SC  KM4HI           JIM        FL  
QSO:    7047 CW 2025-08-03 0028 WN4AFP          Dave       SC  W4VIC           VIC        VA  
QSO:    7047 CW 2025-08-03 0028 WN4AFP          Dave       SC  WB2PJH          DAVE       NJ  
QSO:    7047 CW 2025-08-03 0029 WN4AFP          Dave       SC  AE5GT           CLINT      TX  
QSO:    7047 CW 2025-08-03 0031 WN4AFP          Dave       SC  W2JV            PETE       NY  
QSO:    7047 CW 2025-08-03 0031 WN4AFP          Dave       SC  WN7S            DICK       VA  
QSO:    7047 CW 2025-08-03 0032 WN4AFP          Dave       SC  KB8GAE          RICH       OH  
QSO:    7047 CW 2025-08-03 0032 WN4AFP          Dave       SC  N1WR            WAYNE      VA  
QSO:    7047 CW 2025-08-03 0035 WN4AFP          Dave       SC  WZ4M            TOM        NC  
QSO:    7047 CW 2025-08-03 0035 WN4AFP          Dave       SC  K2CJ            CARL       NJ  
QSO:    7047 CW 2025-08-03 0038 WN4AFP          Dave       SC  KW4GF           ED         VA  
QSO:    7047 CW 2025-08-03 0039 WN4AFP          Dave       SC  AC3RA           RICH       PA  
QSO:    7028 CW 2025-08-03 0040 WN4AFP          Dave       SC  AC0W            BILL       MN  
QSO:    7020 CW 2025-08-03 0041 WN4AFP          Dave       SC  WD0T            TODD       SD  
QSO:    7027 CW 2025-08-03 0041 WN4AFP          Dave       SC  K1TR            ED         NH  
QSO:    7032 CW 2025-08-03 0042 WN4AFP          Dave       SC  WX3B            JIM        MD  
QSO:    7033 CW 2025-08-03 0043 WN4AFP          Dave       SC  N1DC            RICK       MA  
QSO:    7019 CW 2025-08-03 0044 WN4AFP          Dave       SC  AB0S            TIM        NE  
QSO:    7061 CW 2025-08-03 0045 WN4AFP          Dave       SC  W9SN            STEVE      TN  
QSO:    7056 CW 2025-08-03 0047 WN4AFP          Dave       SC  K0TI            DAN        MN  
QSO:    7056 CW 2025-08-03 0048 WN4AFP          Dave       SC  K0AP            DD         AR  
QSO:    7054 CW 2025-08-03 0048 WN4AFP          Dave       SC  N4OO            BRIAN      GA  
QSO:    7054 CW 2025-08-03 0049 WN4AFP          Dave       SC  KG9N            CHUCK      IL  
QSO:    7053 CW 2025-08-03 0049 WN4AFP          Dave       SC  WW4XX           ALEX       GA  
QSO:    7052 CW 2025-08-03 0050 WN4AFP          Dave       SC  VE3TM           VLAD       ON  
QSO:    7052 CW 2025-08-03 0050 WN4AFP          Dave       SC  K8NZ            RON        OH  
QSO:    7049 CW 2025-08-03 0052 WN4AFP          Dave       SC  N1DE            DAN        ME  
QSO:    7048 CW 2025-08-03 0053 WN4AFP          Dave       SC  N6MJ            DAN        NY  
QSO:    7047 CW 2025-08-03 0054 WN4AFP          Dave       SC  K0EJ            MARK       TN  
QSO:    7047 CW 2025-08-03 0054 WN4AFP          Dave       SC  W8CAR           DAN        OH  
QSO:    7046 CW 2025-08-03 0055 WN4AFP          Dave       SC  N4OGW           TOR        MS  
QSO:    7045 CW 2025-08-03 0055 WN4AFP          Dave       SC  K4IU            FRED       MN  
QSO:    7045 CW 2025-08-03 0056 WN4AFP          Dave       SC  AB5SE           JERRY      AR  
QSO:    7045 CW 2025-08-03 0056 WN4AFP          Dave       SC  N9XX            DAN        WI  
QSO:    7044 CW 2025-08-03 0057 WN4AFP          Dave       SC  WD9CIR          STEVE      IL  
QSO:    7044 CW 2025-08-03 0058 WN4AFP          Dave       SC  N5RZ            GATOR      TX  
QSO:    7043 CW 2025-08-03 0058 WN4AFP          Dave       SC  AF8A            GARY       OH  
QSO:    7043 CW 2025-08-03 0100 WN4AFP          Dave       SC  K3PI            RUSS       NC  
QSO:    7042 CW 2025-08-03 0101 WN4AFP          Dave       SC  NS4T            PAT        GA  
QSO:    7041 CW 2025-08-03 0102 WN4AFP          Dave       SC  NE2V            JUSTIN     NJ  
QSO:    7040 CW 2025-08-03 0103 WN4AFP          Dave       SC  VE2FK           DUB        QC  
QSO:    7038 CW 2025-08-03 0104 WN4AFP          Dave       SC  W1FJ            AL         MA  
QSO:    7037 CW 2025-08-03 0106 WN4AFP          Dave       SC  N8PE            JOHN       OH  
QSO:    7035 CW 2025-08-03 0107 WN4AFP          Dave       SC  VE3VN           RON        ON  
QSO:    7034 CW 2025-08-03 0107 WN4AFP          Dave       SC  N2NT            ANDY       NJ  
QSO:    7033 CW 2025-08-03 0107 WN4AFP          Dave       SC  NN7CW           WOLF       FL  
QSO:    7033 CW 2025-08-03 0108 WN4AFP          Dave       SC  W0UA            GEO        CO  
QSO:    7044 CW 2025-08-03 0112 WN4AFP          Dave       SC  K4EA            NEAL       GA  
QSO:    7044 CW 2025-08-03 0112 WN4AFP          Dave       SC  W1KM            GREG       MA  
QSO:    7042 CW 2025-08-03 0116 WN4AFP          Dave       SC  W4LT            LUIS       FL  
QSO:    7042 CW 2025-08-03 0116 WN4AFP          Dave       SC  N2GC            MIKE       NY  
QSO:    7041 CW 2025-08-03 0116 WN4AFP          Dave       SC  W4NZ            TED        TN  
QSO:    7014 CW 2025-08-03 0117 WN4AFP          Dave       SC  KP2M            PHIL       KP2 
QSO:    7028 CW 2025-08-03 0118 WN4AFP          Dave       SC  K7SV            LAR        VA  
QSO:    7012 CW 2025-08-03 0119 WN4AFP          Dave       SC  WF7T            BRAD       TN  
QSO:    7035 CW 2025-08-03 0120 WN4AFP          Dave       SC  KC7V            MIKE       AZ  
QSO:    7017 CW 2025-08-03 0121 WN4AFP          Dave       SC  K4OJ            JIM        FL  
QSO:    7042 CW 2025-08-03 0122 WN4AFP          Dave       SC  N8II            JEFF       WV  
QSO:    7028 CW 2025-08-03 0123 WN4AFP          Dave       SC  K5KU            GARY       LA  
QSO:    7030 CW 2025-08-03 0124 WN4AFP          Dave       SC  TI8X            GUY        TI  
QSO:    7015 CW 2025-08-03 0127 WN4AFP          Dave       SC  KA0PQW          MATT       MN  
QSO:    7041 CW 2025-08-03 0128 WN4AFP          Dave       SC  NE5A            GEORGE     OK  
QSO:    7063 CW 2025-08-03 0129 WN4AFP          Dave       SC  VA2WA           VIC        QC  
QSO:    7027 CW 2025-08-03 0131 WN4AFP          Dave       SC  VE4EA           CARY       MB  
QSO:    7039 CW 2025-08-03 0131 WN4AFP          Dave       SC  VE3EJ           JOHN       ON  
QSO:    7031 CW 2025-08-03 0132 WN4AFP          Dave       SC  K4BAI           JOHN       GA  
QSO:    7012 CW 2025-08-03 0133 WN4AFP          Dave       SC  KR2Q            DOUG       NJ  
QSO:    7021 CW 2025-08-03 0135 WN4AFP          Dave       SC  K1IMI           BERT       ME  
QSO:    7038 CW 2025-08-03 0136 WN4AFP          Dave       SC  K3JT            TERRY      WV  
QSO:    7029 CW 2025-08-03 0136 WN4AFP          Dave       SC  K5ZD            RANDY      OH  
QSO:    7050 CW 2025-08-03 0137 WN4AFP          Dave       SC  N0AT            RON        MN  
QSO:    7046 CW 2025-08-03 0137 WN4AFP          Dave       SC  K1GU            NED        TN  
QSO:    7062 CW 2025-08-03 0137 WN4AFP          Dave       SC  K4MI            WALLY      VA  
QSO:    7024 CW 2025-08-03 0138 WN4AFP          Dave       SC  K2ZR            DICK       NY  
QSO:    7026 CW 2025-08-03 0139 WN4AFP          Dave       SC  W5MX            TOM        KY  
QSO:    7052 CW 2025-08-03 0140 WN4AFP          Dave       SC  N4AO            JEFF       FL  
QSO:    7052 CW 2025-08-03 0140 WN4AFP          Dave       SC  K5GQ            MARK       TX  
QSO:    7051 CW 2025-08-03 0141 WN4AFP          Dave       SC  N5ZO            MARK       CA  
QSO:    7022 CW 2025-08-03 0143 WN4AFP          Dave       SC  AI0Y            JOE        ND  
QSO:    7048 CW 2025-08-03 0144 WN4AFP          Dave       SC  W9RNY           MIKE       IL  
QSO:    7017 CW 2025-08-03 0144 WN4AFP          Dave       SC  K9DX            JOHN       IL  
QSO:    7032 CW 2025-08-03 0145 WN4AFP          Dave       SC  K3UL            BOB        PA  
QSO:    7036 CW 2025-08-03 0149 WN4AFP          Dave       SC  N4DW            DAVE       TN  
QSO:    7050 CW 2025-08-03 0149 WN4AFP          Dave       SC  W2GD            JOHN       PA  
QSO:    7058 CW 2025-08-03 0150 WN4AFP          Dave       SC  W4NF            JACK       VA  
QSO:    7018 CW 2025-08-03 0151 WN4AFP          Dave       SC  K4TZ            TOM        KY  
QSO:    7012 CW 2025-08-03 0152 WN4AFP          Dave       SC  N9TK            JIM        IL  
QSO:    7013 CW 2025-08-03 0152 WN4AFP          Dave       SC  VE3EY           NICK       ON  
QSO:    7052 CW 2025-08-03 0153 WN4AFP          Dave       SC  KB4CG           JACK       VA  
QSO:    7034 CW 2025-08-03 0153 WN4AFP          Dave       SC  VE3DZ           YURI       ON  
QSO:    7037 CW 2025-08-03 0154 WN4AFP          Dave       SC  W8FJ            JOHN       PA  
QSO:    7035 CW 2025-08-03 0154 WN4AFP          Dave       SC  W3US            RUSTY      FL  
QSO:    7063 CW 2025-08-03 0155 WN4AFP          Dave       SC  WA1S            ANN        FL  
QSO:    7066 CW 2025-08-03 0157 WN4AFP          Dave       SC  WA7BNM          BRUCE      CA  
QSO:    7028 CW 2025-08-03 0158 WN4AFP          Dave       SC  KP4JRS          JOSE       KP4 
QSO:    7037 CW 2025-08-03 0159 WN4AFP          Dave       SC  N3RD            DAVE       PA  
QSO:    7012 CW 2025-08-03 0204 WN4AFP          Dave       SC  KD2KW           KEN        TX  
QSO:    7032 CW 2025-08-03 0215 WN4AFP          Dave       SC  NO5Z            FRED       NM  
QSO:    7043 CW 2025-08-03 0217 WN4AFP          Dave       SC  K0EU            KEN        CO  
QSO:    7044 CW 2025-08-03 0217 WN4AFP          Dave       SC  KW8N            BOB        OH  
QSO:    7023 CW 2025-08-03 0218 WN4AFP          Dave       SC  K2AV            GUY        NC  
QSO:    7026 CW 2025-08-03 0219 WN4AFP          Dave       SC  K0AV            ALAN       CO  
QSO:    7043 CW 2025-08-03 0220 WN4AFP          Dave       SC  K5WE            JEFF       OK  
QSO:    7019 CW 2025-08-03 0221 WN4AFP          Dave       SC  NP2X            ED         KP2 
QSO:    7039 CW 2025-08-03 0223 WN4AFP          Dave       SC  K5OY            STEVE      AR  
QSO:    7040 CW 2025-08-03 0225 WN4AFP          Dave       SC  W9XT            GARY       WI  
QSO:    7040 CW 2025-08-03 0226 WN4AFP          Dave       SC  KV0I            BILL       NE  
QSO:    3538 CW 2025-08-03 0232 WN4AFP          Dave       SC  W3RJ            RICH       PA  
QSO:    3540 CW 2025-08-03 0233 WN4AFP          Dave       SC  ND4Y            DAVID      KY  
QSO:    3540 CW 2025-08-03 0233 WN4AFP          Dave       SC  N4KH            JIM        AL  
QSO:    3540 CW 2025-08-03 0233 WN4AFP          Dave       SC  KG4W            ED         VA  
QSO:    3540 CW 2025-08-03 0234 WN4AFP          Dave       SC  K4EA            NEAL       GA  
QSO:    3540 CW 2025-08-03 0234 WN4AFP          Dave       SC  KC4WQ           BUD        KY  
QSO:    3540 CW 2025-08-03 0234 WN4AFP          Dave       SC  W3MA            JOHN       PA  
QSO:    3540 CW 2025-08-03 0235 WN4AFP          Dave       SC  K3UA            TOM        PA  
QSO:    3540 CW 2025-08-03 0235 WN4AFP          Dave       SC  K0TQ            MIKE       IN  
QSO:    3540 CW 2025-08-03 0236 WN4AFP          Dave       SC  WA3AER          TED        MD  
QSO:    3540 CW 2025-08-03 0237 WN4AFP          Dave       SC  N3AC            AL         VA  
QSO:    3540 CW 2025-08-03 0237 WN4AFP          Dave       SC  W3KB            KEITH      PA  
QSO:    3540 CW 2025-08-03 0238 WN4AFP          Dave       SC  N4AO            JEFF       FL  
QSO:    3540 CW 2025-08-03 0238 WN4AFP          Dave       SC  KE4EA           DAVE       SC  
QSO:    3540 CW 2025-08-03 0239 WN4AFP          Dave       SC  W4IX            JOHN       SC  
QSO:    3540 CW 2025-08-03 0240 WN4AFP          Dave       SC  N2BJ            BARRY      IL  
QSO:    3540 CW 2025-08-03 0241 WN4AFP          Dave       SC  W4NZ            TED        TN  
QSO:    3540 CW 2025-08-03 0241 WN4AFP          Dave       SC  KD4S            DICK       SC  
QSO:    3540 CW 2025-08-03 0242 WN4AFP          Dave       SC  VE3NE           LALI       ON  
QSO:    3540 CW 2025-08-03 0243 WN4AFP          Dave       SC  W4VIC           VIC        VA  
QSO:    3540 CW 2025-08-03 0244 WN4AFP          Dave       SC  N3RTW           SEAN       VA  
QSO:    3540 CW 2025-08-03 0245 WN4AFP          Dave       SC  N1WR            WAYNE      VA  
QSO:    3540 CW 2025-08-03 0246 WN4AFP          Dave       SC  WB4HRL          ED         SC  
QSO:    3546 CW 2025-08-03 0248 WN4AFP          Dave       SC  N8LR            GARY       MI  
QSO:    3528 CW 2025-08-03 0249 WN4AFP          Dave       SC  K5ZD            RANDY      OH  
QSO:    3529 CW 2025-08-03 0249 WN4AFP          Dave       SC  N8II            JEFF       WV  
QSO:    3520 CW 2025-08-03 0250 WN4AFP          Dave       SC  KP2M            PHIL       KP2 
QSO:    3528 CW 2025-08-03 0250 WN4AFP          Dave       SC  K5WA            BOB        TX  
QSO:    3546 CW 2025-08-03 0252 WN4AFP          Dave       SC  AD8J            JOHN       NC  
QSO:    3533 CW 2025-08-03 0253 WN4AFP          Dave       SC  N2GC            MIKE       NY  
QSO:    3537 CW 2025-08-03 0253 WN4AFP          Dave       SC  W2RQ            BILL       NJ  
QSO:    3532 CW 2025-08-03 0256 WN4AFP          Dave       SC  K9UR            JOE        IN  
QSO:    3539 CW 2025-08-03 0257 WN4AFP          Dave       SC  WA0I            RANDY      MO  
QSO:    3542 CW 2025-08-03 0258 WN4AFP          Dave       SC  W1KM            GREG       MA  
QSO:    3525 CW 2025-08-03 0259 WN4AFP          Dave       SC  K1TR            ED         NH  
QSO:    3545 CW 2025-08-03 0300 WN4AFP          Dave       SC  N4OGW           TOR        MS  
QSO:    3534 CW 2025-08-03 0301 WN4AFP          Dave       SC  N3FCP           CHRIS      PA  
QSO:    3542 CW 2025-08-03 0302 WN4AFP          Dave       SC  K8AC            LEW        NC  
QSO:    3527 CW 2025-08-03 0302 WN4AFP          Dave       SC  N0NI            TONY       IA  
QSO:    3526 CW 2025-08-03 0303 WN4AFP          Dave       SC  N6MJ            DAN        NY  
QSO:    3519 CW 2025-08-03 0304 WN4AFP          Dave       SC  N4OO            BRIAN      GA  
QSO:    3529 CW 2025-08-03 0304 WN4AFP          Dave       SC  K7SV            LAR        VA  
QSO:    3548 CW 2025-08-03 0304 WN4AFP          Dave       SC  N9UNX           CHAD       IN  
QSO:    3518 CW 2025-08-03 0305 WN4AFP          Dave       SC  WW4XX           ALEX       GA  
QSO:    3520 CW 2025-08-03 0306 WN4AFP          Dave       SC  K4TZ            TOM        KY  
QSO:    3543 CW 2025-08-03 0309 WN4AFP          Dave       SC  WA5SOG          ED         AR  
QSO:    3529 CW 2025-08-03 0309 WN4AFP          Dave       SC  N4XL            TOM        SC  
QSO:    3532 CW 2025-08-03 0310 WN4AFP          Dave       SC  N2NT            ANDY       NJ  
QSO:    3523 CW 2025-08-03 0310 WN4AFP          Dave       SC  N6NT            BRUCE      NC  
QSO:    3523 CW 2025-08-03 0310 WN4AFP          Dave       SC  W4NF            JACK       VA  
QSO:    3525 CW 2025-08-03 0311 WN4AFP          Dave       SC  N4AF            TRIPP      NC  
QSO:    3541 CW 2025-08-03 0311 WN4AFP          Dave       SC  AA3B            BUD        PA  
QSO:    3524 CW 2025-08-03 0312 WN4AFP          Dave       SC  K3WW            CHAS       NJ  
QSO:    3528 CW 2025-08-03 0313 WN4AFP          Dave       SC  N4ZZ            DON        TN  
QSO:    3528 CW 2025-08-03 0313 WN4AFP          Dave       SC  N4GO            JAY        KY  
QSO:    3528 CW 2025-08-03 0314 WN4AFP          Dave       SC  KG9X            FRED       IL  
QSO:    3527 CW 2025-08-03 0315 WN4AFP          Dave       SC  K1VUT           DAVE       MA  
QSO:    3542 CW 2025-08-03 0315 WN4AFP          Dave       SC  K4MI            WALLY      VA  
QSO:    3520 CW 2025-08-03 0315 WN4AFP          Dave       SC  N3RD            DAVE       PA  
QSO:    3550 CW 2025-08-03 0316 WN4AFP          Dave       SC  N6ZFO           BILL       VA  
QSO:    3534 CW 2025-08-03 0317 WN4AFP          Dave       SC  K4IU            FRED       MN  
QSO:    3530 CW 2025-08-03 0318 WN4AFP          Dave       SC  K9MA            SCOTT      WI  
QSO:    3522 CW 2025-08-03 0318 WN4AFP          Dave       SC  ND3T            LEN        ME  
QSO:    3518 CW 2025-08-03 0321 WN4AFP          Dave       SC  VE3NNT          LES        ON  
QSO:    3530 CW 2025-08-03 0322 WN4AFP          Dave       SC  AC6ZM           JUAN       TN  
QSO:    3533 CW 2025-08-03 0323 WN4AFP          Dave       SC  K3MM            TY         MD  
QSO:    3526 CW 2025-08-03 0323 WN4AFP          Dave       SC  K8MR            JIM        OH  
QSO:    3537 CW 2025-08-03 0325 WN4AFP          Dave       SC  K2AV            GUY        NC  
QSO:    3527 CW 2025-08-03 0327 WN4AFP          Dave       SC  K3IE            HUNTER     TN  
QSO:    3541 CW 2025-08-03 0327 WN4AFP          Dave       SC  W5MX            TOM        KY  
QSO:    3540 CW 2025-08-03 0328 WN4AFP          Dave       SC  WT9U            JIM        IN  
QSO:    3534 CW 2025-08-03 0330 WN4AFP          Dave       SC  W4KFC           VIC        MD  
QSO:    3533 CW 2025-08-03 0330 WN4AFP          Dave       SC  K4BAI           JOHN       GA  
QSO:    3554 CW 2025-08-03 0331 WN4AFP          Dave       SC  N3CKI           DAVE       NC  
QSO:    3522 CW 2025-08-03 0333 WN4AFP          Dave       SC  W1NN            HAL        OH  
QSO:    3534 CW 2025-08-03 0334 WN4AFP          Dave       SC  KZ5D            ART        LA  
QSO:    3524 CW 2025-08-03 0335 WN4AFP          Dave       SC  NA8V            GREG       MI  
QSO:    3537 CW 2025-08-03 0336 WN4AFP          Dave       SC  AA9H            DAVE       IN  
QSO:    3539 CW 2025-08-03 0339 WN4AFP          Dave       SC  N5TOO           VAN        GA  
QSO:    3535 CW 2025-08-03 0340 WN4AFP          Dave       SC  AB3CX           MIKE       NY  
QSO:    3521 CW 2025-08-03 0341 WN4AFP          Dave       SC  AD4EB           JIM        TN  
QSO:    3531 CW 2025-08-03 0342 WN4AFP          Dave       SC  KO4VW           STEVE      GA  
QSO:    3534 CW 2025-08-03 0348 WN4AFP          Dave       SC  W8CAR           DAN        OH  
QSO:    3544 CW 2025-08-03 0348 WN4AFP          Dave       SC  VE3DZ           YURI       ON  
QSO:    3549 CW 2025-08-03 0349 WN4AFP          Dave       SC  VE3EJ           JOHN       ON  
QSO:    3545 CW 2025-08-03 0355 WN4AFP          Dave       SC  N8PE            JOHN       OH  
QSO:    3542 CW 2025-08-03 0356 WN4AFP          Dave       SC  KR2Q            DOUG       NJ  
QSO:    3521 CW 2025-08-03 0357 WN4AFP          Dave       SC  AD4EB           JIM        TN  
QSO:    3529 CW 2025-08-03 0359 WN4AFP          Dave       SC  W8FJ            JOHN       PA  
QSO:    3533 CW 2025-08-03 0359 WN4AFP          Dave       SC  W8FN            RANDY      NC  
QSO:    3531 CW 2025-08-03 0400 WN4AFP          Dave       SC  N2YO            CHIP       VA  
QSO:    3529 CW 2025-08-03 0401 WN4AFP          Dave       SC  K4RO            KIRK       TN  
QSO:    3529 CW 2025-08-03 0401 WN4AFP          Dave       SC  K4OJ            JIM        FL  
END-OF-LOG:
