START-OF-LOG: 3.0
CONTEST: ARRL-DX-CW
CALLSIGN: TE5T
LOCATION: DX
CATEGORY-OPERATOR: SINGLE-OP
CATEGORY-ASSISTED: NON-ASSISTED
CATEGORY-POWER: HIGH
CATEGORY-BAND: ALL
CATEGORY-MODE: CW
CATEGORY-TRANSMITTER: ONE
OPERATORS: 8P5A
CLUB: Potomac Valley Radio Club
CREATED-BY: WRITELOG V12.76D
HQ-CATEGORY: Single Operator, High Power
HQ-GRID-LOCATOR: GK03FE
QSO: 28051 CW 2024-02-17 0022 TE5T 599 1000 VE1ANF 599 NS
QSO: 21043 CW 2024-02-17 0121 TE5T 599 1000 VE1RSM 599 NS
QSO: 14065 CW 2024-02-17 0210 TE5T 599 1000 VE1RSM 599 NS
QSO: 14065 CW 2024-02-17 0250 TE5T 599 1000 VE1GN 599 NB
QSO: 14065 CW 2024-02-17 0312 TE5T 599 1000 VO2AC 599 LB
QSO: 14065 CW 2024-02-17 0315 TE5T 599 1000 VE1ZAC 599 NS
QSO: 14065 CW 2024-02-17 0325 TE5T 599 1000 VE9AA 599 NB
QSO: 7051 CW 2024-02-17 0339 TE5T 599 1000 VE1RSM 599 NS
QSO: 1822 CW 2024-02-17 0401 TE5T 599 1000 VY2TT 599 PE
QSO: 1822 CW 2024-02-17 0401 TE5T 599 1000 VY2TT 599 PE
QSO: 7051 CW 2024-02-17 0419 TE5T 599 1000 VE9ML 599 NB
QSO: 7051 CW 2024-02-17 0430 TE5T 599 1000 VE1GN 599 NB
QSO: 3550 CW 2024-02-17 0447 TE5T 599 1000 VE1RSM 599 NS
QSO: 1823 CW 2024-02-17 0507 TE5T 599 1000 VO2AC 599 LB
QSO: 3550 CW 2024-02-17 0535 TE5T 599 1000 VO2AC 599 LB
QSO: 3550 CW 2024-02-17 0538 TE5T 599 1000 VE1GN 599 NB
QSO: 7062 CW 2024-02-17 0654 TE5T 599 1000 VO2AC 599 LB
QSO: 3531 CW 2024-02-17 0938 TE5T 599 1000 VE9AA 599 NB
QSO: 3531 CW 2024-02-17 0941 TE5T 599 1000 VO1HP 599 NF
QSO: 7049 CW 2024-02-17 1038 TE5T 599 1000 VA1MM 599 NS
QSO: 7049 CW 2024-02-17 1052 TE5T 599 1000 VE9AA 599 NB
QSO: 21070 CW 2024-02-17 1225 TE5T 599 1000 VO1BQ 599 NF
QSO: 28094 CW 2024-02-17 1316 TE5T 599 1000 VE1ZAC 599 NS
QSO: 28094 CW 2024-02-17 1420 TE5T 599 1000 VE1EM 599 NS
QSO: 28019 CW 2024-02-17 1430 TE5T 599 1000 VE1RSM 599 NS
QSO: 21040 CW 2024-02-17 1432 TE5T 599 1000 VE9KK 599 NB
QSO: 28019 CW 2024-02-17 1453 TE5T 599 1000 VE9WH 599 NB
QSO: 28019 CW 2024-02-17 1553 TE5T 599 1000 VE1GN 599 NB
QSO: 28019 CW 2024-02-17 1611 TE5T 599 1000 VO2AC 599 LB
QSO: 21043 CW 2024-02-17 1639 TE5T 599 1000 VA1CC 599 NS
QSO: 21043 CW 2024-02-17 1646 TE5T 599 1000 VO2AC 599 LB
QSO: 28019 CW 2024-02-17 1739 TE5T 599 1000 VE9ML 599 NB
QSO: 28019 CW 2024-02-17 1813 TE5T 599 1000 VA1MM 599 NS
QSO: 28019 CW 2024-02-17 1926 TE5T 599 1000 VO1KGZ 599 NF
QSO: 28019 CW 2024-02-17 1945 TE5T 599 1000 VY2TT 599 PE
QSO: 21043 CW 2024-02-17 2020 TE5T 599 1000 VE9ML 599 NB
QSO: 21043 CW 2024-02-17 2023 TE5T 599 1000 VE1ZAC 599 NS
QSO: 28019 CW 2024-02-17 2130 TE5T 599 1000 VE9HF 599 NB
QSO: 14065 CW 2024-02-17 2332 TE5T 599 1000 VE9ML 599 NB
QSO: 14046 CW 2024-02-18 0005 TE5T 599 1000 VO1HP 599 NF
QSO: 21043 CW 2024-02-18 0011 TE5T 599 1000 VA1MM 599 NS
QSO: 14046 CW 2024-02-18 0035 TE5T 599 1000 VO1KGZ 599 NF
QSO: 3539 CW 2024-02-18 0312 TE5T 599 1000 VE9ML 599 NB
QSO: 3539 CW 2024-02-18 0334 TE5T 599 1000 VO1CH 599 NF
QSO: 7070 CW 2024-02-18 0351 TE5T 599 1000 VY1AAA 599 YT
QSO: 3547 CW 2024-02-18 0611 TE5T 599 1000 VA1RST 599 NS
QSO: 3549 CW 2024-02-18 1028 TE5T 599 1000 VY1AAA 599 YT
QSO: 14055 CW 2024-02-18 1246 TE5T 599 1000 VA1CC 599 NS
QSO: 28084 CW 2024-02-18 1445 TE5T 599 1000 VY2OX 599 PE
QSO: 21001 CW 2024-02-18 1605 TE5T 599 1000 VE9AA 599 NB
QSO: 14060 CW 2024-02-18 1739 TE5T 599 1000 VA1MM 599 NS
QSO: 28049 CW 2024-02-18 1835 TE5T 599 1000 VO1HP 599 NF
QSO: 28049 CW 2024-02-18 1853 TE5T 599 1000 VA1RST 599 NS
QSO: 28049 CW 2024-02-18 1924 TE5T 599 1000 VE9KK 599 NB
QSO: 21045 CW 2024-02-18 2048 TE5T 599 1000 VA1RST 599 NS
QSO: 21045 CW 2024-02-18 2055 TE5T 599 1000 VA1RST 599 NS
QSO: 28049 CW 2024-02-18 2059 TE5T 599 1000 VE9AA 599 NB
QSO: 21045 CW 2024-02-18 2124 TE5T 599 1000 VE9WH 599 NB
QSO: 14053 CW 2024-02-18 2247 TE5T 599 1000 VY1AAA 599 YT
END-OF-LOG: